#
# There is insufficient memory for the Java Runtime Environment to continue.
# Native memory allocation (malloc) failed to allocate 557856 bytes for Chunk::new
# Possible reasons:
#   The system is out of physical RAM or swap space
#   In 32 bit mode, the process size limit was hit
# Possible solutions:
#   Reduce memory load on the system
#   Increase physical memory or swap space
#   Check if swap backing store is full
#   Use 64 bit Java on a 64 bit OS
#   Decrease Java heap size (-Xmx/-Xms)
#   Decrease number of Java threads
#   Decrease Java thread stack sizes (-Xss)
#   Set larger code cache with -XX:ReservedCodeCacheSize=
# This output file may be truncated or incomplete.
#
#  Out of Memory Error (allocation.cpp:390), pid=3268, tid=3504
#
# JRE version: Java(TM) SE Runtime Environment (8.0_73-b02) (build 1.8.0_73-b02)
# Java VM: Java HotSpot(TM) 64-Bit Server VM (25.73-b02 mixed mode windows-amd64 compressed oops)
# Failed to write core dump. Minidumps are not enabled by default on client versions of Windows
#

---------------  T H R E A D  ---------------

Current thread (0x0000000017706000):  JavaThread "C2 CompilerThread0" daemon [_thread_in_native, id=3504, stack(0x0000000017ce0000,0x0000000017de0000)]

Stack: [0x0000000017ce0000,0x0000000017de0000]
[error occurred during error reporting (printing stack bounds), id 0xc0000005]

Native frames: (J=compiled Java code, j=interpreted, Vv=VM code, C=native code)


Current CompileTask:
C2:    616 1139       4       com.android.dx.ssa.back.LivenessAnalyzer::run (231 bytes)


---------------  P R O C E S S  ---------------

Java Threads: ( => current thread )
  0x0000000017917000 JavaThread "pool-2-thread-4" [_thread_blocked, id=4272, stack(0x00000000186e0000,0x00000000187e0000)]
  0x0000000017913000 JavaThread "pool-2-thread-3" [_thread_blocked, id=5964, stack(0x00000000185e0000,0x00000000186e0000)]
  0x0000000017903800 JavaThread "pool-2-thread-2" [_thread_blocked, id=1096, stack(0x00000000184e0000,0x00000000185e0000)]
  0x00000000178f2000 JavaThread "pool-3-thread-1" [_thread_blocked, id=2204, stack(0x00000000183e0000,0x00000000184e0000)]
  0x00000000178f1800 JavaThread "pool-2-thread-1" [_thread_blocked, id=3704, stack(0x00000000182e0000,0x00000000183e0000)]
  0x0000000017756800 JavaThread "Service Thread" daemon [_thread_blocked, id=6004, stack(0x00000000180e0000,0x00000000181e0000)]
  0x0000000017719000 JavaThread "C1 CompilerThread3" daemon [_thread_blocked, id=6016, stack(0x0000000017fe0000,0x00000000180e0000)]
  0x0000000017713000 JavaThread "C2 CompilerThread2" daemon [_thread_blocked, id=5476, stack(0x0000000017ee0000,0x0000000017fe0000)]
  0x000000001770a800 JavaThread "C2 CompilerThread1" daemon [_thread_blocked, id=4672, stack(0x0000000017de0000,0x0000000017ee0000)]
=>0x0000000017706000 JavaThread "C2 CompilerThread0" daemon [_thread_in_native, id=3504, stack(0x0000000017ce0000,0x0000000017de0000)]
  0x0000000017704800 JavaThread "Attach Listener" daemon [_thread_blocked, id=4768, stack(0x0000000017be0000,0x0000000017ce0000)]
  0x0000000017703800 JavaThread "Signal Dispatcher" daemon [_thread_blocked, id=916, stack(0x0000000017ae0000,0x0000000017be0000)]
  0x0000000002ad9800 JavaThread "Finalizer" daemon [_thread_blocked, id=4340, stack(0x00000000174e0000,0x00000000175e0000)]
  0x00000000155fd800 JavaThread "Reference Handler" daemon [_thread_blocked, id=5020, stack(0x00000000173e0000,0x00000000174e0000)]
  0x00000000029e0800 JavaThread "main" [_thread_blocked, id=6092, stack(0x00000000027e0000,0x00000000028e0000)]

Other Threads:
  0x00000000155f8800 VMThread [stack: 0x00000000172e0000,0x00000000173e0000] [id=5248]
  0x000000001775b800 WatcherThread [stack: 0x00000000181e0000,0x00000000182e0000] [id=5404]

VM state:at safepoint (normal execution)

VM Mutex/Monitor currently owned by a thread:  ([mutex/lock_event])
[0x00000000029db800] OopMapCacheAlloc_lock - owner thread: 0x00000000029f8000
[0x00000000029dc550] Threads_lock - owner thread: 0x00000000155f8800
[0x00000000029dbf50] Heap_lock - owner thread: 0x0000000017913000

Heap:
 PSYoungGen      total 38400K, used 33280K [0x00000000eab00000, 0x00000000ed580000, 0x0000000100000000)
  eden space 33280K, 100% used [0x00000000eab00000,0x00000000ecb80000,0x00000000ecb80000)
  from space 5120K, 0% used [0x00000000ed080000,0x00000000ed080000,0x00000000ed580000)
  to   space 5120K, 6% used [0x00000000ecb80000,0x00000000ecbd8000,0x00000000ed080000)
 ParOldGen       total 87552K, used 0K [0x00000000c0000000, 0x00000000c5580000, 0x00000000eab00000)
  object space 87552K, 0% used [0x00000000c0000000,0x00000000c0000000,0x00000000c5580000)
 Metaspace       used 5979K, capacity 6962K, committed 7040K, reserved 1056768K
  class space    used 603K, capacity 618K, committed 640K, reserved 1048576K

Card table byte_map: [0x0000000011ea0000,0x00000000120b0000] byte_map_base: 0x00000000118a0000

Marking Bits: (ParMarkBitMap*) 0x0000000051a90600
 Begin Bits: [0x0000000012a10000, 0x0000000013a10000)
 End Bits:   [0x0000000013a10000, 0x0000000014a10000)

Polling page: 0x0000000000f20000

CodeCache: size=245760Kb used=4554Kb max_used=4587Kb free=241205Kb
 bounds [0x0000000002ae0000, 0x0000000002f60000, 0x0000000011ae0000]
 total_blobs=1416 nmethods=1146 adapters=182
 compilation: disabled (not enough contiguous free space left)

Compilation events (10 events):
Event: 0.596 Thread 0x0000000017719000 1156       3       com.android.dx.ssa.SCCP::<init> (142 bytes)
Event: 0.596 Thread 0x0000000017719000 nmethod 1156 0x0000000002f5b6d0 code [0x0000000002f5b940, 0x0000000002f5ca68]
Event: 0.596 Thread 0x0000000017719000 1153       3       com.android.dx.ssa.LocalVariableExtractor::doit (59 bytes)
Event: 0.597 Thread 0x0000000017719000 nmethod 1153 0x0000000002f5d350 code [0x0000000002f5d500, 0x0000000002f5da48]
Event: 0.597 Thread 0x0000000017719000 1154       3       com.android.dx.ssa.DomFront::buildDomTree (72 bytes)
Event: 0.598 Thread 0x0000000017719000 nmethod 1154 0x0000000002f5dc50 code [0x0000000002f5dec0, 0x0000000002f5ed48]
Event: 0.598 Thread 0x0000000017719000 1165       3       com.android.dx.rop.type.Prototype::getParameterFrameTypes (96 bytes)
Event: 0.600 Thread 0x0000000017713000 

Event: 0.600 Thread 0x0000000017719000 

Event: 0.605 Thread 0x000000001770a800 


GC Heap History (1 events):
Event: 0.615 GC heap before
{Heap before GC invocations=1 (full 0):
 PSYoungGen      total 38400K, used 33280K [0x00000000eab00000, 0x00000000ed580000, 0x0000000100000000)
  eden space 33280K, 100% used [0x00000000eab00000,0x00000000ecb80000,0x00000000ecb80000)
  from space 5120K, 0% used [0x00000000ed080000,0x00000000ed080000,0x00000000ed580000)
  to   space 5120K, 0% used [0x00000000ecb80000,0x00000000ecb80000,0x00000000ed080000)
 ParOldGen       total 87552K, used 0K [0x00000000c0000000, 0x00000000c5580000, 0x00000000eab00000)
  object space 87552K, 0% used [0x00000000c0000000,0x00000000c0000000,0x00000000c5580000)
 Metaspace       used 5979K, capacity 6962K, committed 7040K, reserved 1056768K
  class space    used 603K, capacity 618K, committed 640K, reserved 1048576K

Deoptimization events (7 events):
Event: 0.255 Thread 0x0000000017913000 Uncommon trap: reason=unstable_if action=reinterpret pc=0x0000000002cc79d8 method=java.util.HashMap.getNode(ILjava/lang/Object;)Ljava/util/HashMap$Node; @ 129
Event: 0.325 Thread 0x0000000017903800 Uncommon trap: reason=unstable_if action=reinterpret pc=0x0000000002cd3670 method=java.util.BitSet.nextSetBit(I)I @ 87
Event: 0.370 Thread 0x0000000017917000 Uncommon trap: reason=unstable_if action=reinterpret pc=0x0000000002d6809c method=com.android.dx.rop.cst.Constant.compareTo(Lcom/android/dx/rop/cst/Constant;)I @ 12
Event: 0.499 Thread 0x00000000178f1800 Uncommon trap: reason=null_check action=make_not_entrant pc=0x0000000002d68fe0 method=com.android.dx.rop.type.Type.equals(Ljava/lang/Object;)Z @ 8
Event: 0.547 Thread 0x0000000017917000 Uncommon trap: reason=bimorphic action=maybe_recompile pc=0x0000000002ceb1c0 method=java.util.HashMap.getNode(ILjava/lang/Object;)Ljava/util/HashMap$Node; @ 126
Event: 0.547 Thread 0x0000000017917000 Uncommon trap: reason=class_check action=maybe_recompile pc=0x0000000002e5ed48 method=java.util.HashMap.putVal(ILjava/lang/Object;Ljava/lang/Object;ZZ)Ljava/lang/Object; @ 203
Event: 0.601 Thread 0x00000000178f1800 Uncommon trap: reason=unstable_if action=reinterpret pc=0x0000000002d40a90 method=com.android.dx.rop.code.RegisterSpec.equals(ILcom/android/dx/rop/type/TypeBearer;Lcom/android/dx/rop/code/LocalItem;)Z @ 42

Internal exceptions (3 events):
Event: 0.028 Thread 0x00000000029e0800 Exception <a 'java/lang/NoSuchMethodError': Method sun.misc.Unsafe.defineClass(Ljava/lang/String;[BII)Ljava/lang/Class; name or signature does not match> (0x00000000eab0d188) thrown at [D:\re\puppet\workspace\8-2-build-windows-amd64-cygwin\jdk8u73\6086\hotâ¨cù?
Event: 0.028 Thread 0x00000000029e0800 Exception <a 'java/lang/NoSuchMethodError': Method sun.misc.Unsafe.prefetchRead(Ljava/lang/Object;J)V name or signature does not match> (0x00000000eab0d470) thrown at [D:\re\puppet\workspace\8-2-build-windows-amd64-cygwin\jdk8u73\6086\hotspot\src\share\vm\ôëÂáıﬂ?
Event: 0.499 Thread 0x00000000178f1800 Implicit null exception at 0x0000000002d68ee2 to 0x0000000002d68fd2

Events (10 events):
Event: 0.547 Thread 0x0000000017917000 Uncommon trap: trap_request=0xffffffc6 fr.pc=0x0000000002ceb1c0
Event: 0.547 Thread 0x0000000017917000 DEOPT PACKING pc=0x0000000002ceb1c0 sp=0x00000000187de940
Event: 0.547 Thread 0x0000000017917000 DEOPT UNPACKING pc=0x0000000002b2582a sp=0x00000000187de878 mode 2
Event: 0.547 Thread 0x0000000017917000 Uncommon trap: trap_request=0xffffffde fr.pc=0x0000000002e5ed48
Event: 0.547 Thread 0x0000000017917000 DEOPT PACKING pc=0x0000000002e5ed48 sp=0x00000000187de920
Event: 0.547 Thread 0x0000000017917000 DEOPT UNPACKING pc=0x0000000002b2582a sp=0x00000000187de858 mode 2
Event: 0.601 Thread 0x00000000178f1800 Uncommon trap: trap_request=0xffffff65 fr.pc=0x0000000002d40a90
Event: 0.601 Thread 0x00000000178f1800 DEOPT PACKING pc=0x0000000002d40a90 sp=0x00000000183de8d0
Event: 0.601 Thread 0x00000000178f1800 DEOPT UNPACKING pc=0x0000000002b2582a sp=0x00000000183de858 mode 2
Event: 0.612 Executing VM operation: ParallelGCFailedAllocation


Dynamic libraries:
0x00007ff7fce20000 - 0x00007ff7fce57000 	C:\Program Files\Java\jdk1.8.0_73\bin\java.exe
0x00007ff904170000 - 0x00007ff904319000 	C:\Windows\SYSTEM32\ntdll.dll
0x00007ff901a00000 - 0x00007ff901b3a000 	C:\Windows\system32\KERNEL32.DLL
0x00007ff901850000 - 0x00007ff90195f000 	C:\Windows\system32\KERNELBASE.dll
0x00007ff903cd0000 - 0x00007ff903d75000 	C:\Windows\system32\ADVAPI32.dll
0x00007ff903300000 - 0x00007ff903471000 	C:\Windows\system32\USER32.dll
0x00007ff8fef70000 - 0x00007ff8ff1ca000 	C:\Windows\WinSxS\amd64_microsoft.windows.common-controls_6595b64144ccf1df_6.0.9600.16384_none_62475f7becb72503\COMCTL32.dll
0x00007ff903240000 - 0x00007ff9032e7000 	C:\Windows\system32\msvcrt.dll
0x00007ff903a90000 - 0x00007ff903ae7000 	C:\Windows\SYSTEM32\sechost.dll
0x00007ff903100000 - 0x00007ff903236000 	C:\Windows\system32\RPCRT4.dll
0x00007ff9035c0000 - 0x00007ff903705000 	C:\Windows\system32\GDI32.dll
0x00007ff904130000 - 0x00007ff904164000 	C:\Windows\system32\IMM32.DLL
0x00007ff903480000 - 0x00007ff9035b9000 	C:\Windows\system32\MSCTF.dll
0x0000000050d20000 - 0x0000000050df2000 	C:\Program Files\Java\jdk1.8.0_73\jre\bin\msvcr100.dll
0x0000000051280000 - 0x0000000051b10000 	C:\Program Files\Java\jdk1.8.0_73\jre\bin\server\jvm.dll
0x00007ff8eedc0000 - 0x00007ff8eedc9000 	C:\Windows\SYSTEM32\WSOCK32.dll
0x00007ff8fd900000 - 0x00007ff8fd91f000 	C:\Windows\SYSTEM32\WINMM.dll
0x00007ff8ffe00000 - 0x00007ff8ffe0a000 	C:\Windows\SYSTEM32\VERSION.dll
0x00007ff9038e0000 - 0x00007ff9038e7000 	C:\Windows\system32\PSAPI.DLL
0x00007ff903710000 - 0x00007ff903768000 	C:\Windows\system32\WS2_32.dll
0x00007ff8fd8c0000 - 0x00007ff8fd8ea000 	C:\Windows\SYSTEM32\WINMMBASE.dll
0x00007ff904020000 - 0x00007ff904029000 	C:\Windows\system32\NSI.dll
0x00007ff901960000 - 0x00007ff9019aa000 	C:\Windows\SYSTEM32\cfgmgr32.dll
0x00007ff900370000 - 0x00007ff900396000 	C:\Windows\SYSTEM32\DEVOBJ.dll
0x0000000051190000 - 0x000000005119f000 	C:\Program Files\Java\jdk1.8.0_73\jre\bin\verify.dll
0x0000000051160000 - 0x0000000051189000 	C:\Program Files\Java\jdk1.8.0_73\jre\bin\java.dll
0x0000000051140000 - 0x0000000051156000 	C:\Program Files\Java\jdk1.8.0_73\jre\bin\zip.dll
0x00007ff901cf0000 - 0x00007ff9030fe000 	C:\Windows\system32\SHELL32.dll
0x00007ff903af0000 - 0x00007ff903cc7000 	C:\Windows\SYSTEM32\combase.dll
0x00007ff903de0000 - 0x00007ff903e31000 	C:\Windows\system32\SHLWAPI.dll
0x00007ff900050000 - 0x00007ff9000f1000 	C:\Windows\SYSTEM32\SHCORE.dll
0x00007ff9014f0000 - 0x00007ff901504000 	C:\Windows\SYSTEM32\profapi.dll

VM Arguments:
jvm_args: -Djava.awt.headless=true -Xmx1024M -Dfile.encoding=windows-1252 -Duser.country=ES -Duser.language=es -Duser.variant 
java_command: com.android.dx.command.Main --dex --force-jumbo --num-threads=4 --multi-dex --output C:\Users\ANDROID\AndroidStudioProjects\ListView04\app\build\intermediates\transforms\dex\debug\folders\1000\10\com.android.support-support-vector-drawable-24.1.1_f6f3a25bf468dc685f1ad3c720e4dec93aaef90e C:\Users\ANDROID\AndroidStudioProjects\ListView04\app\build\intermediates\exploded-aar\com.android.support\support-vector-drawable\24.1.1\jars\classes.jar
java_class_path (initial): C:\Users\ANDROID\AppData\Local\Android\sdk\build-tools\24.0.1\lib\dx.jar
Launcher Type: SUN_STANDARD

Environment Variables:
PATH=C:\ProgramData\Oracle\Java\javapath;C:\Windows\system32;C:\Windows;C:\Windows\System32\Wbem;C:\Windows\System32\WindowsPowerShell\v1.0\
USERNAME=ANDROID
OS=Windows_NT
PROCESSOR_IDENTIFIER=Intel64 Family 6 Model 58 Stepping 9, GenuineIntel



---------------  S Y S T E M  ---------------

OS: Windows 8.1 , 64 bit Build 9600 (6.3.9600.16384)

CPU:total 8 (4 cores per cpu, 2 threads per core) family 6 model 58 stepping 9, cmov, cx8, fxsr, mmx, sse, sse2, sse3, ssse3, sse4.1, sse4.2, popcnt, avx, aes, clmul, erms, ht, tsc, tscinvbit, tscinv

Memory: 4k page, physical 8341960k(1350920k free), swap 8341960k(5120k free)

vm_info: Java HotSpot(TM) 64-Bit Server VM (25.73-b02) for windows-amd64 JRE (1.8.0_73-b02), built on Jan 29 2016 17:38:49 by "java_re" with MS VC++ 10.0 (VS2010)

time: Sat Aug 27 17:30:50 2016
elapsed time: 0 seconds (0d 0h 0m 0s)

