#
# There is insufficient memory for the Java Runtime Environment to continue.
# Native memory allocation (malloc) failed to allocate 131088 bytes for Chunk::new
# Possible reasons:
#   The system is out of physical RAM or swap space
#   In 32 bit mode, the process size limit was hit
# Possible solutions:
#   Reduce memory load on the system
#   Increase physical memory or swap space
#   Check if swap backing store is full
#   Use 64 bit Java on a 64 bit OS
#   Decrease Java heap size (-Xmx/-Xms)
#   Decrease number of Java threads
#   Decrease Java thread stack sizes (-Xss)
#   Set larger code cache with -XX:ReservedCodeCacheSize=
# This output file may be truncated or incomplete.
#
#  Out of Memory Error (allocation.cpp:390), pid=5928, tid=3220
#
# JRE version: Java(TM) SE Runtime Environment (8.0_73-b02) (build 1.8.0_73-b02)
# Java VM: Java HotSpot(TM) 64-Bit Server VM (25.73-b02 mixed mode windows-amd64 compressed oops)
# Failed to write core dump. Minidumps are not enabled by default on client versions of Windows
#

---------------  T H R E A D  ---------------

Current thread (0x0000000016b2b000):  JavaThread "C2 CompilerThread1" daemon [_thread_in_native, id=3220, stack(0x0000000017200000,0x0000000017300000)]

Stack: [0x0000000017200000,0x0000000017300000]
[error occurred during error reporting (printing stack bounds), id 0xc0000005]

Native frames: (J=compiled Java code, j=interpreted, Vv=VM code, C=native code)


Current CompileTask:
C2:   2328 1253   !   4       com.android.dx.cf.code.BytecodeArray::parseInstruction (2764 bytes)


---------------  P R O C E S S  ---------------

Java Threads: ( => current thread )
  0x0000000016ccc800 JavaThread "pool-1-thread-1" [_thread_new, id=3136, stack(0x0000000000000000,0x0000000000000000)]
  0x0000000016b39800 JavaThread "Service Thread" daemon [_thread_blocked, id=1100, stack(0x0000000017500000,0x0000000017600000)]
  0x0000000016b34000 JavaThread "C1 CompilerThread3" daemon [_thread_blocked, id=5756, stack(0x0000000017400000,0x0000000017500000)]
  0x0000000016b2e000 JavaThread "C2 CompilerThread2" daemon [_thread_blocked, id=780, stack(0x0000000017300000,0x0000000017400000)]
=>0x0000000016b2b000 JavaThread "C2 CompilerThread1" daemon [_thread_in_native, id=3220, stack(0x0000000017200000,0x0000000017300000)]
  0x0000000016b26800 JavaThread "C2 CompilerThread0" daemon [_thread_in_native, id=3284, stack(0x0000000017100000,0x0000000017200000)]
  0x0000000016b24000 JavaThread "Attach Listener" daemon [_thread_blocked, id=5248, stack(0x0000000017000000,0x0000000017100000)]
  0x0000000016b23800 JavaThread "Signal Dispatcher" daemon [_thread_blocked, id=2000, stack(0x0000000016f00000,0x0000000017000000)]
  0x0000000001ea9000 JavaThread "Finalizer" daemon [_thread_blocked, id=5232, stack(0x00000000168f0000,0x00000000169f0000)]
  0x0000000001ea2000 JavaThread "Reference Handler" daemon [_thread_blocked, id=3480, stack(0x00000000167f0000,0x00000000168f0000)]
  0x0000000001db0800 JavaThread "main" [_thread_blocked, id=4824, stack(0x0000000001cb0000,0x0000000001db0000)]

Other Threads:
  0x00000000149c9800 VMThread [stack: 0x00000000166f0000,0x00000000167f0000] [id=4928]
  0x0000000016bdb800 WatcherThread [stack: 0x0000000017600000,0x0000000017700000] [id=4608]

VM state:not at safepoint (normal execution)

VM Mutex/Monitor currently owned by a thread: None

Heap:
 PSYoungGen      total 38400K, used 11795K [0x00000000eab00000, 0x00000000ed580000, 0x0000000100000000)
  eden space 33280K, 20% used [0x00000000eab00000,0x00000000eb18bd50,0x00000000ecb80000)
  from space 5120K, 99% used [0x00000000ecb80000,0x00000000ed079190,0x00000000ed080000)
  to   space 5120K, 0% used [0x00000000ed080000,0x00000000ed080000,0x00000000ed580000)
 ParOldGen       total 87552K, used 1337K [0x00000000c0000000, 0x00000000c5580000, 0x00000000eab00000)
  object space 87552K, 1% used [0x00000000c0000000,0x00000000c014e5e8,0x00000000c5580000)
 Metaspace       used 6029K, capacity 6962K, committed 7040K, reserved 1056768K
  class space    used 604K, capacity 618K, committed 640K, reserved 1048576K

Card table byte_map: [0x0000000011270000,0x0000000011480000] byte_map_base: 0x0000000010c70000

Marking Bits: (ParMarkBitMap*) 0x0000000051a90600
 Begin Bits: [0x0000000011de0000, 0x0000000012de0000)
 End Bits:   [0x0000000012de0000, 0x0000000013de0000)

Polling page: 0x0000000001c50000

CodeCache: size=245760Kb used=5237Kb max_used=5248Kb free=240522Kb
 bounds [0x0000000001eb0000, 0x00000000023e0000, 0x0000000010eb0000]
 total_blobs=1556 nmethods=1287 adapters=182
 compilation: enabled

Compilation events (10 events):
Event: 2.162 Thread 0x0000000016b2e000 1249       4       com.android.dx.ssa.SsaMethod::deleteInsns (239 bytes)
Event: 2.180 Thread 0x0000000016b2e000 nmethod 1249 0x00000000023cd190 code [0x00000000023cd340, 0x00000000023cde58]
Event: 2.180 Thread 0x0000000016b2e000 1248   !   4       com.android.dx.rop.code.BasicBlock::<init> (273 bytes)
Event: 2.187 Thread 0x0000000016b2e000 nmethod 1248 0x00000000023c4910 code [0x00000000023c4a80, 0x00000000023c5098]
Event: 2.187 Thread 0x0000000016b2e000 1286       4       com.android.dx.rop.code.RegisterSpecSet::localItemToSpec (49 bytes)
Event: 2.191 Thread 0x0000000016b2e000 nmethod 1286 0x00000000023c3f10 code [0x00000000023c4060, 0x00000000023c4458]
Event: 2.191 Thread 0x0000000016b2e000 1246       4       com.android.dx.util.LabeledList::set (45 bytes)
Event: 2.200 Thread 0x0000000016b2e000 nmethod 1246 0x00000000023ca4d0 code [0x00000000023ca660, 0x00000000023cad08]
Event: 2.200 Thread 0x0000000016b2e000 1240       4       com.android.dx.ssa.SsaRenamer$BlockRenamer$RenamingMapper::map (28 bytes)
Event: 2.202 Thread 0x0000000016b2e000 nmethod 1240 0x00000000023cb890 code [0x00000000023cb9e0, 0x00000000023cbae8]

GC Heap History (2 events):
Event: 1.978 GC heap before
{Heap before GC invocations=1 (full 0):
 PSYoungGen      total 38400K, used 33280K [0x00000000eab00000, 0x00000000ed580000, 0x0000000100000000)
  eden space 33280K, 100% used [0x00000000eab00000,0x00000000ecb80000,0x00000000ecb80000)
  from space 5120K, 0% used [0x00000000ed080000,0x00000000ed080000,0x00000000ed580000)
  to   space 5120K, 0% used [0x00000000ecb80000,0x00000000ecb80000,0x00000000ed080000)
 ParOldGen       total 87552K, used 0K [0x00000000c0000000, 0x00000000c5580000, 0x00000000eab00000)
  object space 87552K, 0% used [0x00000000c0000000,0x00000000c0000000,0x00000000c5580000)
 Metaspace       used 5986K, capacity 6962K, committed 7040K, reserved 1056768K
  class space    used 604K, capacity 618K, committed 640K, reserved 1048576K
Event: 2.023 GC heap after
Heap after GC invocations=1 (full 0):
 PSYoungGen      total 38400K, used 5092K [0x00000000eab00000, 0x00000000ed580000, 0x0000000100000000)
  eden space 33280K, 0% used [0x00000000eab00000,0x00000000eab00000,0x00000000ecb80000)
  from space 5120K, 99% used [0x00000000ecb80000,0x00000000ed079190,0x00000000ed080000)
  to   space 5120K, 0% used [0x00000000ed080000,0x00000000ed080000,0x00000000ed580000)
 ParOldGen       total 87552K, used 1337K [0x00000000c0000000, 0x00000000c5580000, 0x00000000eab00000)
  object space 87552K, 1% used [0x00000000c0000000,0x00000000c014e5e8,0x00000000c5580000)
 Metaspace       used 5986K, capacity 6962K, committed 7040K, reserved 1056768K
  class space    used 604K, capacity 618K, committed 640K, reserved 1048576K
}

Deoptimization events (10 events):
Event: 1.641 Thread 0x0000000016e61800 Uncommon trap: reason=bimorphic action=maybe_recompile pc=0x00000000020d7b80 method=java.util.HashMap.getNode(ILjava/lang/Object;)Ljava/util/HashMap$Node; @ 126
Event: 1.641 Thread 0x0000000016e61800 Uncommon trap: reason=class_check action=maybe_recompile pc=0x00000000022646bc method=java.util.HashMap.putVal(ILjava/lang/Object;Ljava/lang/Object;ZZ)Ljava/lang/Object; @ 203
Event: 1.644 Thread 0x0000000016ccb800 Uncommon trap: reason=bimorphic action=maybe_recompile pc=0x00000000020d7b80 method=java.util.HashMap.getNode(ILjava/lang/Object;)Ljava/util/HashMap$Node; @ 126
Event: 1.644 Thread 0x0000000016ccb800 Uncommon trap: reason=class_check action=maybe_recompile pc=0x00000000022646bc method=java.util.HashMap.putVal(ILjava/lang/Object;Ljava/lang/Object;ZZ)Ljava/lang/Object; @ 203
Event: 1.797 Thread 0x0000000016def000 Uncommon trap: reason=unstable_if action=reinterpret pc=0x00000000021265d0 method=com.android.dx.rop.code.RegisterSpec.equals(ILcom/android/dx/rop/type/TypeBearer;Lcom/android/dx/rop/code/LocalItem;)Z @ 42
Event: 2.031 Thread 0x0000000016def000 Uncommon trap: reason=class_check action=maybe_recompile pc=0x000000000233f414 method=com.android.dx.cf.code.BytecodeArray.parseInstruction(ILcom/android/dx/cf/code/BytecodeArray$Visitor;)I @ 2399
Event: 2.032 Thread 0x0000000016def000 Uncommon trap: reason=bimorphic action=maybe_recompile pc=0x000000000233f684 method=com.android.dx.cf.code.BytecodeArray.parseInstruction(ILcom/android/dx/cf/code/BytecodeArray$Visitor;)I @ 1035
Event: 2.032 Thread 0x0000000016def000 Uncommon trap: reason=bimorphic action=maybe_recompile pc=0x000000000233f604 method=com.android.dx.cf.code.BytecodeArray.parseInstruction(ILcom/android/dx/cf/code/BytecodeArray$Visitor;)I @ 1051
Event: 2.032 Thread 0x0000000016def000 Uncommon trap: reason=bimorphic action=maybe_recompile pc=0x000000000233f604 method=com.android.dx.cf.code.BytecodeArray.parseInstruction(ILcom/android/dx/cf/code/BytecodeArray$Visitor;)I @ 1051
Event: 2.032 Thread 0x0000000016def000 Uncommon trap: reason=bimorphic action=maybe_recompile pc=0x000000000233f684 method=com.android.dx.cf.code.BytecodeArray.parseInstruction(ILcom/android/dx/cf/code/BytecodeArray$Visitor;)I @ 1035

Internal exceptions (3 events):
Event: 0.393 Thread 0x0000000001db0800 Exception <a 'java/lang/NoSuchMethodError': Method sun.misc.Unsafe.defineClass(Ljava/lang/String;[BII)Ljava/lang/Class; name or signature does not match> (0x00000000eab0d4a8) thrown at [D:\re\puppet\workspace\8-2-build-windows-amd64-cygwin\jdk8u73\6086\hotpÇ[#˜-Ù?
Event: 0.393 Thread 0x0000000001db0800 Exception <a 'java/lang/NoSuchMethodError': Method sun.misc.Unsafe.prefetchRead(Ljava/lang/Object;J)V name or signature does not match> (0x00000000eab0d790) thrown at [D:\re\puppet\workspace\8-2-build-windows-amd64-cygwin\jdk8u73\6086\hotspot\src\share\vm\Öq>ú?
Event: 1.640 Thread 0x0000000016def000 Implicit null exception at 0x000000000212ece2 to 0x000000000212edd2

Events (10 events):
Event: 2.037 Thread 0x0000000016ce9800 DEOPT UNPACKING pc=0x0000000001ef787f sp=0x00000000179fe248 mode 0
Event: 2.039 Thread 0x0000000016ccb800 Thread exited: 0x0000000016ccb800
Event: 2.046 Thread 0x0000000016def000 Thread exited: 0x0000000016def000
Event: 2.108 Thread 0x0000000016ce9800 DEOPT PACKING pc=0x00000000021d7f25 sp=0x00000000179fe440
Event: 2.108 Thread 0x0000000016ce9800 DEOPT UNPACKING pc=0x0000000001ef787f sp=0x00000000179fe220 mode 0
Event: 2.130 Thread 0x0000000016ce9800 Thread exited: 0x0000000016ce9800
Event: 2.131 Thread 0x0000000016ccc800 Thread exited: 0x0000000016ccc800
Event: 2.131 loading class com/android/dx/command/dexer/Main$DexWriter
Event: 2.131 loading class com/android/dx/command/dexer/Main$DexWriter done
Event: 2.132 Thread 0x0000000016ccc800 Thread added: 0x0000000016ccc800


Dynamic libraries:
0x00007ff7fce20000 - 0x00007ff7fce57000 	C:\Program Files\Java\jdk1.8.0_73\bin\java.exe
0x00007ff904170000 - 0x00007ff904319000 	C:\Windows\SYSTEM32\ntdll.dll
0x00007ff901a00000 - 0x00007ff901b3a000 	C:\Windows\system32\KERNEL32.DLL
0x00007ff901850000 - 0x00007ff90195f000 	C:\Windows\system32\KERNELBASE.dll
0x00007ff903cd0000 - 0x00007ff903d75000 	C:\Windows\system32\ADVAPI32.dll
0x00007ff903300000 - 0x00007ff903471000 	C:\Windows\system32\USER32.dll
0x00007ff8fef70000 - 0x00007ff8ff1ca000 	C:\Windows\WinSxS\amd64_microsoft.windows.common-controls_6595b64144ccf1df_6.0.9600.16384_none_62475f7becb72503\COMCTL32.dll
0x00007ff903240000 - 0x00007ff9032e7000 	C:\Windows\system32\msvcrt.dll
0x00007ff903a90000 - 0x00007ff903ae7000 	C:\Windows\SYSTEM32\sechost.dll
0x00007ff903100000 - 0x00007ff903236000 	C:\Windows\system32\RPCRT4.dll
0x00007ff9035c0000 - 0x00007ff903705000 	C:\Windows\system32\GDI32.dll
0x00007ff904130000 - 0x00007ff904164000 	C:\Windows\system32\IMM32.DLL
0x00007ff903480000 - 0x00007ff9035b9000 	C:\Windows\system32\MSCTF.dll
0x0000000050d20000 - 0x0000000050df2000 	C:\Program Files\Java\jdk1.8.0_73\jre\bin\msvcr100.dll
0x0000000051280000 - 0x0000000051b10000 	C:\Program Files\Java\jdk1.8.0_73\jre\bin\server\jvm.dll
0x00007ff8eedc0000 - 0x00007ff8eedc9000 	C:\Windows\SYSTEM32\WSOCK32.dll
0x00007ff8fd900000 - 0x00007ff8fd91f000 	C:\Windows\SYSTEM32\WINMM.dll
0x00007ff8ffe00000 - 0x00007ff8ffe0a000 	C:\Windows\SYSTEM32\VERSION.dll
0x00007ff9038e0000 - 0x00007ff9038e7000 	C:\Windows\system32\PSAPI.DLL
0x00007ff903710000 - 0x00007ff903768000 	C:\Windows\system32\WS2_32.dll
0x00007ff8fd8c0000 - 0x00007ff8fd8ea000 	C:\Windows\SYSTEM32\WINMMBASE.dll
0x00007ff904020000 - 0x00007ff904029000 	C:\Windows\system32\NSI.dll
0x00007ff901960000 - 0x00007ff9019aa000 	C:\Windows\SYSTEM32\cfgmgr32.dll
0x00007ff900370000 - 0x00007ff900396000 	C:\Windows\SYSTEM32\DEVOBJ.dll
0x0000000051190000 - 0x000000005119f000 	C:\Program Files\Java\jdk1.8.0_73\jre\bin\verify.dll
0x0000000051160000 - 0x0000000051189000 	C:\Program Files\Java\jdk1.8.0_73\jre\bin\java.dll
0x0000000051140000 - 0x0000000051156000 	C:\Program Files\Java\jdk1.8.0_73\jre\bin\zip.dll
0x00007ff901cf0000 - 0x00007ff9030fe000 	C:\Windows\system32\SHELL32.dll
0x00007ff903af0000 - 0x00007ff903cc7000 	C:\Windows\SYSTEM32\combase.dll
0x00007ff903de0000 - 0x00007ff903e31000 	C:\Windows\system32\SHLWAPI.dll
0x00007ff900050000 - 0x00007ff9000f1000 	C:\Windows\SYSTEM32\SHCORE.dll
0x00007ff9014f0000 - 0x00007ff901504000 	C:\Windows\SYSTEM32\profapi.dll

VM Arguments:
jvm_args: -Djava.awt.headless=true -Xmx1024M -Dfile.encoding=windows-1252 -Duser.country=ES -Duser.language=es -Duser.variant 
java_command: com.android.dx.command.Main --dex --force-jumbo --num-threads=4 --multi-dex --output C:\Users\ANDROID\AndroidStudioProjects\ListView04\app\build\intermediates\transforms\dex\debug\folders\1000\10\com.android.support-support-vector-drawable-24.1.1_f6f3a25bf468dc685f1ad3c720e4dec93aaef90e C:\Users\ANDROID\AndroidStudioProjects\ListView04\app\build\intermediates\exploded-aar\com.android.support\support-vector-drawable\24.1.1\jars\classes.jar
java_class_path (initial): C:\Users\ANDROID\AppData\Local\Android\sdk\build-tools\24.0.1\lib\dx.jar
Launcher Type: SUN_STANDARD

Environment Variables:
PATH=C:\ProgramData\Oracle\Java\javapath;C:\Windows\system32;C:\Windows;C:\Windows\System32\Wbem;C:\Windows\System32\WindowsPowerShell\v1.0\
USERNAME=ANDROID
OS=Windows_NT
PROCESSOR_IDENTIFIER=Intel64 Family 6 Model 58 Stepping 9, GenuineIntel



---------------  S Y S T E M  ---------------

OS: Windows 8.1 , 64 bit Build 9600 (6.3.9600.16384)

CPU:total 8 (4 cores per cpu, 2 threads per core) family 6 model 58 stepping 9, cmov, cx8, fxsr, mmx, sse, sse2, sse3, ssse3, sse4.1, sse4.2, popcnt, avx, aes, clmul, erms, ht, tsc, tscinvbit, tscinv

Memory: 4k page, physical 8341960k(1294364k free), swap 8341960k(6520k free)

vm_info: Java HotSpot(TM) 64-Bit Server VM (25.73-b02) for windows-amd64 JRE (1.8.0_73-b02), built on Jan 29 2016 17:38:49 by "java_re" with MS VC++ 10.0 (VS2010)

time: Sat Aug 27 17:33:31 2016
elapsed time: 2 seconds (0d 0h 0m 2s)

