#
# There is insufficient memory for the Java Runtime Environment to continue.
# Native memory allocation (malloc) failed to allocate 391312 bytes for Chunk::new
# Possible reasons:
#   The system is out of physical RAM or swap space
#   In 32 bit mode, the process size limit was hit
# Possible solutions:
#   Reduce memory load on the system
#   Increase physical memory or swap space
#   Check if swap backing store is full
#   Use 64 bit Java on a 64 bit OS
#   Decrease Java heap size (-Xmx/-Xms)
#   Decrease number of Java threads
#   Decrease Java thread stack sizes (-Xss)
#   Set larger code cache with -XX:ReservedCodeCacheSize=
# This output file may be truncated or incomplete.
#
#  Out of Memory Error (allocation.cpp:390), pid=5472, tid=2184
#
# JRE version: Java(TM) SE Runtime Environment (8.0_73-b02) (build 1.8.0_73-b02)
# Java VM: Java HotSpot(TM) 64-Bit Server VM (25.73-b02 mixed mode windows-amd64 compressed oops)
# Failed to write core dump. Minidumps are not enabled by default on client versions of Windows
#

---------------  T H R E A D  ---------------

Current thread (0x0000000016f06000):  JavaThread "C2 CompilerThread0" daemon [_thread_in_native, id=2184, stack(0x00000000174e0000,0x00000000175e0000)]

Stack: [0x00000000174e0000,0x00000000175e0000]
[error occurred during error reporting (printing stack bounds), id 0xc0000005]

Native frames: (J=compiled Java code, j=interpreted, Vv=VM code, C=native code)


Current CompileTask:
C2:    561  766       4       com.android.dx.ssa.back.LivenessAnalyzer::handleTailRecursion (94 bytes)


---------------  P R O C E S S  ---------------

Java Threads: ( => current thread )
  0x0000000017128000 JavaThread "pool-2-thread-4" [_thread_in_Java, id=5632, stack(0x0000000017ee0000,0x0000000017fe0000)]
  0x000000001711e000 JavaThread "pool-2-thread-3" [_thread_in_Java, id=6052, stack(0x0000000017de0000,0x0000000017ee0000)]
  0x0000000017105800 JavaThread "pool-2-thread-2" [_thread_in_Java, id=5436, stack(0x0000000017ce0000,0x0000000017de0000)]
  0x0000000017104800 JavaThread "pool-3-thread-1" [_thread_blocked, id=4268, stack(0x0000000017be0000,0x0000000017ce0000)]
  0x0000000017104000 JavaThread "pool-2-thread-1" [_thread_in_Java, id=4296, stack(0x0000000017ae0000,0x0000000017be0000)]
  0x0000000016fae800 JavaThread "Service Thread" daemon [_thread_blocked, id=5580, stack(0x00000000178e0000,0x00000000179e0000)]
  0x0000000016f14000 JavaThread "C1 CompilerThread3" daemon [_thread_in_vm, id=5796, stack(0x00000000177e0000,0x00000000178e0000)]
  0x0000000016f0e000 JavaThread "C2 CompilerThread2" daemon [_thread_in_native, id=5560, stack(0x00000000176e0000,0x00000000177e0000)]
  0x0000000016f0c000 JavaThread "C2 CompilerThread1" daemon [_thread_in_native, id=5684, stack(0x00000000175e0000,0x00000000176e0000)]
=>0x0000000016f06000 JavaThread "C2 CompilerThread0" daemon [_thread_in_native, id=2184, stack(0x00000000174e0000,0x00000000175e0000)]
  0x0000000016f04000 JavaThread "Attach Listener" daemon [_thread_blocked, id=4224, stack(0x00000000173e0000,0x00000000174e0000)]
  0x0000000014e0e800 JavaThread "Signal Dispatcher" daemon [_thread_blocked, id=3176, stack(0x00000000172e0000,0x00000000173e0000)]
  0x00000000022d8800 JavaThread "Finalizer" daemon [_thread_blocked, id=4164, stack(0x0000000016ce0000,0x0000000016de0000)]
  0x00000000022d2000 JavaThread "Reference Handler" daemon [_thread_blocked, id=208, stack(0x0000000016be0000,0x0000000016ce0000)]
  0x00000000021e0800 JavaThread "main" [_thread_in_Java, id=5052, stack(0x0000000002000000,0x0000000002100000)]

Other Threads:
  0x0000000014df9000 VMThread [stack: 0x0000000016ae0000,0x0000000016be0000] [id=4508]
  0x0000000016fb4000 WatcherThread [stack: 0x00000000179e0000,0x0000000017ae0000] [id=5852]

VM state:not at safepoint (normal execution)

VM Mutex/Monitor currently owned by a thread: None

Heap:
 PSYoungGen      total 38400K, used 20927K [0x00000000eab00000, 0x00000000ed580000, 0x0000000100000000)
  eden space 33280K, 62% used [0x00000000eab00000,0x00000000ebf6fde8,0x00000000ecb80000)
  from space 5120K, 0% used [0x00000000ed080000,0x00000000ed080000,0x00000000ed580000)
  to   space 5120K, 0% used [0x00000000ecb80000,0x00000000ecb80000,0x00000000ed080000)
 ParOldGen       total 87552K, used 0K [0x00000000c0000000, 0x00000000c5580000, 0x00000000eab00000)
  object space 87552K, 0% used [0x00000000c0000000,0x00000000c0000000,0x00000000c5580000)
 Metaspace       used 5745K, capacity 6704K, committed 6784K, reserved 1056768K
  class space    used 596K, capacity 616K, committed 640K, reserved 1048576K

Card table byte_map: [0x00000000116a0000,0x00000000118b0000] byte_map_base: 0x00000000110a0000

Marking Bits: (ParMarkBitMap*) 0x0000000051a90600
 Begin Bits: [0x0000000012210000, 0x0000000013210000)
 End Bits:   [0x0000000013210000, 0x0000000014210000)

Polling page: 0x0000000000620000

CodeCache: size=245760Kb used=3060Kb max_used=3060Kb free=242699Kb
 bounds [0x00000000022e0000, 0x00000000025f0000, 0x00000000112e0000]
 total_blobs=1071 nmethods=802 adapters=182
 compilation: enabled

Compilation events (10 events):
Event: 0.558 Thread 0x0000000016f0c000 nmethod 795 0x00000000025d8650 code [0x00000000025d87a0, 0x00000000025d88d8]
Event: 0.558 Thread 0x0000000016f0c000  827   !   4       com.android.dx.util.IntList::set (53 bytes)
Event: 0.559 Thread 0x0000000016f0c000 nmethod 827 0x00000000025d82d0 code [0x00000000025d8420, 0x00000000025d8518]
Event: 0.559 Thread 0x0000000016f0c000  833       4       com.android.dx.ssa.RegisterMapper::map (63 bytes)
Event: 0.559 Thread 0x0000000016f0e000 nmethod 774 0x00000000025d3910 code [0x00000000025d3a60, 0x00000000025d3d58]
Event: 0.559 Thread 0x0000000016f0e000  791       4       com.android.dx.util.FixedSizeList::equals (41 bytes)
Event: 0.560 Thread 0x0000000016f14000 nmethod 825 0x00000000025db290 code [0x00000000025db5c0, 0x00000000025dd318]
Event: 0.560 Thread 0x0000000016f14000  826       3       com.android.dx.ssa.SsaBasicBlock::getPrimarySuccessorRopLabel (12 bytes)
Event: 0.560 Thread 0x0000000016f14000 nmethod 826 0x00000000025da5d0 code [0x00000000025da780, 0x00000000025dae38]
Event: 0.560 Thread 0x0000000016f14000  837       1       com.android.dx.rop.code.PlainInsn::getCatches (4 bytes)

GC Heap History (0 events):
No events

Deoptimization events (1 events):
Event: 0.446 Thread 0x00000000021e0800 Uncommon trap: reason=unstable_if action=reinterpret pc=0x00000000024d3218 method=java.util.HashMap.getNode(ILjava/lang/Object;)Ljava/util/HashMap$Node; @ 129

Internal exceptions (2 events):
Event: 0.041 Thread 0x00000000021e0800 Exception <a 'java/lang/NoSuchMethodError': Method sun.misc.Unsafe.defineClass(Ljava/lang/String;[BII)Ljava/lang/Class; name or signature does not match> (0x00000000eab0d298) thrown at [D:\re\puppet\workspace\8-2-build-windows-amd64-cygwin\jdk8u73\6086\hotÀ”ÈºÚ§?
Event: 0.041 Thread 0x00000000021e0800 Exception <a 'java/lang/NoSuchMethodError': Method sun.misc.Unsafe.prefetchRead(Ljava/lang/Object;J)V name or signature does not match> (0x00000000eab0d580) thrown at [D:\re\puppet\workspace\8-2-build-windows-amd64-cygwin\jdk8u73\6086\hotspot\src\share\vm\

Events (10 events):
Event: 0.452 loading class java/util/TreeMap$EntryIterator
Event: 0.452 loading class java/util/TreeMap$EntryIterator done
Event: 0.466 loading class com/android/dx/cf/code/BytecodeArray$ConstantParserVisitor
Event: 0.467 loading class com/android/dx/cf/code/BytecodeArray$ConstantParserVisitor done
Event: 0.477 loading class java/util/ArrayList$1
Event: 0.477 loading class java/util/ArrayList$1 done
Event: 0.537 Executing VM operation: ForceSafepoint
Event: 0.537 Executing VM operation: ForceSafepoint done
Event: 0.554 loading class java/util/DualPivotQuicksort
Event: 0.560 loading class java/util/DualPivotQuicksort done


Dynamic libraries:
0x00007ff7fce20000 - 0x00007ff7fce57000 	C:\Program Files\Java\jdk1.8.0_73\bin\java.exe
0x00007ff904170000 - 0x00007ff904319000 	C:\Windows\SYSTEM32\ntdll.dll
0x00007ff901a00000 - 0x00007ff901b3a000 	C:\Windows\system32\KERNEL32.DLL
0x00007ff901850000 - 0x00007ff90195f000 	C:\Windows\system32\KERNELBASE.dll
0x00007ff903cd0000 - 0x00007ff903d75000 	C:\Windows\system32\ADVAPI32.dll
0x00007ff903300000 - 0x00007ff903471000 	C:\Windows\system32\USER32.dll
0x00007ff8fef70000 - 0x00007ff8ff1ca000 	C:\Windows\WinSxS\amd64_microsoft.windows.common-controls_6595b64144ccf1df_6.0.9600.16384_none_62475f7becb72503\COMCTL32.dll
0x00007ff903240000 - 0x00007ff9032e7000 	C:\Windows\system32\msvcrt.dll
0x00007ff903a90000 - 0x00007ff903ae7000 	C:\Windows\SYSTEM32\sechost.dll
0x00007ff903100000 - 0x00007ff903236000 	C:\Windows\system32\RPCRT4.dll
0x00007ff9035c0000 - 0x00007ff903705000 	C:\Windows\system32\GDI32.dll
0x00007ff904130000 - 0x00007ff904164000 	C:\Windows\system32\IMM32.DLL
0x00007ff903480000 - 0x00007ff9035b9000 	C:\Windows\system32\MSCTF.dll
0x0000000050d20000 - 0x0000000050df2000 	C:\Program Files\Java\jdk1.8.0_73\jre\bin\msvcr100.dll
0x0000000051280000 - 0x0000000051b10000 	C:\Program Files\Java\jdk1.8.0_73\jre\bin\server\jvm.dll
0x00007ff8eedc0000 - 0x00007ff8eedc9000 	C:\Windows\SYSTEM32\WSOCK32.dll
0x00007ff8fd900000 - 0x00007ff8fd91f000 	C:\Windows\SYSTEM32\WINMM.dll
0x00007ff8ffe00000 - 0x00007ff8ffe0a000 	C:\Windows\SYSTEM32\VERSION.dll
0x00007ff9038e0000 - 0x00007ff9038e7000 	C:\Windows\system32\PSAPI.DLL
0x00007ff903710000 - 0x00007ff903768000 	C:\Windows\system32\WS2_32.dll
0x00007ff8fd8c0000 - 0x00007ff8fd8ea000 	C:\Windows\SYSTEM32\WINMMBASE.dll
0x00007ff904020000 - 0x00007ff904029000 	C:\Windows\system32\NSI.dll
0x00007ff901960000 - 0x00007ff9019aa000 	C:\Windows\SYSTEM32\cfgmgr32.dll
0x00007ff900370000 - 0x00007ff900396000 	C:\Windows\SYSTEM32\DEVOBJ.dll
0x0000000051190000 - 0x000000005119f000 	C:\Program Files\Java\jdk1.8.0_73\jre\bin\verify.dll
0x0000000051160000 - 0x0000000051189000 	C:\Program Files\Java\jdk1.8.0_73\jre\bin\java.dll
0x0000000051140000 - 0x0000000051156000 	C:\Program Files\Java\jdk1.8.0_73\jre\bin\zip.dll
0x00007ff901cf0000 - 0x00007ff9030fe000 	C:\Windows\system32\SHELL32.dll
0x00007ff903af0000 - 0x00007ff903cc7000 	C:\Windows\SYSTEM32\combase.dll
0x00007ff903de0000 - 0x00007ff903e31000 	C:\Windows\system32\SHLWAPI.dll
0x00007ff900050000 - 0x00007ff9000f1000 	C:\Windows\SYSTEM32\SHCORE.dll
0x00007ff9014f0000 - 0x00007ff901504000 	C:\Windows\SYSTEM32\profapi.dll

VM Arguments:
jvm_args: -Djava.awt.headless=true -Xmx1024M -Dfile.encoding=windows-1252 -Duser.country=ES -Duser.language=es -Duser.variant 
java_command: com.android.dx.command.Main --dex --force-jumbo --num-threads=4 --multi-dex --output C:\Users\ANDROID\AndroidStudioProjects\ListView04\app\build\intermediates\transforms\dex\debug\folders\1000\10\instant-run_48b8bc28cda685298b58db102210a37a88dc75f9 C:\Users\ANDROID\AndroidStudioProjects\ListView04\app\build\intermediates\incremental-runtime-classes\debug\instant-run.jar
java_class_path (initial): C:\Users\ANDROID\AppData\Local\Android\sdk\build-tools\24.0.1\lib\dx.jar
Launcher Type: SUN_STANDARD

Environment Variables:
PATH=C:\ProgramData\Oracle\Java\javapath;C:\Windows\system32;C:\Windows;C:\Windows\System32\Wbem;C:\Windows\System32\WindowsPowerShell\v1.0\
USERNAME=ANDROID
OS=Windows_NT
PROCESSOR_IDENTIFIER=Intel64 Family 6 Model 58 Stepping 9, GenuineIntel



---------------  S Y S T E M  ---------------

OS: Windows 8.1 , 64 bit Build 9600 (6.3.9600.16384)

CPU:total 8 (4 cores per cpu, 2 threads per core) family 6 model 58 stepping 9, cmov, cx8, fxsr, mmx, sse, sse2, sse3, ssse3, sse4.1, sse4.2, popcnt, avx, aes, clmul, erms, ht, tsc, tscinvbit, tscinv

Memory: 4k page, physical 8341960k(1401772k free), swap 8341960k(5532k free)

vm_info: Java HotSpot(TM) 64-Bit Server VM (25.73-b02) for windows-amd64 JRE (1.8.0_73-b02), built on Jan 29 2016 17:38:49 by "java_re" with MS VC++ 10.0 (VS2010)

time: Sat Aug 27 17:30:49 2016
elapsed time: 0 seconds (0d 0h 0m 0s)

