#
# A fatal error has been detected by the Java Runtime Environment:
#
#  EXCEPTION_STACK_OVERFLOW (0xc00000fd) at pc=0x00000000514919a7, pid=5796, tid=3932
#
# JRE version: Java(TM) SE Runtime Environment (8.0_73-b02) (build 1.8.0_73-b02)
# Java VM: Java HotSpot(TM) 64-Bit Server VM (25.73-b02 mixed mode windows-amd64 compressed oops)
# Problematic frame:
# V  [jvm.dll+0x2119a7]
#
# Failed to write core dump. Minidumps are not enabled by default on client versions of Windows
#
# If you would like to submit a bug report, please visit:
#   http://bugreport.java.com/bugreport/crash.jsp
#

---------------  T H R E A D  ---------------

Current thread (0x00000000174a7000):  JavaThread "pool-2-thread-1" [_thread_in_vm, id=3932, stack(0x0000000017ef0000,0x0000000017ff0000)]

siginfo: ExceptionCode=0xc00000fd, ExceptionInformation=0x0000000000000001 0x0000000017feaf70 

Registers:
RAX=0x0000000017feaf70, RBX=0x0000000000000005, RCX=0x0000000000004000, RDX=0x0000000000000006
RSP=0x0000000017feef70, RBP=0x0000000000000000, RSI=0x0000000017feef70, RDI=0x0000000000000005
R8 =0x0000000000000006, R9 =0x0000000017438b40, R10=0x000000001482d508, R11=0x0000000017efa148
R12=0x0000000017438b40, R13=0x00000000174a7000, R14=0x0000000017fef038, R15=0x000000001482d508
RIP=0x00000000514919a7, EFLAGS=0x0000000000010202

Top of Stack: (sp=0x0000000017feef70)
0x0000000017feef70:   000000001733adf0 0000000050d74e7e
0x0000000017feef80:   00000000174a7000 0000000017438b40
0x0000000017feef90:   00000000ffffffff 00000000514928d7
0x0000000017feefa0:   0000000017fef0a0 000000001482d508
0x0000000017feefb0:   00000000174a7000 000000005133f603
0x0000000017feefc0:   0000000017fef000 00000000174a7000
0x0000000017feefd0:   0000000017fef090 00000000174a7000
0x0000000017feefe0:   000000001482d508 00000000174a7000
0x0000000017feeff0:   00000000026e10e0 00000000174a7000
0x0000000017fef000:   000000001482d508 00000000174a7000
0x0000000017fef010:   000000001482d508 00000000174a7000
0x0000000017fef020:   0000000000000001 000000001482d508
0x0000000017fef030:   00000000174a7000 000000001731bf50
0x0000000017fef040:   00000000174a7000 0000000051340aed
0x0000000017fef050:   0000000017fef358 00000001000069a0
0x0000000017fef060:   00000001000069a0 0000000000000001 

Instructions: (pc=0x00000000514919a7)
0x0000000051491987:   48 89 6c 24 30 33 ed 66 90 e8 5b 37 08 00 ff c3
0x0000000051491997:   48 63 c8 48 8b c6 48 0f af cf 48 ff c7 48 2b c1
0x00000000514919a7:   89 28 48 63 c3 48 3b 05 dd ac 58 00 7e db 48 8b
0x00000000514919b7:   6c 24 30 48 8b 5c 24 38 48 8b 74 24 40 48 83 c4 


Register to memory mapping:

RAX=0x0000000017feaf70 is pointing into the stack for thread: 0x00000000174a7000
RBX=0x0000000000000005 is an unknown value
RCX=0x0000000000004000 is an unknown value
RDX=0x0000000000000006 is an unknown value
RSP=0x0000000017feef70 is pointing into the stack for thread: 0x00000000174a7000
RBP=0x0000000000000000 is an unknown value
RSI=0x0000000017feef70 is pointing into the stack for thread: 0x00000000174a7000
RDI=0x0000000000000005 is an unknown value
R8 =0x0000000000000006 is an unknown value
R9 =0x0000000017438b40 is an unknown value
R10={method} {0x000000001482d510} 'run' '()V' in 'java/lang/Thread'
R11=0x0000000017efa148 is pointing into the stack for thread: 0x00000000174a7000
R12=0x0000000017438b40 is an unknown value
R13=0x00000000174a7000 is a thread
R14=0x0000000017fef038 is pointing into the stack for thread: 0x00000000174a7000
R15={method} {0x000000001482d510} 'run' '()V' in 'java/lang/Thread'


Stack: [0x0000000017ef0000,0x0000000017ff0000],  sp=0x0000000017feef70,  free space=1019k
Native frames: (J=compiled Java code, j=interpreted, Vv=VM code, C=native code)


---------------  P R O C E S S  ---------------

Java Threads: ( => current thread )
  0x00000000175fe800 JavaThread "pool-2-thread-4" [_thread_blocked, id=3916, stack(0x00000000182f0000,0x00000000183f0000)]
  0x0000000017510800 JavaThread "pool-2-thread-3" [_thread_blocked, id=5776, stack(0x00000000181f0000,0x00000000182f0000)]
  0x00000000174dd000 JavaThread "pool-2-thread-2" [_thread_blocked, id=2976, stack(0x00000000180f0000,0x00000000181f0000)]
  0x00000000174d3000 JavaThread "pool-3-thread-1" [_thread_in_vm, id=1308, stack(0x0000000017ff0000,0x00000000180f0000)]
=>0x00000000174a7000 JavaThread "pool-2-thread-1" [_thread_in_vm, id=3932, stack(0x0000000017ef0000,0x0000000017ff0000)]
  0x00000000173c2800 JavaThread "Service Thread" daemon [_thread_blocked, id=5816, stack(0x0000000017cf0000,0x0000000017df0000)]
  0x0000000017329000 JavaThread "C1 CompilerThread3" daemon [_thread_in_native, id=5192, stack(0x0000000017bf0000,0x0000000017cf0000)]
  0x000000001731a800 JavaThread "C2 CompilerThread2" daemon [_thread_blocked, id=3852, stack(0x0000000017af0000,0x0000000017bf0000)]
  0x0000000017314800 JavaThread "C2 CompilerThread1" daemon [_thread_in_native, id=2468, stack(0x00000000179f0000,0x0000000017af0000)]
  0x0000000017323000 JavaThread "C2 CompilerThread0" daemon [_thread_blocked, id=1368, stack(0x00000000178f0000,0x00000000179f0000)]
  0x0000000017322000 JavaThread "Attach Listener" daemon [_thread_blocked, id=5004, stack(0x00000000177f0000,0x00000000178f0000)]
  0x0000000017321000 JavaThread "Signal Dispatcher" daemon [_thread_blocked, id=5788, stack(0x00000000176f0000,0x00000000177f0000)]
  0x00000000026cb800 JavaThread "Finalizer" daemon [_thread_blocked, id=5504, stack(0x00000000170f0000,0x00000000171f0000)]
  0x00000000151ed000 JavaThread "Reference Handler" daemon [_thread_blocked, id=2056, stack(0x0000000016ff0000,0x00000000170f0000)]
  0x00000000025d0800 JavaThread "main" [_thread_blocked, id=5860, stack(0x00000000023e0000,0x00000000024e0000)]

Other Threads:
  0x00000000151e8800 VMThread [stack: 0x0000000016ef0000,0x0000000016ff0000] [id=4316]
  0x00000000173c6800 WatcherThread [stack: 0x0000000017df0000,0x0000000017ef0000] [id=4872]

VM state:synchronizing (normal execution)

VM Mutex/Monitor currently owned by a thread:  ([mutex/lock_event])
[0x00000000024fbe00] Threads_lock - owner thread: 0x00000000151e8800
[0x00000000024fc180] Heap_lock - owner thread: 0x00000000025d0800
[0x00000000024fda90] MethodData_lock - owner thread: 0x00000000025d0800

Heap:
 PSYoungGen      total 38400K, used 8025K [0x00000000eab00000, 0x00000000ed580000, 0x0000000100000000)
  eden space 33280K, 24% used [0x00000000eab00000,0x00000000eb2d6678,0x00000000ecb80000)
  from space 5120K, 0% used [0x00000000ed080000,0x00000000ed080000,0x00000000ed580000)
  to   space 5120K, 0% used [0x00000000ecb80000,0x00000000ecb80000,0x00000000ed080000)
 ParOldGen       total 87552K, used 0K [0x00000000c0000000, 0x00000000c5580000, 0x00000000eab00000)
  object space 87552K, 0% used [0x00000000c0000000,0x00000000c0000000,0x00000000c5580000)
 Metaspace       used 4005K, capacity 5296K, committed 5376K, reserved 1060864K
  class space    used 451K, capacity 488K, committed 512K, reserved 1048576K

Card table byte_map: [0x0000000011a90000,0x0000000011ca0000] byte_map_base: 0x0000000011490000

Marking Bits: (ParMarkBitMap*) 0x0000000051a90600
 Begin Bits: [0x0000000012600000, 0x0000000013600000)
 End Bits:   [0x0000000013600000, 0x0000000014600000)

Polling page: 0x0000000000c10000

CodeCache: size=245760Kb used=1505Kb max_used=1516Kb free=244255Kb
 bounds [0x00000000026d0000, 0x0000000002940000, 0x00000000116d0000]
 total_blobs=459 nmethods=206 adapters=166
 compilation: enabled

Compilation events (10 events):
Event: 0.135 Thread 0x0000000017329000 nmethod 106 0x000000000280b390 code [0x000000000280b540, 0x000000000280bb98]
Event: 0.135 Thread 0x0000000017329000  108       3       java.util.zip.ZipFile::access$400 (5 bytes)
Event: 0.135 Thread 0x0000000017329000 nmethod 108 0x000000000280b050 code [0x000000000280b1a0, 0x000000000280b2d0]
Event: 0.137 Thread 0x0000000017314800  110       4       java.lang.String::startsWith (72 bytes)
Event: 0.138 Thread 0x0000000017329000  111       3       java.util.concurrent.ConcurrentHashMap::addCount (292 bytes)
Event: 0.140 Thread 0x0000000017329000 nmethod 111 0x000000000280ce90 code [0x000000000280d0a0, 0x000000000280dba8]
Event: 0.140 Thread 0x0000000017329000  112       3       java.util.Arrays::copyOf (19 bytes)
Event: 0.140 Thread 0x0000000017314800 nmethod 110 0x000000000280a850 code [0x000000000280a9a0, 0x000000000280ab78]
Event: 0.140 Thread 0x0000000017329000 nmethod 112 0x000000000280a290 code [0x000000000280a400, 0x000000000280a728]
Event: 0.142 Thread 0x000000001731a800  113       4       java.lang.String::hashCode (55 bytes)

GC Heap History (0 events):
No events

Deoptimization events (0 events):
No events

Internal exceptions (2 events):
Event: 0.035 Thread 0x00000000025d0800 Exception <a 'java/lang/NoSuchMethodError': Method sun.misc.Unsafe.defineClass(Ljava/lang/String;[BII)Ljava/lang/Class; name or signature does not match> (0x00000000eab0d0a8) thrown at [D:\re\puppet\workspace\8-2-build-windows-amd64-cygwin\jdk8u73\6086\hot˜Ôe¢¢?
Event: 0.035 Thread 0x00000000025d0800 Exception <a 'java/lang/NoSuchMethodError': Method sun.misc.Unsafe.prefetchRead(Ljava/lang/Object;J)V name or signature does not match> (0x00000000eab0d390) thrown at [D:\re\puppet\workspace\8-2-build-windows-amd64-cygwin\jdk8u73\6086\hotspot\src\share\vm\

Events (10 events):
Event: 0.142 loading class java/util/concurrent/Future done
Event: 0.142 loading class java/util/concurrent/RunnableFuture done
Event: 0.142 loading class java/util/concurrent/FutureTask done
Event: 0.142 loading class java/util/concurrent/FutureTask$WaitNode
Event: 0.142 loading class java/util/concurrent/FutureTask$WaitNode done
Event: 0.142 loading class java/util/concurrent/ThreadPoolExecutor$Worker
Event: 0.142 loading class java/util/concurrent/ThreadPoolExecutor$Worker done
Event: 0.142 Thread 0x00000000174a7000 Thread added: 0x00000000174a7000
Event: 0.142 loading class com/android/dx/command/dexer/Main$ClassDefItemConsumer
Event: 0.142 loading class com/android/dx/command/dexer/Main$ClassDefItemConsumer done


Dynamic libraries:
0x00007ff7fce20000 - 0x00007ff7fce57000 	C:\Program Files\Java\jdk1.8.0_73\bin\java.exe
0x00007ff904170000 - 0x00007ff904319000 	C:\Windows\SYSTEM32\ntdll.dll
0x00007ff901a00000 - 0x00007ff901b3a000 	C:\Windows\system32\KERNEL32.DLL
0x00007ff901850000 - 0x00007ff90195f000 	C:\Windows\system32\KERNELBASE.dll
0x00007ff903cd0000 - 0x00007ff903d75000 	C:\Windows\system32\ADVAPI32.dll
0x00007ff903300000 - 0x00007ff903471000 	C:\Windows\system32\USER32.dll
0x00007ff8fef70000 - 0x00007ff8ff1ca000 	C:\Windows\WinSxS\amd64_microsoft.windows.common-controls_6595b64144ccf1df_6.0.9600.16384_none_62475f7becb72503\COMCTL32.dll
0x00007ff903240000 - 0x00007ff9032e7000 	C:\Windows\system32\msvcrt.dll
0x00007ff903a90000 - 0x00007ff903ae7000 	C:\Windows\SYSTEM32\sechost.dll
0x00007ff903100000 - 0x00007ff903236000 	C:\Windows\system32\RPCRT4.dll
0x00007ff9035c0000 - 0x00007ff903705000 	C:\Windows\system32\GDI32.dll
0x00007ff904130000 - 0x00007ff904164000 	C:\Windows\system32\IMM32.DLL
0x00007ff903480000 - 0x00007ff9035b9000 	C:\Windows\system32\MSCTF.dll
0x0000000050d20000 - 0x0000000050df2000 	C:\Program Files\Java\jdk1.8.0_73\jre\bin\msvcr100.dll
0x0000000051280000 - 0x0000000051b10000 	C:\Program Files\Java\jdk1.8.0_73\jre\bin\server\jvm.dll
0x00007ff8eedc0000 - 0x00007ff8eedc9000 	C:\Windows\SYSTEM32\WSOCK32.dll
0x00007ff8fd900000 - 0x00007ff8fd91f000 	C:\Windows\SYSTEM32\WINMM.dll
0x00007ff8ffe00000 - 0x00007ff8ffe0a000 	C:\Windows\SYSTEM32\VERSION.dll
0x00007ff9038e0000 - 0x00007ff9038e7000 	C:\Windows\system32\PSAPI.DLL
0x00007ff903710000 - 0x00007ff903768000 	C:\Windows\system32\WS2_32.dll
0x00007ff8fd8c0000 - 0x00007ff8fd8ea000 	C:\Windows\SYSTEM32\WINMMBASE.dll
0x00007ff904020000 - 0x00007ff904029000 	C:\Windows\system32\NSI.dll
0x00007ff901960000 - 0x00007ff9019aa000 	C:\Windows\SYSTEM32\cfgmgr32.dll
0x00007ff900370000 - 0x00007ff900396000 	C:\Windows\SYSTEM32\DEVOBJ.dll
0x0000000051190000 - 0x000000005119f000 	C:\Program Files\Java\jdk1.8.0_73\jre\bin\verify.dll
0x0000000051160000 - 0x0000000051189000 	C:\Program Files\Java\jdk1.8.0_73\jre\bin\java.dll
0x0000000051140000 - 0x0000000051156000 	C:\Program Files\Java\jdk1.8.0_73\jre\bin\zip.dll
0x00007ff901cf0000 - 0x00007ff9030fe000 	C:\Windows\system32\SHELL32.dll
0x00007ff903af0000 - 0x00007ff903cc7000 	C:\Windows\SYSTEM32\combase.dll
0x00007ff903de0000 - 0x00007ff903e31000 	C:\Windows\system32\SHLWAPI.dll
0x00007ff900050000 - 0x00007ff9000f1000 	C:\Windows\SYSTEM32\SHCORE.dll
0x00007ff9014f0000 - 0x00007ff901504000 	C:\Windows\SYSTEM32\profapi.dll
0x00007ff8eb9c0000 - 0x00007ff8ebb48000 	C:\Windows\SYSTEM32\dbghelp.dll

VM Arguments:
jvm_args: -Djava.awt.headless=true -Xmx1024M -Dfile.encoding=windows-1252 -Duser.country=ES -Duser.language=es -Duser.variant 
java_command: com.android.dx.command.Main --dex --force-jumbo --num-threads=4 --multi-dex --output C:\Users\ANDROID\AndroidStudioProjects\ListView04\app\build\intermediates\transforms\dex\debug\folders\1000\5\slice_3 C:\Users\ANDROID\AndroidStudioProjects\ListView04\app\build\intermediates\transforms\instantRunSlicer\debug\folders\1\5\slice_3
java_class_path (initial): C:\Users\ANDROID\AppData\Local\Android\sdk\build-tools\24.0.1\lib\dx.jar
Launcher Type: SUN_STANDARD

Environment Variables:
PATH=C:\ProgramData\Oracle\Java\javapath;C:\Windows\system32;C:\Windows;C:\Windows\System32\Wbem;C:\Windows\System32\WindowsPowerShell\v1.0\
USERNAME=ANDROID
OS=Windows_NT
PROCESSOR_IDENTIFIER=Intel64 Family 6 Model 58 Stepping 9, GenuineIntel



---------------  S Y S T E M  ---------------

OS: Windows 8.1 , 64 bit Build 9600 (6.3.9600.16384)

CPU:total 8 (4 cores per cpu, 2 threads per core) family 6 model 58 stepping 9, cmov, cx8, fxsr, mmx, sse, sse2, sse3, ssse3, sse4.1, sse4.2, popcnt, avx, aes, clmul, erms, ht, tsc, tscinvbit, tscinv

Memory: 4k page, physical 8341960k(1431368k free), swap 8341960k(185540k free)

vm_info: Java HotSpot(TM) 64-Bit Server VM (25.73-b02) for windows-amd64 JRE (1.8.0_73-b02), built on Jan 29 2016 17:38:49 by "java_re" with MS VC++ 10.0 (VS2010)

time: Sat Aug 27 17:30:02 2016
elapsed time: 0 seconds (0d 0h 0m 0s)

