#
# There is insufficient memory for the Java Runtime Environment to continue.
# Native memory allocation (malloc) failed to allocate 62816 bytes for Chunk::new
# Possible reasons:
#   The system is out of physical RAM or swap space
#   In 32 bit mode, the process size limit was hit
# Possible solutions:
#   Reduce memory load on the system
#   Increase physical memory or swap space
#   Check if swap backing store is full
#   Use 64 bit Java on a 64 bit OS
#   Decrease Java heap size (-Xmx/-Xms)
#   Decrease number of Java threads
#   Decrease Java thread stack sizes (-Xss)
#   Set larger code cache with -XX:ReservedCodeCacheSize=
# This output file may be truncated or incomplete.
#
#  Out of Memory Error (allocation.cpp:390), pid=6128, tid=176
#
# JRE version: Java(TM) SE Runtime Environment (8.0_73-b02) (build 1.8.0_73-b02)
# Java VM: Java HotSpot(TM) 64-Bit Server VM (25.73-b02 mixed mode windows-amd64 compressed oops)
# Failed to write core dump. Minidumps are not enabled by default on client versions of Windows
#

---------------  T H R E A D  ---------------

Current thread (0x0000000016abb000):  JavaThread "C2 CompilerThread1" daemon [_thread_in_native, id=176, stack(0x0000000017190000,0x0000000017290000)]

Stack: [0x0000000017190000,0x0000000017290000]
[error occurred during error reporting (printing stack bounds), id 0xc0000005]

Native frames: (J=compiled Java code, j=interpreted, Vv=VM code, C=native code)


Current CompileTask:
C2:   3557 2169       4       com.android.dx.cf.code.BaseMachine::popArgs (62 bytes)


---------------  P R O C E S S  ---------------

Java Threads: ( => current thread )
  0x0000000016da8000 JavaThread "pool-2-thread-4" [_thread_blocked, id=5020, stack(0x0000000018290000,0x0000000018390000)]
  0x0000000016e8e800 JavaThread "pool-2-thread-3" [_thread_blocked, id=4536, stack(0x0000000018190000,0x0000000018290000)]
  0x0000000016e8c800 JavaThread "pool-2-thread-2" [_thread_blocked, id=816, stack(0x0000000018090000,0x0000000018190000)]
  0x0000000016e35800 JavaThread "pool-3-thread-1" [_thread_blocked, id=6056, stack(0x0000000017f90000,0x0000000018090000)]
  0x0000000016e32800 JavaThread "pool-2-thread-1" [_thread_blocked, id=5092, stack(0x0000000017e90000,0x0000000017f90000)]
  0x0000000016b2b000 JavaThread "Service Thread" daemon [_thread_blocked, id=288, stack(0x0000000017490000,0x0000000017590000)]
  0x0000000016b24000 JavaThread "C1 CompilerThread3" daemon [_thread_blocked, id=2908, stack(0x0000000017390000,0x0000000017490000)]
  0x0000000016b20000 JavaThread "C2 CompilerThread2" daemon [_thread_in_native, id=4156, stack(0x0000000017290000,0x0000000017390000)]
=>0x0000000016abb000 JavaThread "C2 CompilerThread1" daemon [_thread_in_native, id=176, stack(0x0000000017190000,0x0000000017290000)]
  0x0000000016ab6800 JavaThread "C2 CompilerThread0" daemon [_thread_in_native, id=5228, stack(0x0000000017090000,0x0000000017190000)]
  0x0000000016ab4000 JavaThread "Attach Listener" daemon [_thread_blocked, id=4764, stack(0x0000000016f90000,0x0000000017090000)]
  0x000000001499e800 JavaThread "Signal Dispatcher" daemon [_thread_blocked, id=3208, stack(0x0000000016e90000,0x0000000016f90000)]
  0x0000000001e49000 JavaThread "Finalizer" daemon [_thread_blocked, id=5412, stack(0x0000000016880000,0x0000000016980000)]
  0x0000000001e42000 JavaThread "Reference Handler" daemon [_thread_blocked, id=4320, stack(0x0000000016780000,0x0000000016880000)]
  0x0000000001d50800 JavaThread "main" [_thread_blocked, id=5340, stack(0x0000000001c20000,0x0000000001d20000)]

Other Threads:
  0x0000000014989800 VMThread [stack: 0x0000000016680000,0x0000000016780000] [id=920]
  0x0000000016b2d800 WatcherThread [stack: 0x0000000017590000,0x0000000017690000] [id=1096]

VM state:at safepoint (normal execution)

VM Mutex/Monitor currently owned by a thread:  ([mutex/lock_event])
[0x000000000027c3b0] Threads_lock - owner thread: 0x0000000014989800
[0x000000000027bb30] Heap_lock - owner thread: 0x0000000016e8c800

Heap:
 PSYoungGen      total 71680K, used 71650K [0x00000000eab00000, 0x00000000ef600000, 0x0000000100000000)
  eden space 66560K, 100% used [0x00000000eab00000,0x00000000eec00000,0x00000000eec00000)
  from space 5120K, 99% used [0x00000000ef100000,0x00000000ef5f8910,0x00000000ef600000)
  to   space 5120K, 99% used [0x00000000eec00000,0x00000000ef0f8020,0x00000000ef100000)
 ParOldGen       total 87552K, used 37294K [0x00000000c0000000, 0x00000000c5580000, 0x00000000eab00000)
  object space 87552K, 42% used [0x00000000c0000000,0x00000000c246f890,0x00000000c5580000)
 Metaspace       used 6528K, capacity 7256K, committed 7424K, reserved 1056768K
  class space    used 623K, capacity 656K, committed 768K, reserved 1048576K

Card table byte_map: [0x0000000011210000,0x0000000011420000] byte_map_base: 0x0000000010c10000

Marking Bits: (ParMarkBitMap*) 0x0000000051a90600
 Begin Bits: [0x0000000011d80000, 0x0000000012d80000)
 End Bits:   [0x0000000012d80000, 0x0000000013d80000)

Polling page: 0x0000000001d20000

CodeCache: size=245760Kb used=8752Kb max_used=8752Kb free=237007Kb
 bounds [0x0000000001e50000, 0x00000000026f0000, 0x0000000010e50000]
 total_blobs=2422 nmethods=2152 adapters=182
 compilation: enabled

Compilation events (10 events):
Event: 3.267 Thread 0x0000000016abb000 nmethod 2156 0x00000000026a56d0 code [0x00000000026a5920, 0x00000000026a7468]
Event: 3.288 Thread 0x0000000016b20000 2164       4       com.android.dx.util.ByteArray::getInt (47 bytes)
Event: 3.289 Thread 0x0000000016b20000 nmethod 2164 0x00000000026a2410 code [0x00000000026a2560, 0x00000000026a26d8]
Event: 3.289 Thread 0x0000000016ab6800 2165 %     4       com.android.dx.cf.code.BasicBlocker::getBlockList @ 66 (208 bytes)
Event: 3.290 Thread 0x0000000016abb000 2166       4       com.android.dx.cf.code.ExecutionStack::peek (42 bytes)
Event: 3.290 Thread 0x0000000016b20000 2167       4       com.android.dx.cf.code.OneLocalsArray::get (20 bytes)
Event: 3.290 Thread 0x0000000016b20000 nmethod 2167 0x000000000266b150 code [0x000000000266b280, 0x000000000266b338]
Event: 3.290 Thread 0x0000000016abb000 nmethod 2166 0x0000000002642610 code [0x0000000002642760, 0x0000000002642838]
Event: 3.290 Thread 0x0000000016b20000 2168 %     4       com.android.dx.cf.code.LocalVariableList::pcAndIndexToLocal @ 8 (51 bytes)
Event: 3.290 Thread 0x0000000016abb000 2169       4       com.android.dx.cf.code.BaseMachine::popArgs (62 bytes)

GC Heap History (10 events):
Event: 1.015 GC heap before
{Heap before GC invocations=1 (full 0):
 PSYoungGen      total 38400K, used 33280K [0x00000000eab00000, 0x00000000ed580000, 0x0000000100000000)
  eden space 33280K, 100% used [0x00000000eab00000,0x00000000ecb80000,0x00000000ecb80000)
  from space 5120K, 0% used [0x00000000ed080000,0x00000000ed080000,0x00000000ed580000)
  to   space 5120K, 0% used [0x00000000ecb80000,0x00000000ecb80000,0x00000000ed080000)
 ParOldGen       total 87552K, used 0K [0x00000000c0000000, 0x00000000c5580000, 0x00000000eab00000)
  object space 87552K, 0% used [0x00000000c0000000,0x00000000c0000000,0x00000000c5580000)
 Metaspace       used 5791K, capacity 6704K, committed 6784K, reserved 1056768K
  class space    used 600K, capacity 616K, committed 640K, reserved 1048576K
Event: 1.019 GC heap after
Heap after GC invocations=1 (full 0):
 PSYoungGen      total 38400K, used 4982K [0x00000000eab00000, 0x00000000ed580000, 0x0000000100000000)
  eden space 33280K, 0% used [0x00000000eab00000,0x00000000eab00000,0x00000000ecb80000)
  from space 5120K, 97% used [0x00000000ecb80000,0x00000000ed05da98,0x00000000ed080000)
  to   space 5120K, 0% used [0x00000000ed080000,0x00000000ed080000,0x00000000ed580000)
 ParOldGen       total 87552K, used 8K [0x00000000c0000000, 0x00000000c5580000, 0x00000000eab00000)
  object space 87552K, 0% used [0x00000000c0000000,0x00000000c0002000,0x00000000c5580000)
 Metaspace       used 5791K, capacity 6704K, committed 6784K, reserved 1056768K
  class space    used 600K, capacity 616K, committed 640K, reserved 1048576K
}
Event: 1.231 GC heap before
{Heap before GC invocations=2 (full 0):
 PSYoungGen      total 38400K, used 38262K [0x00000000eab00000, 0x00000000ed580000, 0x0000000100000000)
  eden space 33280K, 100% used [0x00000000eab00000,0x00000000ecb80000,0x00000000ecb80000)
  from space 5120K, 97% used [0x00000000ecb80000,0x00000000ed05da98,0x00000000ed080000)
  to   space 5120K, 0% used [0x00000000ed080000,0x00000000ed080000,0x00000000ed580000)
 ParOldGen       total 87552K, used 8K [0x00000000c0000000, 0x00000000c5580000, 0x00000000eab00000)
  object space 87552K, 0% used [0x00000000c0000000,0x00000000c0002000,0x00000000c5580000)
 Metaspace       used 6052K, capacity 6960K, committed 7040K, reserved 1056768K
  class space    used 602K, capacity 616K, committed 640K, reserved 1048576K
Event: 1.242 GC heap after
Heap after GC invocations=2 (full 0):
 PSYoungGen      total 38400K, used 5104K [0x00000000eab00000, 0x00000000ef600000, 0x0000000100000000)
  eden space 33280K, 0% used [0x00000000eab00000,0x00000000eab00000,0x00000000ecb80000)
  from space 5120K, 99% used [0x00000000ed080000,0x00000000ed57c190,0x00000000ed580000)
  to   space 5120K, 0% used [0x00000000ecb80000,0x00000000ecb80000,0x00000000ed080000)
 ParOldGen       total 87552K, used 3538K [0x00000000c0000000, 0x00000000c5580000, 0x00000000eab00000)
  object space 87552K, 4% used [0x00000000c0000000,0x00000000c0374a88,0x00000000c5580000)
 Metaspace       used 6052K, capacity 6960K, committed 7040K, reserved 1056768K
  class space    used 602K, capacity 616K, committed 640K, reserved 1048576K
}
Event: 1.352 GC heap before
{Heap before GC invocations=3 (full 0):
 PSYoungGen      total 38400K, used 38384K [0x00000000eab00000, 0x00000000ef600000, 0x0000000100000000)
  eden space 33280K, 100% used [0x00000000eab00000,0x00000000ecb80000,0x00000000ecb80000)
  from space 5120K, 99% used [0x00000000ed080000,0x00000000ed57c190,0x00000000ed580000)
  to   space 5120K, 0% used [0x00000000ecb80000,0x00000000ecb80000,0x00000000ed080000)
 ParOldGen       total 87552K, used 3538K [0x00000000c0000000, 0x00000000c5580000, 0x00000000eab00000)
  object space 87552K, 4% used [0x00000000c0000000,0x00000000c0374a88,0x00000000c5580000)
 Metaspace       used 6121K, capacity 7024K, committed 7296K, reserved 1056768K
  class space    used 602K, capacity 616K, committed 640K, reserved 1048576K
Event: 1.361 GC heap after
Heap after GC invocations=3 (full 0):
 PSYoungGen      total 38400K, used 5116K [0x00000000eab00000, 0x00000000ef600000, 0x0000000100000000)
  eden space 33280K, 0% used [0x00000000eab00000,0x00000000eab00000,0x00000000ecb80000)
  from space 5120K, 99% used [0x00000000ecb80000,0x00000000ed07f0e0,0x00000000ed080000)
  to   space 5120K, 0% used [0x00000000ef100000,0x00000000ef100000,0x00000000ef600000)
 ParOldGen       total 87552K, used 8490K [0x00000000c0000000, 0x00000000c5580000, 0x00000000eab00000)
  object space 87552K, 9% used [0x00000000c0000000,0x00000000c084aaa0,0x00000000c5580000)
 Metaspace       used 6121K, capacity 7024K, committed 7296K, reserved 1056768K
  class space    used 602K, capacity 616K, committed 640K, reserved 1048576K
}
Event: 1.495 GC heap before
{Heap before GC invocations=4 (full 0):
 PSYoungGen      total 38400K, used 38396K [0x00000000eab00000, 0x00000000ef600000, 0x0000000100000000)
  eden space 33280K, 100% used [0x00000000eab00000,0x00000000ecb80000,0x00000000ecb80000)
  from space 5120K, 99% used [0x00000000ecb80000,0x00000000ed07f0e0,0x00000000ed080000)
  to   space 5120K, 0% used [0x00000000ef100000,0x00000000ef100000,0x00000000ef600000)
 ParOldGen       total 87552K, used 8490K [0x00000000c0000000, 0x00000000c5580000, 0x00000000eab00000)
  object space 87552K, 9% used [0x00000000c0000000,0x00000000c084aaa0,0x00000000c5580000)
 Metaspace       used 6197K, capacity 7088K, committed 7296K, reserved 1056768K
  class space    used 602K, capacity 616K, committed 640K, reserved 1048576K
Event: 1.583 GC heap after
Heap after GC invocations=4 (full 0):
 PSYoungGen      total 71680K, used 5109K [0x00000000eab00000, 0x00000000ef600000, 0x0000000100000000)
  eden space 66560K, 0% used [0x00000000eab00000,0x00000000eab00000,0x00000000eec00000)
  from space 5120K, 99% used [0x00000000ef100000,0x00000000ef5fd6b0,0x00000000ef600000)
  to   space 5120K, 0% used [0x00000000eec00000,0x00000000eec00000,0x00000000ef100000)
 ParOldGen       total 87552K, used 13438K [0x00000000c0000000, 0x00000000c5580000, 0x00000000eab00000)
  object space 87552K, 15% used [0x00000000c0000000,0x00000000c0d1f9e0,0x00000000c5580000)
 Metaspace       used 6197K, capacity 7088K, committed 7296K, reserved 1056768K
  class space    used 602K, capacity 616K, committed 640K, reserved 1048576K
}
Event: 1.888 GC heap before
{Heap before GC invocations=5 (full 0):
 PSYoungGen      total 71680K, used 71669K [0x00000000eab00000, 0x00000000ef600000, 0x0000000100000000)
  eden space 66560K, 100% used [0x00000000eab00000,0x00000000eec00000,0x00000000eec00000)
  from space 5120K, 99% used [0x00000000ef100000,0x00000000ef5fd6b0,0x00000000ef600000)
  to   space 5120K, 0% used [0x00000000eec00000,0x00000000eec00000,0x00000000ef100000)
 ParOldGen       total 87552K, used 13438K [0x00000000c0000000, 0x00000000c5580000, 0x00000000eab00000)
  object space 87552K, 15% used [0x00000000c0000000,0x00000000c0d1f9e0,0x00000000c5580000)
 Metaspace       used 6300K, capacity 7152K, committed 7296K, reserved 1056768K
  class space    used 602K, capacity 616K, committed 640K, reserved 1048576K
Event: 1.906 GC heap after
Heap after GC invocations=5 (full 0):
 PSYoungGen      total 71680K, used 5106K [0x00000000eab00000, 0x00000000ef600000, 0x0000000100000000)
  eden space 66560K, 0% used [0x00000000eab00000,0x00000000eab00000,0x00000000eec00000)
  from space 5120K, 99% used [0x00000000eec00000,0x00000000ef0fc8e0,0x00000000ef100000)
  to   space 5120K, 0% used [0x00000000ef100000,0x00000000ef100000,0x00000000ef600000)
 ParOldGen       total 87552K, used 22688K [0x00000000c0000000, 0x00000000c5580000, 0x00000000eab00000)
  object space 87552K, 25% used [0x00000000c0000000,0x00000000c16283d8,0x00000000c5580000)
 Metaspace       used 6300K, capacity 7152K, committed 7296K, reserved 1056768K
  class space    used 602K, capacity 616K, committed 640K, reserved 1048576K
}

Deoptimization events (10 events):
Event: 1.253 Thread 0x0000000001d50800 Uncommon trap: reason=class_check action=maybe_recompile pc=0x0000000002220144 method=java.util.HashMap.putVal(ILjava/lang/Object;Ljava/lang/Object;ZZ)Ljava/lang/Object; @ 203
Event: 1.254 Thread 0x0000000001d50800 Uncommon trap: reason=bimorphic action=maybe_recompile pc=0x00000000020e8334 method=java.util.HashMap.getNode(ILjava/lang/Object;)Ljava/util/HashMap$Node; @ 126
Event: 1.319 Thread 0x0000000016e8e800 Uncommon trap: reason=unstable_if action=reinterpret pc=0x00000000020a7520 method=com.android.dx.rop.code.RegisterSpec.equals(ILcom/android/dx/rop/type/TypeBearer;Lcom/android/dx/rop/code/LocalItem;)Z @ 42
Event: 1.334 Thread 0x0000000016e8c800 Uncommon trap: reason=unstable_if action=reinterpret pc=0x0000000002136cdc method=com.android.dx.ssa.SsaMethod.updateOneDefinition(Lcom/android/dx/ssa/SsaInsn;Lcom/android/dx/rop/code/RegisterSpec;)V @ 4
Event: 1.459 Thread 0x0000000016e32800 Uncommon trap: reason=unstable_if action=reinterpret pc=0x00000000021578fc method=com.android.dx.util.IntList.binarysearch(I)I @ 105
Event: 1.597 Thread 0x0000000016e8c800 Uncommon trap: reason=unstable_if action=reinterpret pc=0x000000000241cdf4 method=com.android.dx.ssa.SCCP.simulateBranch(Lcom/android/dx/ssa/SsaInsn;)V @ 64
Event: 1.790 Thread 0x0000000001d50800 Uncommon trap: reason=unloaded action=reinterpret pc=0x00000000024caa80 method=com.android.dx.cf.cst.ConstantPoolParser.parse0(ILjava/util/BitSet;)Lcom/android/dx/rop/cst/Constant; @ 220
Event: 1.799 Thread 0x0000000001d50800 Uncommon trap: reason=unstable_if action=reinterpret pc=0x000000000234d52c method=com.android.dx.ssa.SCCP.simulateStmt(Lcom/android/dx/ssa/SsaInsn;)V @ 53
Event: 1.835 Thread 0x0000000001d50800 Uncommon trap: reason=class_check action=maybe_recompile pc=0x00000000021fe2fc method=java.util.HashMap.putVal(ILjava/lang/Object;Ljava/lang/Object;ZZ)Ljava/lang/Object; @ 203
Event: 3.018 Thread 0x0000000016e32800 Uncommon trap: reason=unstable_if action=reinterpret pc=0x000000000256e1b0 method=com.android.dx.rop.code.LocalItem.compareHandlesNulls(Lcom/android/dx/rop/cst/CstString;Lcom/android/dx/rop/cst/CstString;)I @ 14

Internal exceptions (4 events):
Event: 0.065 Thread 0x0000000001d50800 Exception <a 'java/lang/NoSuchMethodError': Method sun.misc.Unsafe.defineClass(Ljava/lang/String;[BII)Ljava/lang/Class; name or signature does not match> (0x00000000eab0d2f0) thrown at [D:\re\puppet\workspace\8-2-build-windows-amd64-cygwin\jdk8u73\6086\hotÅi¯ÊÂ°?
Event: 0.065 Thread 0x0000000001d50800 Exception <a 'java/lang/NoSuchMethodError': Method sun.misc.Unsafe.prefetchRead(Ljava/lang/Object;J)V name or signature does not match> (0x00000000eab0d5d8) thrown at [D:\re\puppet\workspace\8-2-build-windows-amd64-cygwin\jdk8u73\6086\hotspot\src\share\vm\;ày	²ð?
Event: 1.043 Thread 0x0000000016e8e800 Implicit null exception at 0x00000000020e6122 to 0x00000000020e6221
Event: 3.018 Thread 0x0000000016e32800 Implicit null exception at 0x000000000256cc1f to 0x000000000256e181

Events (10 events):
Event: 2.446 Thread 0x0000000016e32800 DEOPT UNPACKING pc=0x0000000001e9787f sp=0x0000000017f8e780 mode 0
Event: 2.451 Thread 0x0000000016da8000 DEOPT PACKING pc=0x0000000002352a1f sp=0x000000001838eac0
Event: 2.451 Thread 0x0000000016da8000 DEOPT UNPACKING pc=0x0000000001e9787f sp=0x000000001838e838 mode 0
Event: 2.736 Thread 0x0000000016e32800 DEOPT PACKING pc=0x000000000247b0bf sp=0x0000000017f8ef30
Event: 2.736 Thread 0x0000000016e32800 DEOPT UNPACKING pc=0x0000000001e9787f sp=0x0000000017f8ed00 mode 0
Event: 2.767 loading class com/android/dx/rop/code/RegisterSpec$1
Event: 2.767 loading class com/android/dx/rop/code/RegisterSpec$1 done
Event: 3.018 Thread 0x0000000016e32800 Uncommon trap: trap_request=0xffffff65 fr.pc=0x000000000256e1b0
Event: 3.018 Thread 0x0000000016e32800 DEOPT PACKING pc=0x000000000256e1b0 sp=0x0000000017f8e990
Event: 3.018 Thread 0x0000000016e32800 DEOPT UNPACKING pc=0x0000000001e9582a sp=0x0000000017f8e778 mode 2


Dynamic libraries:
0x00007ff7fce20000 - 0x00007ff7fce57000 	C:\Program Files\Java\jdk1.8.0_73\bin\java.exe
0x00007ff904170000 - 0x00007ff904319000 	C:\Windows\SYSTEM32\ntdll.dll
0x00007ff901a00000 - 0x00007ff901b3a000 	C:\Windows\system32\KERNEL32.DLL
0x00007ff901850000 - 0x00007ff90195f000 	C:\Windows\system32\KERNELBASE.dll
0x00007ff903cd0000 - 0x00007ff903d75000 	C:\Windows\system32\ADVAPI32.dll
0x00007ff903300000 - 0x00007ff903471000 	C:\Windows\system32\USER32.dll
0x00007ff8fef70000 - 0x00007ff8ff1ca000 	C:\Windows\WinSxS\amd64_microsoft.windows.common-controls_6595b64144ccf1df_6.0.9600.16384_none_62475f7becb72503\COMCTL32.dll
0x00007ff903240000 - 0x00007ff9032e7000 	C:\Windows\system32\msvcrt.dll
0x00007ff903a90000 - 0x00007ff903ae7000 	C:\Windows\SYSTEM32\sechost.dll
0x00007ff903100000 - 0x00007ff903236000 	C:\Windows\system32\RPCRT4.dll
0x00007ff9035c0000 - 0x00007ff903705000 	C:\Windows\system32\GDI32.dll
0x00007ff904130000 - 0x00007ff904164000 	C:\Windows\system32\IMM32.DLL
0x00007ff903480000 - 0x00007ff9035b9000 	C:\Windows\system32\MSCTF.dll
0x0000000050d20000 - 0x0000000050df2000 	C:\Program Files\Java\jdk1.8.0_73\jre\bin\msvcr100.dll
0x0000000051280000 - 0x0000000051b10000 	C:\Program Files\Java\jdk1.8.0_73\jre\bin\server\jvm.dll
0x00007ff8eedc0000 - 0x00007ff8eedc9000 	C:\Windows\SYSTEM32\WSOCK32.dll
0x00007ff8fd900000 - 0x00007ff8fd91f000 	C:\Windows\SYSTEM32\WINMM.dll
0x00007ff8ffe00000 - 0x00007ff8ffe0a000 	C:\Windows\SYSTEM32\VERSION.dll
0x00007ff9038e0000 - 0x00007ff9038e7000 	C:\Windows\system32\PSAPI.DLL
0x00007ff903710000 - 0x00007ff903768000 	C:\Windows\system32\WS2_32.dll
0x00007ff8fd8c0000 - 0x00007ff8fd8ea000 	C:\Windows\SYSTEM32\WINMMBASE.dll
0x00007ff904020000 - 0x00007ff904029000 	C:\Windows\system32\NSI.dll
0x00007ff901960000 - 0x00007ff9019aa000 	C:\Windows\SYSTEM32\cfgmgr32.dll
0x00007ff900370000 - 0x00007ff900396000 	C:\Windows\SYSTEM32\DEVOBJ.dll
0x0000000051190000 - 0x000000005119f000 	C:\Program Files\Java\jdk1.8.0_73\jre\bin\verify.dll
0x0000000051160000 - 0x0000000051189000 	C:\Program Files\Java\jdk1.8.0_73\jre\bin\java.dll
0x0000000051140000 - 0x0000000051156000 	C:\Program Files\Java\jdk1.8.0_73\jre\bin\zip.dll
0x00007ff901cf0000 - 0x00007ff9030fe000 	C:\Windows\system32\SHELL32.dll
0x00007ff903af0000 - 0x00007ff903cc7000 	C:\Windows\SYSTEM32\combase.dll
0x00007ff903de0000 - 0x00007ff903e31000 	C:\Windows\system32\SHLWAPI.dll
0x00007ff900050000 - 0x00007ff9000f1000 	C:\Windows\SYSTEM32\SHCORE.dll
0x00007ff9014f0000 - 0x00007ff901504000 	C:\Windows\SYSTEM32\profapi.dll

VM Arguments:
jvm_args: -Djava.awt.headless=true -Xmx1024M -Dfile.encoding=windows-1252 -Duser.country=ES -Duser.language=es -Duser.variant 
java_command: com.android.dx.command.Main --dex --force-jumbo --num-threads=4 --multi-dex --output C:\Users\ANDROID\AndroidStudioProjects\ListView04\app\build\intermediates\transforms\dex\debug\folders\1000\10\com.android.support-support-v4-24.1.1_e65261007af169a3113cd4146123bb2d153271ac C:\Users\ANDROID\AndroidStudioProjects\ListView04\app\build\intermediates\exploded-aar\com.android.support\support-v4\24.1.1\jars\classes.jar
java_class_path (initial): C:\Users\ANDROID\AppData\Local\Android\sdk\build-tools\24.0.1\lib\dx.jar
Launcher Type: SUN_STANDARD

Environment Variables:
PATH=C:\ProgramData\Oracle\Java\javapath;C:\Windows\system32;C:\Windows;C:\Windows\System32\Wbem;C:\Windows\System32\WindowsPowerShell\v1.0\
USERNAME=ANDROID
OS=Windows_NT
PROCESSOR_IDENTIFIER=Intel64 Family 6 Model 58 Stepping 9, GenuineIntel



---------------  S Y S T E M  ---------------

OS: Windows 8.1 , 64 bit Build 9600 (6.3.9600.16384)

CPU:total 8 (4 cores per cpu, 2 threads per core) family 6 model 58 stepping 9, cmov, cx8, fxsr, mmx, sse, sse2, sse3, ssse3, sse4.1, sse4.2, popcnt, avx, aes, clmul, erms, ht, tsc, tscinvbit, tscinv

Memory: 4k page, physical 8341960k(1233360k free), swap 8341960k(3732k free)

vm_info: Java HotSpot(TM) 64-Bit Server VM (25.73-b02) for windows-amd64 JRE (1.8.0_73-b02), built on Jan 29 2016 17:38:49 by "java_re" with MS VC++ 10.0 (VS2010)

time: Sat Aug 27 17:34:46 2016
elapsed time: 3 seconds (0d 0h 0m 3s)

