#
# There is insufficient memory for the Java Runtime Environment to continue.
# Native memory allocation (malloc) failed to allocate 1815136 bytes for Chunk::new
# Possible reasons:
#   The system is out of physical RAM or swap space
#   In 32 bit mode, the process size limit was hit
# Possible solutions:
#   Reduce memory load on the system
#   Increase physical memory or swap space
#   Check if swap backing store is full
#   Use 64 bit Java on a 64 bit OS
#   Decrease Java heap size (-Xmx/-Xms)
#   Decrease number of Java threads
#   Decrease Java thread stack sizes (-Xss)
#   Set larger code cache with -XX:ReservedCodeCacheSize=
# This output file may be truncated or incomplete.
#
#  Out of Memory Error (allocation.cpp:390), pid=5380, tid=208
#
# JRE version: Java(TM) SE Runtime Environment (8.0_73-b02) (build 1.8.0_73-b02)
# Java VM: Java HotSpot(TM) 64-Bit Server VM (25.73-b02 mixed mode windows-amd64 compressed oops)
# Failed to write core dump. Minidumps are not enabled by default on client versions of Windows
#

---------------  T H R E A D  ---------------

Current thread (0x0000000016db7800):  JavaThread "C2 CompilerThread0" daemon [_thread_in_native, id=208, stack(0x0000000017390000,0x0000000017490000)]

Stack: [0x0000000017390000,0x0000000017490000]
[error occurred during error reporting (printing stack bounds), id 0xc0000005]

Native frames: (J=compiled Java code, j=interpreted, Vv=VM code, C=native code)


Current CompileTask:
C2:   4626 2058   !   4       com.android.dx.cf.code.BytecodeArray::parseInstruction (2764 bytes)


---------------  P R O C E S S  ---------------

Java Threads: ( => current thread )
  0x00000000170d3800 JavaThread "pool-2-thread-4" [_thread_blocked, id=2888, stack(0x0000000018590000,0x0000000018690000)]
  0x00000000170d2000 JavaThread "pool-2-thread-3" [_thread_blocked, id=704, stack(0x0000000018490000,0x0000000018590000)]
  0x00000000170cd000 JavaThread "pool-2-thread-2" [_thread_blocked, id=6104, stack(0x0000000018390000,0x0000000018490000)]
  0x0000000017135800 JavaThread "pool-3-thread-1" [_thread_blocked, id=5612, stack(0x0000000018290000,0x0000000018390000)]
  0x000000001715d800 JavaThread "pool-2-thread-1" [_thread_blocked, id=4872, stack(0x0000000018190000,0x0000000018290000)]
  0x0000000016dca800 JavaThread "Service Thread" daemon [_thread_blocked, id=5128, stack(0x0000000017790000,0x0000000017890000)]
  0x0000000016dc5800 JavaThread "C1 CompilerThread3" daemon [_thread_blocked, id=5344, stack(0x0000000017690000,0x0000000017790000)]
  0x0000000016dbf000 JavaThread "C2 CompilerThread2" daemon [_thread_in_native, id=4296, stack(0x0000000017590000,0x0000000017690000)]
  0x0000000016dbc000 JavaThread "C2 CompilerThread1" daemon [_thread_in_native, id=2536, stack(0x0000000017490000,0x0000000017590000)]
=>0x0000000016db7800 JavaThread "C2 CompilerThread0" daemon [_thread_in_native, id=208, stack(0x0000000017390000,0x0000000017490000)]
  0x0000000016db5000 JavaThread "Attach Listener" daemon [_thread_blocked, id=1140, stack(0x0000000017290000,0x0000000017390000)]
  0x0000000016db4800 JavaThread "Signal Dispatcher" daemon [_thread_blocked, id=3536, stack(0x0000000017190000,0x0000000017290000)]
  0x000000000219a000 JavaThread "Finalizer" daemon [_thread_blocked, id=3288, stack(0x0000000016b90000,0x0000000016c90000)]
  0x0000000002192000 JavaThread "Reference Handler" daemon [_thread_blocked, id=4560, stack(0x0000000016a90000,0x0000000016b90000)]
  0x00000000020a0800 JavaThread "main" [_thread_blocked, id=5364, stack(0x0000000001fa0000,0x00000000020a0000)]

Other Threads:
  0x0000000014cb9800 VMThread [stack: 0x0000000016990000,0x0000000016a90000] [id=4780]
  0x0000000016e73000 WatcherThread [stack: 0x0000000017890000,0x0000000017990000] [id=2652]

VM state:not at safepoint (normal execution)

VM Mutex/Monitor currently owned by a thread: None

Heap:
 PSYoungGen      total 71680K, used 67714K [0x00000000eab00000, 0x00000000ef600000, 0x0000000100000000)
  eden space 66560K, 94% used [0x00000000eab00000,0x00000000ee823f48,0x00000000eec00000)
  from space 5120K, 99% used [0x00000000eec00000,0x00000000ef0fc8c8,0x00000000ef100000)
  to   space 5120K, 0% used [0x00000000ef100000,0x00000000ef100000,0x00000000ef600000)
 ParOldGen       total 87552K, used 12189K [0x00000000c0000000, 0x00000000c5580000, 0x00000000eab00000)
  object space 87552K, 13% used [0x00000000c0000000,0x00000000c0be76c8,0x00000000c5580000)
 Metaspace       used 6320K, capacity 7152K, committed 7296K, reserved 1056768K
  class space    used 604K, capacity 616K, committed 640K, reserved 1048576K

Card table byte_map: [0x0000000011560000,0x0000000011770000] byte_map_base: 0x0000000010f60000

Marking Bits: (ParMarkBitMap*) 0x0000000051a90600
 Begin Bits: [0x00000000120d0000, 0x00000000130d0000)
 End Bits:   [0x00000000130d0000, 0x00000000140d0000)

Polling page: 0x0000000000670000

CodeCache: size=245760Kb used=9029Kb max_used=9043Kb free=236730Kb
 bounds [0x00000000021a0000, 0x0000000002a80000, 0x00000000111a0000]
 total_blobs=2262 nmethods=1993 adapters=182
 compilation: enabled

Compilation events (10 events):
Event: 4.530 Thread 0x0000000016dc5800 2059       3       java.util.HashMap::entrySet (27 bytes)
Event: 4.530 Thread 0x0000000016dc5800 nmethod 2059 0x0000000002a63910 code [0x0000000002a63aa0, 0x0000000002a63e50]
Event: 4.530 Thread 0x0000000016dc5800 2061       3       java.util.Collections::sort (8 bytes)
Event: 4.530 Thread 0x0000000016dc5800 nmethod 2061 0x0000000002a634d0 code [0x0000000002a63640, 0x0000000002a63848]
Event: 4.530 Thread 0x0000000016dc5800 2055       3       com.android.dx.dex.code.RopTranslator$TranslationVisitor::visitThrowingInsn (118 bytes)
Event: 4.532 Thread 0x0000000016dc5800 nmethod 2055 0x0000000002a75b10 code [0x0000000002a75e20, 0x0000000002a77728]
Event: 4.532 Thread 0x0000000016dc5800 2062       1       com.android.dx.rop.cst.CstFloat::getType (4 bytes)
Event: 4.532 Thread 0x0000000016dc5800 nmethod 2062 0x0000000002a63210 code [0x0000000002a63360, 0x0000000002a63470]
Event: 4.539 Thread 0x0000000016db7800 nmethod 2046% 0x0000000002a7aa50 code [0x0000000002a7acc0, 0x0000000002a7b9e0]
Event: 4.539 Thread 0x0000000016db7800 2058   !   4       com.android.dx.cf.code.BytecodeArray::parseInstruction (2764 bytes)

GC Heap History (6 events):
Event: 0.824 GC heap before
{Heap before GC invocations=1 (full 0):
 PSYoungGen      total 38400K, used 33280K [0x00000000eab00000, 0x00000000ed580000, 0x0000000100000000)
  eden space 33280K, 100% used [0x00000000eab00000,0x00000000ecb80000,0x00000000ecb80000)
  from space 5120K, 0% used [0x00000000ed080000,0x00000000ed080000,0x00000000ed580000)
  to   space 5120K, 0% used [0x00000000ecb80000,0x00000000ecb80000,0x00000000ed080000)
 ParOldGen       total 87552K, used 0K [0x00000000c0000000, 0x00000000c5580000, 0x00000000eab00000)
  object space 87552K, 0% used [0x00000000c0000000,0x00000000c0000000,0x00000000c5580000)
 Metaspace       used 5885K, capacity 6832K, committed 7040K, reserved 1056768K
  class space    used 600K, capacity 616K, committed 640K, reserved 1048576K
Event: 0.914 GC heap after
Heap after GC invocations=1 (full 0):
 PSYoungGen      total 38400K, used 4569K [0x00000000eab00000, 0x00000000ef600000, 0x0000000100000000)
  eden space 33280K, 0% used [0x00000000eab00000,0x00000000eab00000,0x00000000ecb80000)
  from space 5120K, 89% used [0x00000000ecb80000,0x00000000ecff6770,0x00000000ed080000)
  to   space 5120K, 0% used [0x00000000ef100000,0x00000000ef100000,0x00000000ef600000)
 ParOldGen       total 87552K, used 8K [0x00000000c0000000, 0x00000000c5580000, 0x00000000eab00000)
  object space 87552K, 0% used [0x00000000c0000000,0x00000000c0002000,0x00000000c5580000)
 Metaspace       used 5885K, capacity 6832K, committed 7040K, reserved 1056768K
  class space    used 600K, capacity 616K, committed 640K, reserved 1048576K
}
Event: 1.130 GC heap before
{Heap before GC invocations=2 (full 0):
 PSYoungGen      total 38400K, used 37849K [0x00000000eab00000, 0x00000000ef600000, 0x0000000100000000)
  eden space 33280K, 100% used [0x00000000eab00000,0x00000000ecb80000,0x00000000ecb80000)
  from space 5120K, 89% used [0x00000000ecb80000,0x00000000ecff6770,0x00000000ed080000)
  to   space 5120K, 0% used [0x00000000ef100000,0x00000000ef100000,0x00000000ef600000)
 ParOldGen       total 87552K, used 8K [0x00000000c0000000, 0x00000000c5580000, 0x00000000eab00000)
  object space 87552K, 0% used [0x00000000c0000000,0x00000000c0002000,0x00000000c5580000)
 Metaspace       used 6094K, capacity 6960K, committed 7040K, reserved 1056768K
  class space    used 603K, capacity 616K, committed 640K, reserved 1048576K
Event: 1.206 GC heap after
Heap after GC invocations=2 (full 0):
 PSYoungGen      total 71680K, used 5096K [0x00000000eab00000, 0x00000000ef600000, 0x0000000100000000)
  eden space 66560K, 0% used [0x00000000eab00000,0x00000000eab00000,0x00000000eec00000)
  from space 5120K, 99% used [0x00000000ef100000,0x00000000ef5fa2e0,0x00000000ef600000)
  to   space 5120K, 0% used [0x00000000eec00000,0x00000000eec00000,0x00000000ef100000)
 ParOldGen       total 87552K, used 3347K [0x00000000c0000000, 0x00000000c5580000, 0x00000000eab00000)
  object space 87552K, 3% used [0x00000000c0000000,0x00000000c0344ea0,0x00000000c5580000)
 Metaspace       used 6094K, capacity 6960K, committed 7040K, reserved 1056768K
  class space    used 603K, capacity 616K, committed 640K, reserved 1048576K
}
Event: 3.181 GC heap before
{Heap before GC invocations=3 (full 0):
 PSYoungGen      total 71680K, used 71656K [0x00000000eab00000, 0x00000000ef600000, 0x0000000100000000)
  eden space 66560K, 100% used [0x00000000eab00000,0x00000000eec00000,0x00000000eec00000)
  from space 5120K, 99% used [0x00000000ef100000,0x00000000ef5fa2e0,0x00000000ef600000)
  to   space 5120K, 0% used [0x00000000eec00000,0x00000000eec00000,0x00000000ef100000)
 ParOldGen       total 87552K, used 3347K [0x00000000c0000000, 0x00000000c5580000, 0x00000000eab00000)
  object space 87552K, 3% used [0x00000000c0000000,0x00000000c0344ea0,0x00000000c5580000)
 Metaspace       used 6252K, capacity 7088K, committed 7296K, reserved 1056768K
  class space    used 603K, capacity 616K, committed 640K, reserved 1048576K
Event: 3.349 GC heap after
Heap after GC invocations=3 (full 0):
 PSYoungGen      total 71680K, used 5106K [0x00000000eab00000, 0x00000000ef600000, 0x0000000100000000)
  eden space 66560K, 0% used [0x00000000eab00000,0x00000000eab00000,0x00000000eec00000)
  from space 5120K, 99% used [0x00000000eec00000,0x00000000ef0fc8c8,0x00000000ef100000)
  to   space 5120K, 0% used [0x00000000ef100000,0x00000000ef100000,0x00000000ef600000)
 ParOldGen       total 87552K, used 12189K [0x00000000c0000000, 0x00000000c5580000, 0x00000000eab00000)
  object space 87552K, 13% used [0x00000000c0000000,0x00000000c0be76c8,0x00000000c5580000)
 Metaspace       used 6252K, capacity 7088K, committed 7296K, reserved 1056768K
  class space    used 603K, capacity 616K, committed 640K, reserved 1048576K
}

Deoptimization events (10 events):
Event: 4.304 Thread 0x00000000170d2000 Uncommon trap: reason=unstable_if action=reinterpret pc=0x000000000299b134 method=com.android.dx.dex.code.RopTranslator.pickOrder()V @ 279
Event: 4.484 Thread 0x00000000020a0800 Uncommon trap: reason=unloaded action=reinterpret pc=0x000000000278e4e0 method=com.android.dx.cf.cst.ConstantPoolParser.parse0(ILjava/util/BitSet;)Lcom/android/dx/rop/cst/Constant; @ 220
Event: 4.523 Thread 0x00000000170d3800 Uncommon trap: reason=unstable_if action=reinterpret pc=0x00000000026de7f8 method=com.android.dx.ssa.SCCP.simulateStmt(Lcom/android/dx/ssa/SsaInsn;)V @ 53
Event: 4.526 Thread 0x00000000170d3800 Uncommon trap: reason=unstable_if action=reinterpret pc=0x0000000002a2d360 method=com.android.dx.ssa.SCCP.simulateBranch(Lcom/android/dx/ssa/SsaInsn;)V @ 548
Event: 4.526 Thread 0x00000000170d3800 Uncommon trap: reason=class_check action=maybe_recompile pc=0x0000000002a4708c method=com.android.dx.cf.code.BytecodeArray.parseInstruction(ILcom/android/dx/cf/code/BytecodeArray$Visitor;)I @ 1807
Event: 4.526 Thread 0x00000000170d3800 Uncommon trap: reason=class_check action=maybe_recompile pc=0x0000000002a4708c method=com.android.dx.cf.code.BytecodeArray.parseInstruction(ILcom/android/dx/cf/code/BytecodeArray$Visitor;)I @ 1807
Event: 4.526 Thread 0x00000000170d3800 Uncommon trap: reason=class_check action=maybe_recompile pc=0x0000000002a4708c method=com.android.dx.cf.code.BytecodeArray.parseInstruction(ILcom/android/dx/cf/code/BytecodeArray$Visitor;)I @ 1807
Event: 4.526 Thread 0x00000000170d3800 Uncommon trap: reason=class_check action=maybe_recompile pc=0x0000000002a46b5c method=com.android.dx.cf.code.BytecodeArray.parseInstruction(ILcom/android/dx/cf/code/BytecodeArray$Visitor;)I @ 1417
Event: 4.526 Thread 0x00000000170d3800 Uncommon trap: reason=class_check action=maybe_recompile pc=0x0000000002a46b5c method=com.android.dx.cf.code.BytecodeArray.parseInstruction(ILcom/android/dx/cf/code/BytecodeArray$Visitor;)I @ 1417
Event: 4.528 Thread 0x00000000170d3800 Uncommon trap: reason=bimorphic action=maybe_recompile pc=0x00000000029f3a44 method=java.util.HashMap.putVal(ILjava/lang/Object;Ljava/lang/Object;ZZ)Ljava/lang/Object; @ 203

Internal exceptions (4 events):
Event: 0.100 Thread 0x00000000020a0800 Exception <a 'java/lang/NoSuchMethodError': Method sun.misc.Unsafe.defineClass(Ljava/lang/String;[BII)Ljava/lang/Class; name or signature does not match> (0x00000000eab0d2f0) thrown at [D:\re\puppet\workspace\8-2-build-windows-amd64-cygwin\jdk8u73\6086\hote!ê•Ωπ?
Event: 0.101 Thread 0x00000000020a0800 Exception <a 'java/lang/NoSuchMethodError': Method sun.misc.Unsafe.prefetchRead(Ljava/lang/Object;J)V name or signature does not match> (0x00000000eab0d5d8) thrown at [D:\re\puppet\workspace\8-2-build-windows-amd64-cygwin\jdk8u73\6086\hotspot\src\share\vm\Ÿ%“≈W?Ó?
Event: 0.945 Thread 0x000000001715d800 Implicit null exception at 0x00000000025122e2 to 0x00000000025123e1
Event: 4.183 Thread 0x00000000170d3800 Implicit null exception at 0x00000000029957f3 to 0x0000000002996e05

Events (10 events):
Event: 4.526 Thread 0x00000000170d3800 DEOPT PACKING pc=0x0000000002a46b5c sp=0x000000001868ea30
Event: 4.526 Thread 0x00000000170d3800 DEOPT UNPACKING pc=0x00000000021e582a sp=0x000000001868e998 mode 2
Event: 4.526 Thread 0x00000000170d3800 Uncommon trap: trap_request=0xffffffde fr.pc=0x0000000002a46b5c
Event: 4.526 Thread 0x00000000170d3800 DEOPT PACKING pc=0x0000000002a46b5c sp=0x000000001868ea30
Event: 4.526 Thread 0x00000000170d3800 DEOPT UNPACKING pc=0x00000000021e582a sp=0x000000001868e998 mode 2
Event: 4.528 Thread 0x00000000170d3800 Uncommon trap: trap_request=0xffffffc6 fr.pc=0x00000000029f3a44
Event: 4.528 Thread 0x00000000170d3800 DEOPT PACKING pc=0x00000000029f3a44 sp=0x000000001868e860
Event: 4.528 Thread 0x00000000170d3800 DEOPT UNPACKING pc=0x00000000021e582a sp=0x000000001868e728 mode 2
Event: 4.531 Thread 0x00000000170d3800 DEOPT PACKING pc=0x0000000002570ae8 sp=0x000000001868e910
Event: 4.531 Thread 0x00000000170d3800 DEOPT UNPACKING pc=0x00000000021e787f sp=0x000000001868e740 mode 0


Dynamic libraries:
0x00007ff7fce20000 - 0x00007ff7fce57000 	C:\Program Files\Java\jdk1.8.0_73\bin\java.exe
0x00007ff904170000 - 0x00007ff904319000 	C:\Windows\SYSTEM32\ntdll.dll
0x00007ff901a00000 - 0x00007ff901b3a000 	C:\Windows\system32\KERNEL32.DLL
0x00007ff901850000 - 0x00007ff90195f000 	C:\Windows\system32\KERNELBASE.dll
0x00007ff903cd0000 - 0x00007ff903d75000 	C:\Windows\system32\ADVAPI32.dll
0x00007ff903300000 - 0x00007ff903471000 	C:\Windows\system32\USER32.dll
0x00007ff8fef70000 - 0x00007ff8ff1ca000 	C:\Windows\WinSxS\amd64_microsoft.windows.common-controls_6595b64144ccf1df_6.0.9600.16384_none_62475f7becb72503\COMCTL32.dll
0x00007ff903240000 - 0x00007ff9032e7000 	C:\Windows\system32\msvcrt.dll
0x00007ff903a90000 - 0x00007ff903ae7000 	C:\Windows\SYSTEM32\sechost.dll
0x00007ff903100000 - 0x00007ff903236000 	C:\Windows\system32\RPCRT4.dll
0x00007ff9035c0000 - 0x00007ff903705000 	C:\Windows\system32\GDI32.dll
0x00007ff904130000 - 0x00007ff904164000 	C:\Windows\system32\IMM32.DLL
0x00007ff903480000 - 0x00007ff9035b9000 	C:\Windows\system32\MSCTF.dll
0x0000000050d20000 - 0x0000000050df2000 	C:\Program Files\Java\jdk1.8.0_73\jre\bin\msvcr100.dll
0x0000000051280000 - 0x0000000051b10000 	C:\Program Files\Java\jdk1.8.0_73\jre\bin\server\jvm.dll
0x00007ff8eedc0000 - 0x00007ff8eedc9000 	C:\Windows\SYSTEM32\WSOCK32.dll
0x00007ff8fd900000 - 0x00007ff8fd91f000 	C:\Windows\SYSTEM32\WINMM.dll
0x00007ff8ffe00000 - 0x00007ff8ffe0a000 	C:\Windows\SYSTEM32\VERSION.dll
0x00007ff9038e0000 - 0x00007ff9038e7000 	C:\Windows\system32\PSAPI.DLL
0x00007ff903710000 - 0x00007ff903768000 	C:\Windows\system32\WS2_32.dll
0x00007ff8fd8c0000 - 0x00007ff8fd8ea000 	C:\Windows\SYSTEM32\WINMMBASE.dll
0x00007ff904020000 - 0x00007ff904029000 	C:\Windows\system32\NSI.dll
0x00007ff901960000 - 0x00007ff9019aa000 	C:\Windows\SYSTEM32\cfgmgr32.dll
0x00007ff900370000 - 0x00007ff900396000 	C:\Windows\SYSTEM32\DEVOBJ.dll
0x0000000051190000 - 0x000000005119f000 	C:\Program Files\Java\jdk1.8.0_73\jre\bin\verify.dll
0x0000000051160000 - 0x0000000051189000 	C:\Program Files\Java\jdk1.8.0_73\jre\bin\java.dll
0x0000000051140000 - 0x0000000051156000 	C:\Program Files\Java\jdk1.8.0_73\jre\bin\zip.dll
0x00007ff901cf0000 - 0x00007ff9030fe000 	C:\Windows\system32\SHELL32.dll
0x00007ff903af0000 - 0x00007ff903cc7000 	C:\Windows\SYSTEM32\combase.dll
0x00007ff903de0000 - 0x00007ff903e31000 	C:\Windows\system32\SHLWAPI.dll
0x00007ff900050000 - 0x00007ff9000f1000 	C:\Windows\SYSTEM32\SHCORE.dll
0x00007ff9014f0000 - 0x00007ff901504000 	C:\Windows\SYSTEM32\profapi.dll

VM Arguments:
jvm_args: -Djava.awt.headless=true -Xmx1024M -Dfile.encoding=windows-1252 -Duser.country=ES -Duser.language=es -Duser.variant 
java_command: com.android.dx.command.Main --dex --force-jumbo --num-threads=4 --multi-dex --output C:\Users\ANDROID\AndroidStudioProjects\ListView04\app\build\intermediates\transforms\dex\debug\folders\1000\10\com.android.support-support-v4-24.1.1_e65261007af169a3113cd4146123bb2d153271ac C:\Users\ANDROID\AndroidStudioProjects\ListView04\app\build\intermediates\exploded-aar\com.android.support\support-v4\24.1.1\jars\classes.jar
java_class_path (initial): C:\Users\ANDROID\AppData\Local\Android\sdk\build-tools\24.0.1\lib\dx.jar
Launcher Type: SUN_STANDARD

Environment Variables:
PATH=C:\ProgramData\Oracle\Java\javapath;C:\Windows\system32;C:\Windows;C:\Windows\System32\Wbem;C:\Windows\System32\WindowsPowerShell\v1.0\
USERNAME=ANDROID
OS=Windows_NT
PROCESSOR_IDENTIFIER=Intel64 Family 6 Model 58 Stepping 9, GenuineIntel



---------------  S Y S T E M  ---------------

OS: Windows 8.1 , 64 bit Build 9600 (6.3.9600.16384)

CPU:total 8 (4 cores per cpu, 2 threads per core) family 6 model 58 stepping 9, cmov, cx8, fxsr, mmx, sse, sse2, sse3, ssse3, sse4.1, sse4.2, popcnt, avx, aes, clmul, erms, ht, tsc, tscinvbit, tscinv

Memory: 4k page, physical 8341960k(1294360k free), swap 8341960k(6520k free)

vm_info: Java HotSpot(TM) 64-Bit Server VM (25.73-b02) for windows-amd64 JRE (1.8.0_73-b02), built on Jan 29 2016 17:38:49 by "java_re" with MS VC++ 10.0 (VS2010)

time: Sat Aug 27 17:33:31 2016
elapsed time: 4 seconds (0d 0h 0m 4s)

