#
# There is insufficient memory for the Java Runtime Environment to continue.
# Native memory allocation (malloc) failed to allocate 43616 bytes for Chunk::new
# Possible reasons:
#   The system is out of physical RAM or swap space
#   In 32 bit mode, the process size limit was hit
# Possible solutions:
#   Reduce memory load on the system
#   Increase physical memory or swap space
#   Check if swap backing store is full
#   Use 64 bit Java on a 64 bit OS
#   Decrease Java heap size (-Xmx/-Xms)
#   Decrease number of Java threads
#   Decrease Java thread stack sizes (-Xss)
#   Set larger code cache with -XX:ReservedCodeCacheSize=
# This output file may be truncated or incomplete.
#
#  Out of Memory Error (allocation.cpp:390), pid=5140, tid=4044
#
# JRE version: Java(TM) SE Runtime Environment (8.0_73-b02) (build 1.8.0_73-b02)
# Java VM: Java HotSpot(TM) 64-Bit Server VM (25.73-b02 mixed mode windows-amd64 compressed oops)
# Failed to write core dump. Minidumps are not enabled by default on client versions of Windows
#

---------------  T H R E A D  ---------------

Current thread (0x0000000017756800):  JavaThread "C2 CompilerThread0" daemon [_thread_in_native, id=4044, stack(0x0000000017d30000,0x0000000017e30000)]

Stack: [0x0000000017d30000,0x0000000017e30000]
[error occurred during error reporting (printing stack bounds), id 0xc0000005]

Native frames: (J=compiled Java code, j=interpreted, Vv=VM code, C=native code)


Current CompileTask:
C2:    226  308       4       java.lang.String::replace (127 bytes)


---------------  P R O C E S S  ---------------

Java Threads: ( => current thread )
  0x0000000017a7b000 JavaThread "pool-2-thread-4" [_thread_in_vm, id=800, stack(0x0000000018930000,0x0000000018a30000)]
  0x0000000017a77000 JavaThread "pool-2-thread-3" [_thread_blocked, id=3996, stack(0x0000000018830000,0x0000000018930000)]
  0x0000000017a76800 JavaThread "pool-2-thread-2" [_thread_blocked, id=3284, stack(0x0000000018730000,0x0000000018830000)]
  0x0000000017a64800 JavaThread "pool-3-thread-1" [_thread_blocked, id=5936, stack(0x0000000018630000,0x0000000018730000)]
  0x0000000017a63800 JavaThread "pool-2-thread-1" [_thread_blocked, id=5884, stack(0x0000000018530000,0x0000000018630000)]
  0x00000000177d4800 JavaThread "Service Thread" daemon [_thread_blocked, id=732, stack(0x0000000018130000,0x0000000018230000)]
  0x0000000017769800 JavaThread "C1 CompilerThread3" daemon [_thread_in_native, id=3076, stack(0x0000000018030000,0x0000000018130000)]
  0x0000000017766000 JavaThread "C2 CompilerThread2" daemon [_thread_blocked, id=2928, stack(0x0000000017f30000,0x0000000018030000)]
  0x000000001775e800 JavaThread "C2 CompilerThread1" daemon [_thread_blocked, id=704, stack(0x0000000017e30000,0x0000000017f30000)]
=>0x0000000017756800 JavaThread "C2 CompilerThread0" daemon [_thread_in_native, id=4044, stack(0x0000000017d30000,0x0000000017e30000)]
  0x0000000017754000 JavaThread "Attach Listener" daemon [_thread_blocked, id=5668, stack(0x0000000017c30000,0x0000000017d30000)]
  0x0000000017753800 JavaThread "Signal Dispatcher" daemon [_thread_blocked, id=5372, stack(0x0000000017b30000,0x0000000017c30000)]
  0x0000000002b19000 JavaThread "Finalizer" daemon [_thread_blocked, id=3948, stack(0x0000000017520000,0x0000000017620000)]
  0x0000000002b12000 JavaThread "Reference Handler" daemon [_thread_blocked, id=2596, stack(0x0000000017420000,0x0000000017520000)]
  0x0000000002a20800 JavaThread "main" [_thread_blocked, id=5148, stack(0x00000000028f0000,0x00000000029f0000)]

Other Threads:
  0x0000000015659800 VMThread [stack: 0x0000000017320000,0x0000000017420000] [id=5872]
  0x00000000177d8800 WatcherThread [stack: 0x0000000018230000,0x0000000018330000] [id=3408]

VM state:not at safepoint (normal execution)

VM Mutex/Monitor currently owned by a thread: None

Heap:
 PSYoungGen      total 38400K, used 9321K [0x00000000eab00000, 0x00000000ed580000, 0x0000000100000000)
  eden space 33280K, 28% used [0x00000000eab00000,0x00000000eb41a4f0,0x00000000ecb80000)
  from space 5120K, 0% used [0x00000000ed080000,0x00000000ed080000,0x00000000ed580000)
  to   space 5120K, 0% used [0x00000000ecb80000,0x00000000ecb80000,0x00000000ed080000)
 ParOldGen       total 87552K, used 0K [0x00000000c0000000, 0x00000000c5580000, 0x00000000eab00000)
  object space 87552K, 0% used [0x00000000c0000000,0x00000000c0000000,0x00000000c5580000)
 Metaspace       used 4723K, capacity 5808K, committed 6016K, reserved 1058816K
  class space    used 525K, capacity 552K, committed 640K, reserved 1048576K

Card table byte_map: [0x0000000011ee0000,0x00000000120f0000] byte_map_base: 0x00000000118e0000

Marking Bits: (ParMarkBitMap*) 0x0000000051a90600
 Begin Bits: [0x0000000012a50000, 0x0000000013a50000)
 End Bits:   [0x0000000013a50000, 0x0000000014a50000)

Polling page: 0x0000000002890000

CodeCache: size=245760Kb used=1675Kb max_used=1675Kb free=244084Kb
 bounds [0x0000000002b20000, 0x0000000002d90000, 0x0000000011b20000]
 total_blobs=575 nmethods=310 adapters=178
 compilation: enabled

Compilation events (10 events):
Event: 0.224 Thread 0x0000000017756800  308       4       java.lang.String::replace (127 bytes)
Event: 0.224 Thread 0x000000001775e800 nmethod 303 0x0000000002cbf950 code [0x0000000002cbfa80, 0x0000000002cbfaf8]
Event: 0.225 Thread 0x0000000017769800 nmethod 302 0x0000000002cc3510 code [0x0000000002cc3760, 0x0000000002cc4708]
Event: 0.225 Thread 0x0000000017769800  301       1       com.android.dx.rop.code.RegisterSpec::getLocalItem (5 bytes)
Event: 0.225 Thread 0x0000000017769800 nmethod 301 0x0000000002cbf690 code [0x0000000002cbf7e0, 0x0000000002cbf8f0]
Event: 0.225 Thread 0x0000000017769800  304   !   3       com.android.dx.ssa.LocalVariableInfo::getStarts0 (18 bytes)
Event: 0.225 Thread 0x0000000017769800 nmethod 304 0x0000000002cbf110 code [0x0000000002cbf280, 0x0000000002cbf4e8]
Event: 0.225 Thread 0x0000000017769800  305       1       com.android.dx.ssa.NormalSsaInsn::getOriginalRopInsn (5 bytes)
Event: 0.225 Thread 0x0000000017769800 nmethod 305 0x0000000002cc0dd0 code [0x0000000002cc0f20, 0x0000000002cc1030]
Event: 0.225 Thread 0x0000000017769800  306       1       com.android.dx.ssa.SsaBasicBlock::getSuccessorList (5 bytes)

GC Heap History (0 events):
No events

Deoptimization events (0 events):
No events

Internal exceptions (2 events):
Event: 0.030 Thread 0x0000000002a20800 Exception <a 'java/lang/NoSuchMethodError': Method sun.misc.Unsafe.defineClass(Ljava/lang/String;[BII)Ljava/lang/Class; name or signature does not match> (0x00000000eab0d188) thrown at [D:\re\puppet\workspace\8-2-build-windows-amd64-cygwin\jdk8u73\6086\hotƒçËOü?
Event: 0.030 Thread 0x0000000002a20800 Exception <a 'java/lang/NoSuchMethodError': Method sun.misc.Unsafe.prefetchRead(Ljava/lang/Object;J)V name or signature does not match> (0x00000000eab0d470) thrown at [D:\re\puppet\workspace\8-2-build-windows-amd64-cygwin\jdk8u73\6086\hotspot\src\share\vm\

Events (10 events):
Event: 0.222 loading class com/android/dx/rop/code/RegisterSpecSet
Event: 0.222 loading class com/android/dx/rop/code/RegisterSpecSet done
Event: 0.222 loading class com/android/dx/ssa/DomFront
Event: 0.222 loading class com/android/dx/ssa/DomFront done
Event: 0.223 loading class com/android/dx/ssa/DomFront$DomInfo
Event: 0.223 loading class com/android/dx/ssa/DomFront$DomInfo done
Event: 0.224 loading class com/android/dx/ssa/Dominators
Event: 0.224 loading class com/android/dx/ssa/Dominators done
Event: 0.224 loading class com/android/dx/ssa/SsaBasicBlock$Visitor
Event: 0.224 loading class com/android/dx/ssa/SsaBasicBlock$Visitor done


Dynamic libraries:
0x00007ff7fce20000 - 0x00007ff7fce57000 	C:\Program Files\Java\jdk1.8.0_73\bin\java.exe
0x00007ff904170000 - 0x00007ff904319000 	C:\Windows\SYSTEM32\ntdll.dll
0x00007ff901a00000 - 0x00007ff901b3a000 	C:\Windows\system32\KERNEL32.DLL
0x00007ff901850000 - 0x00007ff90195f000 	C:\Windows\system32\KERNELBASE.dll
0x00007ff903cd0000 - 0x00007ff903d75000 	C:\Windows\system32\ADVAPI32.dll
0x00007ff903300000 - 0x00007ff903471000 	C:\Windows\system32\USER32.dll
0x00007ff8fef70000 - 0x00007ff8ff1ca000 	C:\Windows\WinSxS\amd64_microsoft.windows.common-controls_6595b64144ccf1df_6.0.9600.16384_none_62475f7becb72503\COMCTL32.dll
0x00007ff903240000 - 0x00007ff9032e7000 	C:\Windows\system32\msvcrt.dll
0x00007ff903a90000 - 0x00007ff903ae7000 	C:\Windows\SYSTEM32\sechost.dll
0x00007ff903100000 - 0x00007ff903236000 	C:\Windows\system32\RPCRT4.dll
0x00007ff9035c0000 - 0x00007ff903705000 	C:\Windows\system32\GDI32.dll
0x00007ff904130000 - 0x00007ff904164000 	C:\Windows\system32\IMM32.DLL
0x00007ff903480000 - 0x00007ff9035b9000 	C:\Windows\system32\MSCTF.dll
0x0000000050d20000 - 0x0000000050df2000 	C:\Program Files\Java\jdk1.8.0_73\jre\bin\msvcr100.dll
0x0000000051280000 - 0x0000000051b10000 	C:\Program Files\Java\jdk1.8.0_73\jre\bin\server\jvm.dll
0x00007ff8eedc0000 - 0x00007ff8eedc9000 	C:\Windows\SYSTEM32\WSOCK32.dll
0x00007ff8fd900000 - 0x00007ff8fd91f000 	C:\Windows\SYSTEM32\WINMM.dll
0x00007ff8ffe00000 - 0x00007ff8ffe0a000 	C:\Windows\SYSTEM32\VERSION.dll
0x00007ff9038e0000 - 0x00007ff9038e7000 	C:\Windows\system32\PSAPI.DLL
0x00007ff903710000 - 0x00007ff903768000 	C:\Windows\system32\WS2_32.dll
0x00007ff8fd8c0000 - 0x00007ff8fd8ea000 	C:\Windows\SYSTEM32\WINMMBASE.dll
0x00007ff904020000 - 0x00007ff904029000 	C:\Windows\system32\NSI.dll
0x00007ff901960000 - 0x00007ff9019aa000 	C:\Windows\SYSTEM32\cfgmgr32.dll
0x00007ff900370000 - 0x00007ff900396000 	C:\Windows\SYSTEM32\DEVOBJ.dll
0x0000000051190000 - 0x000000005119f000 	C:\Program Files\Java\jdk1.8.0_73\jre\bin\verify.dll
0x0000000051160000 - 0x0000000051189000 	C:\Program Files\Java\jdk1.8.0_73\jre\bin\java.dll
0x0000000051140000 - 0x0000000051156000 	C:\Program Files\Java\jdk1.8.0_73\jre\bin\zip.dll
0x00007ff901cf0000 - 0x00007ff9030fe000 	C:\Windows\system32\SHELL32.dll
0x00007ff903af0000 - 0x00007ff903cc7000 	C:\Windows\SYSTEM32\combase.dll
0x00007ff903de0000 - 0x00007ff903e31000 	C:\Windows\system32\SHLWAPI.dll
0x00007ff900050000 - 0x00007ff9000f1000 	C:\Windows\SYSTEM32\SHCORE.dll
0x00007ff9014f0000 - 0x00007ff901504000 	C:\Windows\SYSTEM32\profapi.dll

VM Arguments:
jvm_args: -Djava.awt.headless=true -Xmx1024M -Dfile.encoding=windows-1252 -Duser.country=ES -Duser.language=es -Duser.variant 
java_command: com.android.dx.command.Main --dex --force-jumbo --num-threads=4 --multi-dex --output C:\Users\ANDROID\AndroidStudioProjects\ListView04\app\build\intermediates\transforms\dex\debug\folders\1000\10\com.android.support-animated-vector-drawable-24.1.1_821cb53ef56099a2361bd1afc110f892a53202c9 C:\Users\ANDROID\AndroidStudioProjects\ListView04\app\build\intermediates\exploded-aar\com.android.support\animated-vector-drawable\24.1.1\jars\classes.jar
java_class_path (initial): C:\Users\ANDROID\AppData\Local\Android\sdk\build-tools\24.0.1\lib\dx.jar
Launcher Type: SUN_STANDARD

Environment Variables:



---------------  S Y S T E M  ---------------

OS: Windows 8.1 , 64 bit Build 9600 (6.3.9600.16384)

CPU:total 8 (4 cores per cpu, 2 threads per core) family 6 model 58 stepping 9, cmov, cx8, fxsr, mmx, sse, sse2, sse3, ssse3, sse4.1, sse4.2, popcnt, avx, aes, clmul, erms, ht, tsc, tscinvbit, tscinv

Memory: 4k page, physical 8341960k(1416724k free), swap 8341960k(5100k free)

vm_info: Java HotSpot(TM) 64-Bit Server VM (25.73-b02) for windows-amd64 JRE (1.8.0_73-b02), built on Jan 29 2016 17:38:49 by "java_re" with MS VC++ 10.0 (VS2010)

time: Sat Aug 27 17:30:49 2016
elapsed time: 0 seconds (0d 0h 0m 0s)

