#
# There is insufficient memory for the Java Runtime Environment to continue.
# Native memory allocation (malloc) failed to allocate 1479776 bytes for Chunk::new
# Possible reasons:
#   The system is out of physical RAM or swap space
#   In 32 bit mode, the process size limit was hit
# Possible solutions:
#   Reduce memory load on the system
#   Increase physical memory or swap space
#   Check if swap backing store is full
#   Use 64 bit Java on a 64 bit OS
#   Decrease Java heap size (-Xmx/-Xms)
#   Decrease number of Java threads
#   Decrease Java thread stack sizes (-Xss)
#   Set larger code cache with -XX:ReservedCodeCacheSize=
# This output file may be truncated or incomplete.
#
#  Out of Memory Error (allocation.cpp:390), pid=5208, tid=3160
#
# JRE version: Java(TM) SE Runtime Environment (8.0_73-b02) (build 1.8.0_73-b02)
# Java VM: Java HotSpot(TM) 64-Bit Server VM (25.73-b02 mixed mode windows-amd64 compressed oops)
# Failed to write core dump. Minidumps are not enabled by default on client versions of Windows
#

---------------  T H R E A D  ---------------

Current thread (0x00000000176f1000):  JavaThread "C2 CompilerThread1" daemon [_thread_in_native, id=3160, stack(0x0000000017d70000,0x0000000017e70000)]

Stack: [0x0000000017d70000,0x0000000017e70000]
[error occurred during error reporting (printing stack bounds), id 0xc0000005]

Native frames: (J=compiled Java code, j=interpreted, Vv=VM code, C=native code)


Current CompileTask:
C2:   4259 1521       4       com.android.dx.rop.code.Rops::ropFor (771 bytes)


---------------  P R O C E S S  ---------------

Java Threads: ( => current thread )
  0x0000000017978000 JavaThread "pool-2-thread-4" [_thread_in_Java, id=4168, stack(0x0000000018670000,0x0000000018770000)]
  0x0000000017976800 JavaThread "pool-2-thread-3" [_thread_in_Java, id=5912, stack(0x0000000018570000,0x0000000018670000)]
  0x0000000017970000 JavaThread "pool-2-thread-2" [_thread_in_vm, id=3200, stack(0x0000000018470000,0x0000000018570000)]
  0x0000000017956800 JavaThread "pool-3-thread-1" [_thread_blocked, id=5900, stack(0x0000000018370000,0x0000000018470000)]
  0x0000000017955800 JavaThread "pool-2-thread-1" [_thread_in_Java, id=5668, stack(0x0000000018270000,0x0000000018370000)]
  0x0000000017703000 JavaThread "Service Thread" daemon [_thread_blocked, id=5212, stack(0x0000000018070000,0x0000000018170000)]
  0x00000000176fc000 JavaThread "C1 CompilerThread3" daemon [_thread_in_native, id=5196, stack(0x0000000017f70000,0x0000000018070000)]
  0x00000000176f8000 JavaThread "C2 CompilerThread2" daemon [_thread_in_native, id=3496, stack(0x0000000017e70000,0x0000000017f70000)]
=>0x00000000176f1000 JavaThread "C2 CompilerThread1" daemon [_thread_in_native, id=3160, stack(0x0000000017d70000,0x0000000017e70000)]
  0x0000000017696800 JavaThread "C2 CompilerThread0" daemon [_thread_in_native, id=3528, stack(0x0000000017c70000,0x0000000017d70000)]
  0x0000000017694000 JavaThread "Attach Listener" daemon [_thread_blocked, id=4512, stack(0x0000000017b70000,0x0000000017c70000)]
  0x000000001559e800 JavaThread "Signal Dispatcher" daemon [_thread_blocked, id=4632, stack(0x0000000017a70000,0x0000000017b70000)]
  0x0000000002a68800 JavaThread "Finalizer" daemon [_thread_blocked, id=4200, stack(0x0000000017470000,0x0000000017570000)]
  0x0000000002a62000 JavaThread "Reference Handler" daemon [_thread_blocked, id=5640, stack(0x0000000017370000,0x0000000017470000)]
  0x0000000002970800 JavaThread "main" [_thread_blocked, id=1632, stack(0x00000000027a0000,0x00000000028a0000)]

Other Threads:
  0x0000000015589000 VMThread [stack: 0x0000000017270000,0x0000000017370000] [id=5036]
  0x0000000017717800 WatcherThread [stack: 0x0000000018170000,0x0000000018270000] [id=4976]

VM state:not at safepoint (normal execution)

VM Mutex/Monitor currently owned by a thread: None

Heap:
 PSYoungGen      total 38400K, used 16947K [0x00000000eab00000, 0x00000000ed580000, 0x0000000100000000)
  eden space 33280K, 35% used [0x00000000eab00000,0x00000000eb692578,0x00000000ecb80000)
  from space 5120K, 99% used [0x00000000ed080000,0x00000000ed57a8e0,0x00000000ed580000)
  to   space 5120K, 0% used [0x00000000ecb80000,0x00000000ecb80000,0x00000000ed080000)
 ParOldGen       total 87552K, used 5993K [0x00000000c0000000, 0x00000000c5580000, 0x00000000eab00000)
  object space 87552K, 6% used [0x00000000c0000000,0x00000000c05da480,0x00000000c5580000)
 Metaspace       used 6205K, capacity 7088K, committed 7296K, reserved 1056768K
  class space    used 603K, capacity 616K, committed 640K, reserved 1048576K

Card table byte_map: [0x0000000011e30000,0x0000000012040000] byte_map_base: 0x0000000011830000

Marking Bits: (ParMarkBitMap*) 0x0000000051a90600
 Begin Bits: [0x00000000129a0000, 0x00000000139a0000)
 End Bits:   [0x00000000139a0000, 0x00000000149a0000)

Polling page: 0x0000000000e50000

CodeCache: size=245760Kb used=6950Kb max_used=6969Kb free=238809Kb
 bounds [0x0000000002a70000, 0x0000000003150000, 0x0000000011a70000]
 total_blobs=1840 nmethods=1571 adapters=182
 compilation: enabled

Compilation events (10 events):
Event: 4.164 Thread 0x00000000176fc000 1581       3       com.android.dx.dex.file.EncodedField::<init> (25 bytes)
Event: 4.164 Thread 0x00000000176fc000 nmethod 1581 0x0000000003125010 code [0x00000000031251a0, 0x00000000031254c8]
Event: 4.164 Thread 0x00000000176fc000 1582       3       java.lang.String::<init> (15 bytes)
Event: 4.164 Thread 0x00000000176fc000 nmethod 1582 0x0000000003125610 code [0x00000000031257a0, 0x0000000003125b88]
Event: 4.191 Thread 0x0000000017696800 nmethod 1517 0x0000000003127d90 code [0x0000000003128240, 0x0000000003129250]
Event: 4.192 Thread 0x0000000017696800 1561       4       com.android.dx.ssa.SCCP::simulateBlock (54 bytes)
Event: 4.225 Thread 0x00000000176f8000 nmethod 1499 0x0000000003132c50 code [0x00000000031343e0, 0x000000000313b5e8]
Event: 4.225 Thread 0x00000000176f8000 1587       4       com.android.dx.ssa.SsaBasicBlock::forEachInsn (37 bytes)
Event: 4.245 Thread 0x00000000176f8000 nmethod 1587 0x000000000312dad0 code [0x000000000312dd40, 0x000000000312eb70]
Event: 4.245 Thread 0x00000000176f8000 1586       4       java.util.ArrayList::removeRange (75 bytes)

GC Heap History (4 events):
Event: 2.916 GC heap before
{Heap before GC invocations=1 (full 0):
 PSYoungGen      total 38400K, used 33280K [0x00000000eab00000, 0x00000000ed580000, 0x0000000100000000)
  eden space 33280K, 100% used [0x00000000eab00000,0x00000000ecb80000,0x00000000ecb80000)
  from space 5120K, 0% used [0x00000000ed080000,0x00000000ed080000,0x00000000ed580000)
  to   space 5120K, 0% used [0x00000000ecb80000,0x00000000ecb80000,0x00000000ed080000)
 ParOldGen       total 87552K, used 0K [0x00000000c0000000, 0x00000000c5580000, 0x00000000eab00000)
  object space 87552K, 0% used [0x00000000c0000000,0x00000000c0000000,0x00000000c5580000)
 Metaspace       used 6017K, capacity 6960K, committed 7040K, reserved 1056768K
  class space    used 599K, capacity 616K, committed 640K, reserved 1048576K
Event: 3.004 GC heap after
Heap after GC invocations=1 (full 0):
 PSYoungGen      total 38400K, used 5096K [0x00000000eab00000, 0x00000000ed580000, 0x0000000100000000)
  eden space 33280K, 0% used [0x00000000eab00000,0x00000000eab00000,0x00000000ecb80000)
  from space 5120K, 99% used [0x00000000ecb80000,0x00000000ed07a098,0x00000000ed080000)
  to   space 5120K, 0% used [0x00000000ed080000,0x00000000ed080000,0x00000000ed580000)
 ParOldGen       total 87552K, used 962K [0x00000000c0000000, 0x00000000c5580000, 0x00000000eab00000)
  object space 87552K, 1% used [0x00000000c0000000,0x00000000c00f0bd8,0x00000000c5580000)
 Metaspace       used 6017K, capacity 6960K, committed 7040K, reserved 1056768K
  class space    used 599K, capacity 616K, committed 640K, reserved 1048576K
}
Event: 3.915 GC heap before
{Heap before GC invocations=2 (full 0):
 PSYoungGen      total 38400K, used 38376K [0x00000000eab00000, 0x00000000ed580000, 0x0000000100000000)
  eden space 33280K, 100% used [0x00000000eab00000,0x00000000ecb80000,0x00000000ecb80000)
  from space 5120K, 99% used [0x00000000ecb80000,0x00000000ed07a098,0x00000000ed080000)
  to   space 5120K, 0% used [0x00000000ed080000,0x00000000ed080000,0x00000000ed580000)
 ParOldGen       total 87552K, used 962K [0x00000000c0000000, 0x00000000c5580000, 0x00000000eab00000)
  object space 87552K, 1% used [0x00000000c0000000,0x00000000c00f0bd8,0x00000000c5580000)
 Metaspace       used 6150K, capacity 7024K, committed 7296K, reserved 1056768K
  class space    used 601K, capacity 616K, committed 640K, reserved 1048576K
Event: 4.137 GC heap after
Heap after GC invocations=2 (full 0):
 PSYoungGen      total 38400K, used 5098K [0x00000000eab00000, 0x00000000ed580000, 0x0000000100000000)
  eden space 33280K, 0% used [0x00000000eab00000,0x00000000eab00000,0x00000000ecb80000)
  from space 5120K, 99% used [0x00000000ed080000,0x00000000ed57a8e0,0x00000000ed580000)
  to   space 5120K, 0% used [0x00000000ecb80000,0x00000000ecb80000,0x00000000ed080000)
 ParOldGen       total 87552K, used 5993K [0x00000000c0000000, 0x00000000c5580000, 0x00000000eab00000)
  object space 87552K, 6% used [0x00000000c0000000,0x00000000c05da480,0x00000000c5580000)
 Metaspace       used 6150K, capacity 7024K, committed 7296K, reserved 1056768K
  class space    used 601K, capacity 616K, committed 640K, reserved 1048576K
}

Deoptimization events (10 events):
Event: 3.675 Thread 0x0000000017955800 Uncommon trap: reason=bimorphic action=maybe_recompile pc=0x0000000003006f94 method=com.android.dx.cf.code.BaseMachine.getLocalTarget(Z)Lcom/android/dx/rop/code/RegisterSpec; @ 70
Event: 3.675 Thread 0x0000000017955800 Uncommon trap: reason=bimorphic action=maybe_recompile pc=0x0000000003041680 method=com.android.dx.cf.code.BaseMachine.getLocalTarget(Z)Lcom/android/dx/rop/code/RegisterSpec; @ 70
Event: 3.675 Thread 0x0000000017955800 Uncommon trap: reason=bimorphic action=maybe_recompile pc=0x0000000003006f94 method=com.android.dx.cf.code.BaseMachine.getLocalTarget(Z)Lcom/android/dx/rop/code/RegisterSpec; @ 70
Event: 3.685 Thread 0x0000000002970800 Uncommon trap: reason=unloaded action=reinterpret pc=0x0000000003035008 method=com.android.dx.cf.cst.ConstantPoolParser.parse0(ILjava/util/BitSet;)Lcom/android/dx/rop/cst/Constant; @ 220
Event: 3.688 Thread 0x0000000002970800 Uncommon trap: reason=unstable_if action=reinterpret pc=0x000000000302db30 method=com.android.dx.ssa.SCCP.simulateBranch(Lcom/android/dx/ssa/SsaInsn;)V @ 64
Event: 3.716 Thread 0x0000000017970000 Uncommon trap: reason=bimorphic action=maybe_recompile pc=0x0000000003088f70 method=com.android.dx.cf.code.BaseMachine.getLocalTarget(Z)Lcom/android/dx/rop/code/RegisterSpec; @ 70
Event: 3.803 Thread 0x0000000017970000 Uncommon trap: reason=bimorphic action=maybe_recompile pc=0x0000000003041680 method=com.android.dx.cf.code.BaseMachine.getLocalTarget(Z)Lcom/android/dx/rop/code/RegisterSpec; @ 70
Event: 3.914 Thread 0x0000000017970000 Uncommon trap: reason=unstable_if action=reinterpret pc=0x00000000030ed6ac method=com.android.dx.cf.code.RopperMachine.run(Lcom/android/dx/cf/code/Frame;II)V @ 927
Event: 4.212 Thread 0x0000000017970000 Uncommon trap: reason=unstable_if action=reinterpret pc=0x0000000002e062b8 method=com.android.dx.cf.code.Ropper.labelToResultIndex(I)I @ 34
Event: 4.213 Thread 0x0000000017970000 Uncommon trap: reason=null_check action=make_not_entrant pc=0x0000000002d53f00 method=com.android.dx.ssa.SsaRenamer.getLocalForNewReg(I)Lcom/android/dx/rop/code/LocalItem; @ 19

Internal exceptions (4 events):
Event: 0.120 Thread 0x0000000002970800 Exception <a 'java/lang/NoSuchMethodError': Method sun.misc.Unsafe.defineClass(Ljava/lang/String;[BII)Ljava/lang/Class; name or signature does not match> (0x00000000eab0d308) thrown at [D:\re\puppet\workspace\8-2-build-windows-amd64-cygwin\jdk8u73\6086\hotQ>¸¾?
Event: 0.120 Thread 0x0000000002970800 Exception <a 'java/lang/NoSuchMethodError': Method sun.misc.Unsafe.prefetchRead(Ljava/lang/Object;J)V name or signature does not match> (0x00000000eab0d5f0) thrown at [D:\re\puppet\workspace\8-2-build-windows-amd64-cygwin\jdk8u73\6086\hotspot\src\share\vm\?Ü@Ø>
Event: 2.031 Thread 0x0000000002970800 Implicit null exception at 0x0000000002d3a6e2 to 0x0000000002d3a7d2
Event: 4.213 Thread 0x0000000017970000 Implicit null exception at 0x0000000002d526e3 to 0x0000000002d53eb5

Events (10 events):
Event: 4.156 loading class com/android/dx/dex/file/UniformListItem
Event: 4.156 loading class com/android/dx/dex/file/UniformListItem done
Event: 4.157 loading class com/android/dx/dex/file/AnnotationSetRefItem
Event: 4.157 loading class com/android/dx/dex/file/AnnotationSetRefItem done
Event: 4.212 Thread 0x0000000017970000 Uncommon trap: trap_request=0xffffff65 fr.pc=0x0000000002e062b8
Event: 4.212 Thread 0x0000000017970000 DEOPT PACKING pc=0x0000000002e062b8 sp=0x000000001856eb60
Event: 4.213 Thread 0x0000000017970000 DEOPT UNPACKING pc=0x0000000002ab582a sp=0x000000001856eb08 mode 2
Event: 4.213 Thread 0x0000000017970000 Uncommon trap: trap_request=0xfffffff4 fr.pc=0x0000000002d53f00
Event: 4.213 Thread 0x0000000017970000 DEOPT PACKING pc=0x0000000002d53f00 sp=0x000000001856e9c0
Event: 4.213 Thread 0x0000000017970000 DEOPT UNPACKING pc=0x0000000002ab582a sp=0x000000001856e828 mode 2


Dynamic libraries:
0x00007ff7fce20000 - 0x00007ff7fce57000 	C:\Program Files\Java\jdk1.8.0_73\bin\java.exe
0x00007ff904170000 - 0x00007ff904319000 	C:\Windows\SYSTEM32\ntdll.dll
0x00007ff901a00000 - 0x00007ff901b3a000 	C:\Windows\system32\KERNEL32.DLL
0x00007ff901850000 - 0x00007ff90195f000 	C:\Windows\system32\KERNELBASE.dll
0x00007ff903cd0000 - 0x00007ff903d75000 	C:\Windows\system32\ADVAPI32.dll
0x00007ff903300000 - 0x00007ff903471000 	C:\Windows\system32\USER32.dll
0x00007ff8fef70000 - 0x00007ff8ff1ca000 	C:\Windows\WinSxS\amd64_microsoft.windows.common-controls_6595b64144ccf1df_6.0.9600.16384_none_62475f7becb72503\COMCTL32.dll
0x00007ff903240000 - 0x00007ff9032e7000 	C:\Windows\system32\msvcrt.dll
0x00007ff903a90000 - 0x00007ff903ae7000 	C:\Windows\SYSTEM32\sechost.dll
0x00007ff903100000 - 0x00007ff903236000 	C:\Windows\system32\RPCRT4.dll
0x00007ff9035c0000 - 0x00007ff903705000 	C:\Windows\system32\GDI32.dll
0x00007ff904130000 - 0x00007ff904164000 	C:\Windows\system32\IMM32.DLL
0x00007ff903480000 - 0x00007ff9035b9000 	C:\Windows\system32\MSCTF.dll
0x0000000050d20000 - 0x0000000050df2000 	C:\Program Files\Java\jdk1.8.0_73\jre\bin\msvcr100.dll
0x0000000051280000 - 0x0000000051b10000 	C:\Program Files\Java\jdk1.8.0_73\jre\bin\server\jvm.dll
0x00007ff8eedc0000 - 0x00007ff8eedc9000 	C:\Windows\SYSTEM32\WSOCK32.dll
0x00007ff8fd900000 - 0x00007ff8fd91f000 	C:\Windows\SYSTEM32\WINMM.dll
0x00007ff8ffe00000 - 0x00007ff8ffe0a000 	C:\Windows\SYSTEM32\VERSION.dll
0x00007ff9038e0000 - 0x00007ff9038e7000 	C:\Windows\system32\PSAPI.DLL
0x00007ff903710000 - 0x00007ff903768000 	C:\Windows\system32\WS2_32.dll
0x00007ff8fd8c0000 - 0x00007ff8fd8ea000 	C:\Windows\SYSTEM32\WINMMBASE.dll
0x00007ff904020000 - 0x00007ff904029000 	C:\Windows\system32\NSI.dll
0x00007ff901960000 - 0x00007ff9019aa000 	C:\Windows\SYSTEM32\cfgmgr32.dll
0x00007ff900370000 - 0x00007ff900396000 	C:\Windows\SYSTEM32\DEVOBJ.dll
0x0000000051190000 - 0x000000005119f000 	C:\Program Files\Java\jdk1.8.0_73\jre\bin\verify.dll
0x0000000051160000 - 0x0000000051189000 	C:\Program Files\Java\jdk1.8.0_73\jre\bin\java.dll
0x0000000051140000 - 0x0000000051156000 	C:\Program Files\Java\jdk1.8.0_73\jre\bin\zip.dll
0x00007ff901cf0000 - 0x00007ff9030fe000 	C:\Windows\system32\SHELL32.dll
0x00007ff903af0000 - 0x00007ff903cc7000 	C:\Windows\SYSTEM32\combase.dll
0x00007ff903de0000 - 0x00007ff903e31000 	C:\Windows\system32\SHLWAPI.dll
0x00007ff900050000 - 0x00007ff9000f1000 	C:\Windows\SYSTEM32\SHCORE.dll
0x00007ff9014f0000 - 0x00007ff901504000 	C:\Windows\SYSTEM32\profapi.dll

VM Arguments:
jvm_args: -Djava.awt.headless=true -Xmx1024M -Dfile.encoding=windows-1252 -Duser.country=ES -Duser.language=es -Duser.variant 
java_command: com.android.dx.command.Main --dex --force-jumbo --num-threads=4 --multi-dex --output C:\Users\ANDROID\AndroidStudioProjects\ListView04\app\build\intermediates\transforms\dex\debug\folders\1000\10\com.android.support-recyclerview-v7-24.1.1_2c6bc09433282e79f2db2ffdec0c70d7a7679546 C:\Users\ANDROID\AndroidStudioProjects\ListView04\app\build\intermediates\exploded-aar\com.android.support\recyclerview-v7\24.1.1\jars\classes.jar
java_class_path (initial): C:\Users\ANDROID\AppData\Local\Android\sdk\build-tools\24.0.1\lib\dx.jar
Launcher Type: SUN_STANDARD

Environment Variables:
PATH=C:\ProgramData\Oracle\Java\javapath;C:\Windows\system32;C:\Windows;C:\Windows\System32\Wbem;C:\Windows\System32\WindowsPowerShell\v1.0\
USERNAME=ANDROID
OS=Windows_NT
PROCESSOR_IDENTIFIER=Intel64 Family 6 Model 58 Stepping 9, GenuineIntel



---------------  S Y S T E M  ---------------

OS: Windows 8.1 , 64 bit Build 9600 (6.3.9600.16384)

CPU:total 8 (4 cores per cpu, 2 threads per core) family 6 model 58 stepping 9, cmov, cx8, fxsr, mmx, sse, sse2, sse3, ssse3, sse4.1, sse4.2, popcnt, avx, aes, clmul, erms, ht, tsc, tscinvbit, tscinv

Memory: 4k page, physical 8341960k(1294360k free), swap 8341960k(6520k free)

vm_info: Java HotSpot(TM) 64-Bit Server VM (25.73-b02) for windows-amd64 JRE (1.8.0_73-b02), built on Jan 29 2016 17:38:49 by "java_re" with MS VC++ 10.0 (VS2010)

time: Sat Aug 27 17:33:31 2016
elapsed time: 4 seconds (0d 0h 0m 4s)

