#
# There is insufficient memory for the Java Runtime Environment to continue.
# Native memory allocation (malloc) failed to allocate 640416 bytes for Chunk::new
# Possible reasons:
#   The system is out of physical RAM or swap space
#   In 32 bit mode, the process size limit was hit
# Possible solutions:
#   Reduce memory load on the system
#   Increase physical memory or swap space
#   Check if swap backing store is full
#   Use 64 bit Java on a 64 bit OS
#   Decrease Java heap size (-Xmx/-Xms)
#   Decrease number of Java threads
#   Decrease Java thread stack sizes (-Xss)
#   Set larger code cache with -XX:ReservedCodeCacheSize=
# This output file may be truncated or incomplete.
#
#  Out of Memory Error (allocation.cpp:390), pid=3068, tid=5840
#
# JRE version: Java(TM) SE Runtime Environment (8.0_73-b02) (build 1.8.0_73-b02)
# Java VM: Java HotSpot(TM) 64-Bit Server VM (25.73-b02 mixed mode windows-amd64 compressed oops)
# Failed to write core dump. Minidumps are not enabled by default on client versions of Windows
#

---------------  T H R E A D  ---------------

Current thread (0x0000000017016800):  JavaThread "C2 CompilerThread0" daemon [_thread_in_native, id=5840, stack(0x00000000175f0000,0x00000000176f0000)]

Stack: [0x00000000175f0000,0x00000000176f0000]
[error occurred during error reporting (printing stack bounds), id 0xc0000005]

Native frames: (J=compiled Java code, j=interpreted, Vv=VM code, C=native code)


Current CompileTask:
C2:    952 1368       4       com.android.dx.ssa.back.FirstFitLocalCombiningAllocator$1::processInsn (169 bytes)


---------------  P R O C E S S  ---------------

Java Threads: ( => current thread )
  0x00000000172c8800 JavaThread "pool-2-thread-4" [_thread_blocked, id=4600, stack(0x00000000187f0000,0x00000000188f0000)]
  0x00000000172c8000 JavaThread "pool-2-thread-3" [_thread_blocked, id=4824, stack(0x00000000186f0000,0x00000000187f0000)]
  0x000000001731c000 JavaThread "pool-2-thread-2" [_thread_blocked, id=4536, stack(0x00000000185f0000,0x00000000186f0000)]
  0x00000000172fb000 JavaThread "pool-3-thread-1" [_thread_blocked, id=4832, stack(0x00000000184f0000,0x00000000185f0000)]
  0x000000001731a000 JavaThread "pool-2-thread-1" [_thread_blocked, id=4764, stack(0x00000000183f0000,0x00000000184f0000)]
  0x00000000170bf000 JavaThread "Service Thread" daemon [_thread_blocked, id=3400, stack(0x00000000179f0000,0x0000000017af0000)]
  0x0000000017031800 JavaThread "C1 CompilerThread3" daemon [_thread_blocked, id=4584, stack(0x00000000178f0000,0x00000000179f0000)]
  0x000000001702c000 JavaThread "C2 CompilerThread2" daemon [_thread_in_native, id=4380, stack(0x00000000177f0000,0x00000000178f0000)]
  0x000000001701b000 JavaThread "C2 CompilerThread1" daemon [_thread_in_native, id=5228, stack(0x00000000176f0000,0x00000000177f0000)]
=>0x0000000017016800 JavaThread "C2 CompilerThread0" daemon [_thread_in_native, id=5840, stack(0x00000000175f0000,0x00000000176f0000)]
  0x0000000017014000 JavaThread "Attach Listener" daemon [_thread_blocked, id=5016, stack(0x00000000174f0000,0x00000000175f0000)]
  0x0000000017013800 JavaThread "Signal Dispatcher" daemon [_thread_blocked, id=5028, stack(0x00000000173f0000,0x00000000174f0000)]
  0x00000000023f9000 JavaThread "Finalizer" daemon [_thread_blocked, id=176, stack(0x0000000016df0000,0x0000000016ef0000)]
  0x00000000023f2000 JavaThread "Reference Handler" daemon [_thread_blocked, id=3208, stack(0x0000000016cf0000,0x0000000016df0000)]
  0x0000000002300800 JavaThread "main" [_thread_blocked, id=5616, stack(0x0000000002200000,0x0000000002300000)]

Other Threads:
  0x0000000014f19800 VMThread [stack: 0x0000000016bf0000,0x0000000016cf0000] [id=5872]
  0x00000000170d2000 WatcherThread [stack: 0x0000000017af0000,0x0000000017bf0000] [id=5324]

VM state:not at safepoint (normal execution)

VM Mutex/Monitor currently owned by a thread: None

Heap:
 PSYoungGen      total 71680K, used 14322K [0x00000000eab00000, 0x00000000ef600000, 0x0000000100000000)
  eden space 66560K, 13% used [0x00000000eab00000,0x00000000eb3ff8b8,0x00000000eec00000)
  from space 5120K, 99% used [0x00000000ef100000,0x00000000ef5fd0d8,0x00000000ef600000)
  to   space 5120K, 0% used [0x00000000eec00000,0x00000000eec00000,0x00000000ef100000)
 ParOldGen       total 87552K, used 2828K [0x00000000c0000000, 0x00000000c5580000, 0x00000000eab00000)
  object space 87552K, 3% used [0x00000000c0000000,0x00000000c02c33e0,0x00000000c5580000)
 Metaspace       used 6103K, capacity 7024K, committed 7296K, reserved 1058816K
  class space    used 603K, capacity 616K, committed 640K, reserved 1048576K

Card table byte_map: [0x00000000117c0000,0x00000000119d0000] byte_map_base: 0x00000000111c0000

Marking Bits: (ParMarkBitMap*) 0x0000000051a90600
 Begin Bits: [0x0000000012330000, 0x0000000013330000)
 End Bits:   [0x0000000013330000, 0x0000000014330000)

Polling page: 0x0000000000aa0000

CodeCache: size=245760Kb used=5429Kb max_used=5429Kb free=240331Kb
 bounds [0x0000000002400000, 0x0000000002960000, 0x0000000011400000]
 total_blobs=1640 nmethods=1371 adapters=182
 compilation: enabled

Compilation events (10 events):
Event: 0.933 Thread 0x0000000017031800 1393       3       com.android.dx.cf.iface.StdAttributeList::byteLength (35 bytes)
Event: 0.933 Thread 0x0000000017031800 nmethod 1393 0x000000000294f9d0 code [0x000000000294fb80, 0x00000000029501f8]
Event: 0.933 Thread 0x0000000017031800 1391       3       java.util.concurrent.locks.AbstractOwnableSynchronizer::setExclusiveOwnerThread (6 bytes)
Event: 0.933 Thread 0x0000000017031800 nmethod 1391 0x0000000002950410 code [0x0000000002950560, 0x00000000029506d0]
Event: 0.933 Thread 0x0000000017031800 1390       3       java.io.DataInputStream::<init> (30 bytes)
Event: 0.933 Thread 0x0000000017031800 nmethod 1390 0x0000000002950750 code [0x00000000029508c0, 0x0000000002950d10]
Event: 0.933 Thread 0x0000000017031800 1389       3       com.android.dx.cf.attrib.AttLocalVariableTable::<init> (8 bytes)
Event: 0.933 Thread 0x0000000017031800 nmethod 1389 0x0000000002950e90 code [0x0000000002951000, 0x00000000029511a8]
Event: 0.933 Thread 0x0000000017031800 1386       3       com.android.dx.dex.cf.AttributeTranslator::getAnnotations (22 bytes)
Event: 0.934 Thread 0x0000000017031800 nmethod 1386 0x0000000002951250 code [0x0000000002951460, 0x0000000002951ec8]

GC Heap History (4 events):
Event: 0.598 GC heap before
{Heap before GC invocations=1 (full 0):
 PSYoungGen      total 38400K, used 33280K [0x00000000eab00000, 0x00000000ed580000, 0x0000000100000000)
  eden space 33280K, 100% used [0x00000000eab00000,0x00000000ecb80000,0x00000000ecb80000)
  from space 5120K, 0% used [0x00000000ed080000,0x00000000ed080000,0x00000000ed580000)
  to   space 5120K, 0% used [0x00000000ecb80000,0x00000000ecb80000,0x00000000ed080000)
 ParOldGen       total 87552K, used 0K [0x00000000c0000000, 0x00000000c5580000, 0x00000000eab00000)
  object space 87552K, 0% used [0x00000000c0000000,0x00000000c0000000,0x00000000c5580000)
 Metaspace       used 5784K, capacity 6704K, committed 6784K, reserved 1058816K
  class space    used 600K, capacity 616K, committed 640K, reserved 1048576K
Event: 0.606 GC heap after
Heap after GC invocations=1 (full 0):
 PSYoungGen      total 38400K, used 4860K [0x00000000eab00000, 0x00000000ef600000, 0x0000000100000000)
  eden space 33280K, 0% used [0x00000000eab00000,0x00000000eab00000,0x00000000ecb80000)
  from space 5120K, 94% used [0x00000000ecb80000,0x00000000ed03f060,0x00000000ed080000)
  to   space 5120K, 0% used [0x00000000ef100000,0x00000000ef100000,0x00000000ef600000)
 ParOldGen       total 87552K, used 8K [0x00000000c0000000, 0x00000000c5580000, 0x00000000eab00000)
  object space 87552K, 0% used [0x00000000c0000000,0x00000000c0002000,0x00000000c5580000)
 Metaspace       used 5784K, capacity 6704K, committed 6784K, reserved 1058816K
  class space    used 600K, capacity 616K, committed 640K, reserved 1048576K
}
Event: 0.858 GC heap before
{Heap before GC invocations=2 (full 0):
 PSYoungGen      total 38400K, used 38140K [0x00000000eab00000, 0x00000000ef600000, 0x0000000100000000)
  eden space 33280K, 100% used [0x00000000eab00000,0x00000000ecb80000,0x00000000ecb80000)
  from space 5120K, 94% used [0x00000000ecb80000,0x00000000ed03f060,0x00000000ed080000)
  to   space 5120K, 0% used [0x00000000ef100000,0x00000000ef100000,0x00000000ef600000)
 ParOldGen       total 87552K, used 8K [0x00000000c0000000, 0x00000000c5580000, 0x00000000eab00000)
  object space 87552K, 0% used [0x00000000c0000000,0x00000000c0002000,0x00000000c5580000)
 Metaspace       used 6061K, capacity 6960K, committed 7040K, reserved 1058816K
  class space    used 603K, capacity 616K, committed 640K, reserved 1048576K
Event: 0.869 GC heap after
Heap after GC invocations=2 (full 0):
 PSYoungGen      total 71680K, used 5108K [0x00000000eab00000, 0x00000000ef600000, 0x0000000100000000)
  eden space 66560K, 0% used [0x00000000eab00000,0x00000000eab00000,0x00000000eec00000)
  from space 5120K, 99% used [0x00000000ef100000,0x00000000ef5fd0d8,0x00000000ef600000)
  to   space 5120K, 0% used [0x00000000eec00000,0x00000000eec00000,0x00000000ef100000)
 ParOldGen       total 87552K, used 2828K [0x00000000c0000000, 0x00000000c5580000, 0x00000000eab00000)
  object space 87552K, 3% used [0x00000000c0000000,0x00000000c02c33e0,0x00000000c5580000)
 Metaspace       used 6061K, capacity 6960K, committed 7040K, reserved 1058816K
  class space    used 603K, capacity 616K, committed 640K, reserved 1048576K
}

Deoptimization events (10 events):
Event: 0.518 Thread 0x00000000172c8000 Uncommon trap: reason=unstable_if action=reinterpret pc=0x00000000026099e8 method=java.util.HashMap.getNode(ILjava/lang/Object;)Ljava/util/HashMap$Node; @ 129
Event: 0.520 Thread 0x00000000172c8000 Uncommon trap: reason=unstable_if action=reinterpret pc=0x000000000261fb68 method=java.util.HashMap.getNode(ILjava/lang/Object;)Ljava/util/HashMap$Node; @ 62
Event: 0.619 Thread 0x000000001731a000 Uncommon trap: reason=unstable_if action=reinterpret pc=0x00000000026050f0 method=java.util.BitSet.nextSetBit(I)I @ 87
Event: 0.705 Thread 0x000000001731c000 Uncommon trap: reason=class_check action=maybe_recompile pc=0x0000000002682d3c method=com.android.dx.rop.type.Type.equals(Ljava/lang/Object;)Z @ 8
Event: 0.705 Thread 0x000000001731c000 Uncommon trap: reason=class_check action=maybe_recompile pc=0x0000000002682d3c method=com.android.dx.rop.type.Type.equals(Ljava/lang/Object;)Z @ 8
Event: 0.705 Thread 0x000000001731c000 Uncommon trap: reason=class_check action=maybe_recompile pc=0x0000000002682d3c method=com.android.dx.rop.type.Type.equals(Ljava/lang/Object;)Z @ 8
Event: 0.715 Thread 0x000000001731c000 Uncommon trap: reason=class_check action=maybe_recompile pc=0x0000000002682d3c method=com.android.dx.rop.type.Type.equals(Ljava/lang/Object;)Z @ 8
Event: 0.788 Thread 0x0000000002300800 Uncommon trap: reason=class_check action=maybe_recompile pc=0x000000000267c068 method=com.android.dx.rop.type.Type.equals(Ljava/lang/Object;)Z @ 8
Event: 0.798 Thread 0x00000000172c8800 Uncommon trap: reason=unstable_if action=reinterpret pc=0x000000000264bc1c method=com.android.dx.rop.cst.Constant.compareTo(Lcom/android/dx/rop/cst/Constant;)I @ 12
Event: 0.832 Thread 0x0000000002300800 Uncommon trap: reason=unstable_if action=reinterpret pc=0x0000000002870040 method=com.android.dx.ssa.SCCP.simulateStmt(Lcom/android/dx/ssa/SsaInsn;)V @ 59

Internal exceptions (2 events):
Event: 0.028 Thread 0x0000000002300800 Exception <a 'java/lang/NoSuchMethodError': Method sun.misc.Unsafe.defineClass(Ljava/lang/String;[BII)Ljava/lang/Class; name or signature does not match> (0x00000000eab0cfc0) thrown at [D:\re\puppet\workspace\8-2-build-windows-amd64-cygwin\jdk8u73\6086\hotRπ²νυ?
Event: 0.028 Thread 0x0000000002300800 Exception <a 'java/lang/NoSuchMethodError': Method sun.misc.Unsafe.prefetchRead(Ljava/lang/Object;J)V name or signature does not match> (0x00000000eab0d2a8) thrown at [D:\re\puppet\workspace\8-2-build-windows-amd64-cygwin\jdk8u73\6086\hotspot\src\share\vm\

Events (10 events):
Event: 0.817 Thread 0x00000000172c8800 DEOPT UNPACKING pc=0x000000000244787f sp=0x00000000188ee688 mode 0
Event: 0.832 Thread 0x0000000002300800 Uncommon trap: trap_request=0xffffff65 fr.pc=0x0000000002870040
Event: 0.832 Thread 0x0000000002300800 DEOPT PACKING pc=0x0000000002870040 sp=0x00000000022fe300
Event: 0.832 Thread 0x0000000002300800 DEOPT UNPACKING pc=0x000000000244582a sp=0x00000000022fe2c8 mode 2
Event: 0.856 Thread 0x000000001731c000 DEOPT PACKING pc=0x0000000002710235 sp=0x00000000186ee640
Event: 0.856 Thread 0x000000001731c000 DEOPT UNPACKING pc=0x000000000244787f sp=0x00000000186ee3a8 mode 0
Event: 0.857 Thread 0x000000001731c000 DEOPT PACKING pc=0x0000000002710235 sp=0x00000000186ee640
Event: 0.857 Thread 0x000000001731c000 DEOPT UNPACKING pc=0x000000000244787f sp=0x00000000186ee3a8 mode 0
Event: 0.858 Executing VM operation: ParallelGCFailedAllocation
Event: 0.869 Executing VM operation: ParallelGCFailedAllocation done


Dynamic libraries:
0x00007ff7fce20000 - 0x00007ff7fce57000 	C:\Program Files\Java\jdk1.8.0_73\bin\java.exe
0x00007ff904170000 - 0x00007ff904319000 	C:\Windows\SYSTEM32\ntdll.dll
0x00007ff901a00000 - 0x00007ff901b3a000 	C:\Windows\system32\KERNEL32.DLL
0x00007ff901850000 - 0x00007ff90195f000 	C:\Windows\system32\KERNELBASE.dll
0x00007ff903cd0000 - 0x00007ff903d75000 	C:\Windows\system32\ADVAPI32.dll
0x00007ff903300000 - 0x00007ff903471000 	C:\Windows\system32\USER32.dll
0x00007ff8fef70000 - 0x00007ff8ff1ca000 	C:\Windows\WinSxS\amd64_microsoft.windows.common-controls_6595b64144ccf1df_6.0.9600.16384_none_62475f7becb72503\COMCTL32.dll
0x00007ff903240000 - 0x00007ff9032e7000 	C:\Windows\system32\msvcrt.dll
0x00007ff903a90000 - 0x00007ff903ae7000 	C:\Windows\SYSTEM32\sechost.dll
0x00007ff903100000 - 0x00007ff903236000 	C:\Windows\system32\RPCRT4.dll
0x00007ff9035c0000 - 0x00007ff903705000 	C:\Windows\system32\GDI32.dll
0x00007ff904130000 - 0x00007ff904164000 	C:\Windows\system32\IMM32.DLL
0x00007ff903480000 - 0x00007ff9035b9000 	C:\Windows\system32\MSCTF.dll
0x0000000050d20000 - 0x0000000050df2000 	C:\Program Files\Java\jdk1.8.0_73\jre\bin\msvcr100.dll
0x0000000051280000 - 0x0000000051b10000 	C:\Program Files\Java\jdk1.8.0_73\jre\bin\server\jvm.dll
0x00007ff8eedc0000 - 0x00007ff8eedc9000 	C:\Windows\SYSTEM32\WSOCK32.dll
0x00007ff8fd900000 - 0x00007ff8fd91f000 	C:\Windows\SYSTEM32\WINMM.dll
0x00007ff8ffe00000 - 0x00007ff8ffe0a000 	C:\Windows\SYSTEM32\VERSION.dll
0x00007ff9038e0000 - 0x00007ff9038e7000 	C:\Windows\system32\PSAPI.DLL
0x00007ff903710000 - 0x00007ff903768000 	C:\Windows\system32\WS2_32.dll
0x00007ff8fd8c0000 - 0x00007ff8fd8ea000 	C:\Windows\SYSTEM32\WINMMBASE.dll
0x00007ff904020000 - 0x00007ff904029000 	C:\Windows\system32\NSI.dll
0x00007ff901960000 - 0x00007ff9019aa000 	C:\Windows\SYSTEM32\cfgmgr32.dll
0x00007ff900370000 - 0x00007ff900396000 	C:\Windows\SYSTEM32\DEVOBJ.dll
0x0000000051190000 - 0x000000005119f000 	C:\Program Files\Java\jdk1.8.0_73\jre\bin\verify.dll
0x0000000051160000 - 0x0000000051189000 	C:\Program Files\Java\jdk1.8.0_73\jre\bin\java.dll
0x0000000051140000 - 0x0000000051156000 	C:\Program Files\Java\jdk1.8.0_73\jre\bin\zip.dll
0x00007ff901cf0000 - 0x00007ff9030fe000 	C:\Windows\system32\SHELL32.dll
0x00007ff903af0000 - 0x00007ff903cc7000 	C:\Windows\SYSTEM32\combase.dll
0x00007ff903de0000 - 0x00007ff903e31000 	C:\Windows\system32\SHLWAPI.dll
0x00007ff900050000 - 0x00007ff9000f1000 	C:\Windows\SYSTEM32\SHCORE.dll
0x00007ff9014f0000 - 0x00007ff901504000 	C:\Windows\SYSTEM32\profapi.dll

VM Arguments:
jvm_args: -Djava.awt.headless=true -Xmx1024M -Dfile.encoding=windows-1252 -Duser.country=ES -Duser.language=es -Duser.variant 
java_command: com.android.dx.command.Main --dex --force-jumbo --num-threads=4 --multi-dex --output C:\Users\ANDROID\AndroidStudioProjects\ListView04\app\build\intermediates\transforms\dex\debug\folders\1000\10\com.android.support-support-v4-24.1.1_e65261007af169a3113cd4146123bb2d153271ac C:\Users\ANDROID\AndroidStudioProjects\ListView04\app\build\intermediates\exploded-aar\com.android.support\support-v4\24.1.1\jars\classes.jar
java_class_path (initial): C:\Users\ANDROID\AppData\Local\Android\sdk\build-tools\24.0.1\lib\dx.jar
Launcher Type: SUN_STANDARD

Environment Variables:
PATH=C:\ProgramData\Oracle\Java\javapath;C:\Windows\system32;C:\Windows;C:\Windows\System32\Wbem;C:\Windows\System32\WindowsPowerShell\v1.0\
USERNAME=ANDROID
OS=Windows_NT
PROCESSOR_IDENTIFIER=Intel64 Family 6 Model 58 Stepping 9, GenuineIntel



---------------  S Y S T E M  ---------------

OS: Windows 8.1 , 64 bit Build 9600 (6.3.9600.16384)

CPU:total 8 (4 cores per cpu, 2 threads per core) family 6 model 58 stepping 9, cmov, cx8, fxsr, mmx, sse, sse2, sse3, ssse3, sse4.1, sse4.2, popcnt, avx, aes, clmul, erms, ht, tsc, tscinvbit, tscinv

Memory: 4k page, physical 8341960k(1381196k free), swap 8341960k(4760k free)

vm_info: Java HotSpot(TM) 64-Bit Server VM (25.73-b02) for windows-amd64 JRE (1.8.0_73-b02), built on Jan 29 2016 17:38:49 by "java_re" with MS VC++ 10.0 (VS2010)

time: Sat Aug 27 17:30:03 2016
elapsed time: 0 seconds (0d 0h 0m 0s)

