#
# There is insufficient memory for the Java Runtime Environment to continue.
# Native memory allocation (malloc) failed to allocate 32744 bytes for ChunkPool::allocate
# Possible reasons:
#   The system is out of physical RAM or swap space
#   In 32 bit mode, the process size limit was hit
# Possible solutions:
#   Reduce memory load on the system
#   Increase physical memory or swap space
#   Check if swap backing store is full
#   Use 64 bit Java on a 64 bit OS
#   Decrease Java heap size (-Xmx/-Xms)
#   Decrease number of Java threads
#   Decrease Java thread stack sizes (-Xss)
#   Set larger code cache with -XX:ReservedCodeCacheSize=
# This output file may be truncated or incomplete.
#
#  Out of Memory Error (allocation.cpp:273), pid=4928, tid=4456
#
# JRE version: Java(TM) SE Runtime Environment (8.0_73-b02) (build 1.8.0_73-b02)
# Java VM: Java HotSpot(TM) 64-Bit Server VM (25.73-b02 mixed mode windows-amd64 compressed oops)
# Failed to write core dump. Minidumps are not enabled by default on client versions of Windows
#

---------------  T H R E A D  ---------------

Current thread (0x0000000016b92800):  JavaThread "C1 CompilerThread3" daemon [_thread_in_native, id=4456, stack(0x0000000017450000,0x0000000017550000)]

Stack: [0x0000000017450000,0x0000000017550000]
[error occurred during error reporting (printing stack bounds), id 0xc0000005]

Native frames: (J=compiled Java code, j=interpreted, Vv=VM code, C=native code)


Current CompileTask:
C1:    141  140   !   3       com.android.dx.cf.cst.ConstantPoolParser::parse0 (731 bytes)


---------------  P R O C E S S  ---------------

Java Threads: ( => current thread )
  0x0000000016e14800 JavaThread "pool-2-thread-4" [_thread_blocked, id=4812, stack(0x0000000017b50000,0x0000000017c50000)]
  0x0000000016db7000 JavaThread "pool-2-thread-3" [_thread_blocked, id=3372, stack(0x0000000017a50000,0x0000000017b50000)]
  0x0000000016d59000 JavaThread "pool-2-thread-2" [_thread_blocked, id=1616, stack(0x0000000017950000,0x0000000017a50000)]
  0x0000000016d4f800 JavaThread "pool-3-thread-1" [_thread_blocked, id=6100, stack(0x0000000017850000,0x0000000017950000)]
  0x0000000016d5e000 JavaThread "pool-2-thread-1" [_thread_in_native, id=6056, stack(0x0000000017750000,0x0000000017850000)]
  0x0000000016be0800 JavaThread "Service Thread" daemon [_thread_blocked, id=1104, stack(0x0000000017550000,0x0000000017650000)]
=>0x0000000016b92800 JavaThread "C1 CompilerThread3" daemon [_thread_in_native, id=4456, stack(0x0000000017450000,0x0000000017550000)]
  0x0000000016b8e800 JavaThread "C2 CompilerThread2" daemon [_thread_blocked, id=4360, stack(0x0000000017350000,0x0000000017450000)]
  0x0000000016b80000 JavaThread "C2 CompilerThread1" daemon [_thread_in_native, id=5124, stack(0x0000000017250000,0x0000000017350000)]
  0x0000000016b7b800 JavaThread "C2 CompilerThread0" daemon [_thread_blocked, id=5232, stack(0x0000000017150000,0x0000000017250000)]
  0x0000000016b75000 JavaThread "Attach Listener" daemon [_thread_blocked, id=4560, stack(0x0000000017050000,0x0000000017150000)]
  0x0000000016b74800 JavaThread "Signal Dispatcher" daemon [_thread_blocked, id=3284, stack(0x0000000016f50000,0x0000000017050000)]
  0x0000000001f5a800 JavaThread "Finalizer" daemon [_thread_blocked, id=2904, stack(0x0000000016950000,0x0000000016a50000)]
  0x0000000001f54000 JavaThread "Reference Handler" daemon [_thread_blocked, id=6112, stack(0x0000000016850000,0x0000000016950000)]
  0x0000000001e60800 JavaThread "main" [_thread_in_native, id=3480, stack(0x0000000001d40000,0x0000000001e40000)]

Other Threads:
  0x0000000014a79000 VMThread [stack: 0x0000000016750000,0x0000000016850000] [id=5460]
  0x0000000016be5000 WatcherThread [stack: 0x0000000017650000,0x0000000017750000] [id=2012]

VM state:not at safepoint (normal execution)

VM Mutex/Monitor currently owned by a thread: None

Heap:
 PSYoungGen      total 38400K, used 7339K [0x00000000eab00000, 0x00000000ed580000, 0x0000000100000000)
  eden space 33280K, 22% used [0x00000000eab00000,0x00000000eb22ac60,0x00000000ecb80000)
  from space 5120K, 0% used [0x00000000ed080000,0x00000000ed080000,0x00000000ed580000)
  to   space 5120K, 0% used [0x00000000ecb80000,0x00000000ecb80000,0x00000000ed080000)
 ParOldGen       total 87552K, used 0K [0x00000000c0000000, 0x00000000c5580000, 0x00000000eab00000)
  object space 87552K, 0% used [0x00000000c0000000,0x00000000c0000000,0x00000000c5580000)
 Metaspace       used 3806K, capacity 5168K, committed 5376K, reserved 1056768K
  class space    used 433K, capacity 488K, committed 512K, reserved 1048576K

Card table byte_map: [0x0000000011320000,0x0000000011530000] byte_map_base: 0x0000000010d20000

Marking Bits: (ParMarkBitMap*) 0x0000000051a90600
 Begin Bits: [0x0000000011e90000, 0x0000000012e90000)
 End Bits:   [0x0000000012e90000, 0x0000000013e90000)

Polling page: 0x0000000001c60000

CodeCache: size=245760Kb used=1327Kb max_used=1349Kb free=244432Kb
 bounds [0x0000000001f60000, 0x00000000021d0000, 0x0000000010f60000]
 total_blobs=389 nmethods=138 adapters=164
 compilation: enabled

Compilation events (10 events):
Event: 0.137 Thread 0x0000000016b92800 nmethod 134 0x00000000020a9c10 code [0x00000000020a9e80, 0x00000000020aaf88]
Event: 0.137 Thread 0x0000000016b92800  133       3       java.util.WeakHashMap::indexFor (6 bytes)
Event: 0.137 Thread 0x0000000016b92800 nmethod 133 0x00000000020ab890 code [0x00000000020ab9e0, 0x00000000020abb10]
Event: 0.137 Thread 0x0000000016b92800  140   !   3       com.android.dx.cf.cst.ConstantPoolParser::parse0 (731 bytes)
Event: 0.137 Thread 0x0000000016b8e800  142       4       java.lang.String::lastIndexOf (52 bytes)
Event: 0.137 Thread 0x0000000016b7b800 nmethod 137 0x00000000020ae810 code [0x00000000020ae940, 0x00000000020ae9b8]
Event: 0.138 Thread 0x0000000016b7b800  150       4       com.android.dx.util.ByteArray::checkOffsets (66 bytes)
Event: 0.139 Thread 0x0000000016b7b800 nmethod 150 0x00000000020b1a50 code [0x00000000020b1b80, 0x00000000020b1c38]
Event: 0.139 Thread 0x0000000016b8e800 nmethod 142 0x00000000020ae290 code [0x00000000020ae3c0, 0x00000000020ae538]
Event: 0.140 Thread 0x0000000016b80000  153       4       com.android.dx.util.ByteArray::getUnsignedByte (14 bytes)

GC Heap History (0 events):
No events

Deoptimization events (0 events):
No events

Internal exceptions (2 events):
Event: 0.035 Thread 0x0000000001e60800 Exception <a 'java/lang/NoSuchMethodError': Method sun.misc.Unsafe.defineClass(Ljava/lang/String;[BII)Ljava/lang/Class; name or signature does not match> (0x00000000eab0cf18) thrown at [D:\re\puppet\workspace\8-2-build-windows-amd64-cygwin\jdk8u73\6086\hot°ð¶jæ¢?
Event: 0.035 Thread 0x0000000001e60800 Exception <a 'java/lang/NoSuchMethodError': Method sun.misc.Unsafe.prefetchRead(Ljava/lang/Object;J)V name or signature does not match> (0x00000000eab0d200) thrown at [D:\re\puppet\workspace\8-2-build-windows-amd64-cygwin\jdk8u73\6086\hotspot\src\share\vm\

Events (10 events):
Event: 0.138 loading class com/android/dx/dex/cf/OptimizerOptions done
Event: 0.138 Thread 0x0000000016db7000 Thread added: 0x0000000016db7000
Event: 0.139 loading class com/android/dx/dex/file/ClassDefItem
Event: 0.139 loading class com/android/dx/dex/file/ClassDefItem done
Event: 0.140 loading class com/android/dx/dex/file/OffsettedItem
Event: 0.140 loading class com/android/dx/dex/file/OffsettedItem done
Event: 0.140 loading class com/android/dx/dex/file/TypeListItem
Event: 0.140 loading class com/android/dx/dex/file/TypeListItem done
Event: 0.140 loading class com/android/dx/dex/file/EncodedArrayItem
Event: 0.140 loading class com/android/dx/dex/file/EncodedArrayItem done


Dynamic libraries:
0x00007ff7fce20000 - 0x00007ff7fce57000 	C:\Program Files\Java\jdk1.8.0_73\bin\java.exe
0x00007ff904170000 - 0x00007ff904319000 	C:\Windows\SYSTEM32\ntdll.dll
0x00007ff901a00000 - 0x00007ff901b3a000 	C:\Windows\system32\KERNEL32.DLL
0x00007ff901850000 - 0x00007ff90195f000 	C:\Windows\system32\KERNELBASE.dll
0x00007ff903cd0000 - 0x00007ff903d75000 	C:\Windows\system32\ADVAPI32.dll
0x00007ff903300000 - 0x00007ff903471000 	C:\Windows\system32\USER32.dll
0x00007ff8fef70000 - 0x00007ff8ff1ca000 	C:\Windows\WinSxS\amd64_microsoft.windows.common-controls_6595b64144ccf1df_6.0.9600.16384_none_62475f7becb72503\COMCTL32.dll
0x00007ff903240000 - 0x00007ff9032e7000 	C:\Windows\system32\msvcrt.dll
0x00007ff903a90000 - 0x00007ff903ae7000 	C:\Windows\SYSTEM32\sechost.dll
0x00007ff903100000 - 0x00007ff903236000 	C:\Windows\system32\RPCRT4.dll
0x00007ff9035c0000 - 0x00007ff903705000 	C:\Windows\system32\GDI32.dll
0x00007ff904130000 - 0x00007ff904164000 	C:\Windows\system32\IMM32.DLL
0x00007ff903480000 - 0x00007ff9035b9000 	C:\Windows\system32\MSCTF.dll
0x0000000050d20000 - 0x0000000050df2000 	C:\Program Files\Java\jdk1.8.0_73\jre\bin\msvcr100.dll
0x0000000051280000 - 0x0000000051b10000 	C:\Program Files\Java\jdk1.8.0_73\jre\bin\server\jvm.dll
0x00007ff8eedc0000 - 0x00007ff8eedc9000 	C:\Windows\SYSTEM32\WSOCK32.dll
0x00007ff8fd900000 - 0x00007ff8fd91f000 	C:\Windows\SYSTEM32\WINMM.dll
0x00007ff8ffe00000 - 0x00007ff8ffe0a000 	C:\Windows\SYSTEM32\VERSION.dll
0x00007ff9038e0000 - 0x00007ff9038e7000 	C:\Windows\system32\PSAPI.DLL
0x00007ff903710000 - 0x00007ff903768000 	C:\Windows\system32\WS2_32.dll
0x00007ff8fd8c0000 - 0x00007ff8fd8ea000 	C:\Windows\SYSTEM32\WINMMBASE.dll
0x00007ff904020000 - 0x00007ff904029000 	C:\Windows\system32\NSI.dll
0x00007ff901960000 - 0x00007ff9019aa000 	C:\Windows\SYSTEM32\cfgmgr32.dll
0x00007ff900370000 - 0x00007ff900396000 	C:\Windows\SYSTEM32\DEVOBJ.dll
0x0000000051190000 - 0x000000005119f000 	C:\Program Files\Java\jdk1.8.0_73\jre\bin\verify.dll
0x0000000051160000 - 0x0000000051189000 	C:\Program Files\Java\jdk1.8.0_73\jre\bin\java.dll
0x0000000051140000 - 0x0000000051156000 	C:\Program Files\Java\jdk1.8.0_73\jre\bin\zip.dll
0x00007ff901cf0000 - 0x00007ff9030fe000 	C:\Windows\system32\SHELL32.dll
0x00007ff903af0000 - 0x00007ff903cc7000 	C:\Windows\SYSTEM32\combase.dll
0x00007ff903de0000 - 0x00007ff903e31000 	C:\Windows\system32\SHLWAPI.dll
0x00007ff900050000 - 0x00007ff9000f1000 	C:\Windows\SYSTEM32\SHCORE.dll
0x00007ff9014f0000 - 0x00007ff901504000 	C:\Windows\SYSTEM32\profapi.dll

VM Arguments:
jvm_args: -Djava.awt.headless=true -Xmx1024M -Dfile.encoding=windows-1252 -Duser.country=ES -Duser.language=es -Duser.variant 
java_command: com.android.dx.command.Main --dex --force-jumbo --num-threads=4 --multi-dex --output C:\Users\ANDROID\AndroidStudioProjects\ListView04\app\build\intermediates\transforms\dex\debug\folders\1000\5\slice_7 C:\Users\ANDROID\AndroidStudioProjects\ListView04\app\build\intermediates\transforms\instantRunSlicer\debug\folders\1\5\slice_7
java_class_path (initial): C:\Users\ANDROID\AppData\Local\Android\sdk\build-tools\24.0.1\lib\dx.jar
Launcher Type: SUN_STANDARD

Environment Variables:
PATH=C:\ProgramData\Oracle\Java\javapath;C:\Windows\system32;C:\Windows;C:\Windows\System32\Wbem;C:\Windows\System32\WindowsPowerShell\v1.0\
USERNAME=ANDROID
OS=Windows_NT
PROCESSOR_IDENTIFIER=Intel64 Family 6 Model 58 Stepping 9, GenuineIntel



---------------  S Y S T E M  ---------------

OS: Windows 8.1 , 64 bit Build 9600 (6.3.9600.16384)

CPU:total 8 (4 cores per cpu, 2 threads per core) family 6 model 58 stepping 9, cmov, cx8, fxsr, mmx, sse, sse2, sse3, ssse3, sse4.1, sse4.2, popcnt, avx, aes, clmul, erms, ht, tsc, tscinvbit, tscinv

Memory: 4k page, physical 8341960k(1414788k free), swap 8341960k(5104k free)

vm_info: Java HotSpot(TM) 64-Bit Server VM (25.73-b02) for windows-amd64 JRE (1.8.0_73-b02), built on Jan 29 2016 17:38:49 by "java_re" with MS VC++ 10.0 (VS2010)

time: Sat Aug 27 17:30:02 2016
elapsed time: 0 seconds (0d 0h 0m 0s)

