#
# There is insufficient memory for the Java Runtime Environment to continue.
# Native memory allocation (malloc) failed to allocate 1300176 bytes for Chunk::new
# Possible reasons:
#   The system is out of physical RAM or swap space
#   In 32 bit mode, the process size limit was hit
# Possible solutions:
#   Reduce memory load on the system
#   Increase physical memory or swap space
#   Check if swap backing store is full
#   Use 64 bit Java on a 64 bit OS
#   Decrease Java heap size (-Xmx/-Xms)
#   Decrease number of Java threads
#   Decrease Java thread stack sizes (-Xss)
#   Set larger code cache with -XX:ReservedCodeCacheSize=
# This output file may be truncated or incomplete.
#
#  Out of Memory Error (allocation.cpp:390), pid=4132, tid=920
#
# JRE version: Java(TM) SE Runtime Environment (8.0_73-b02) (build 1.8.0_73-b02)
# Java VM: Java HotSpot(TM) 64-Bit Server VM (25.73-b02 mixed mode windows-amd64 compressed oops)
# Failed to write core dump. Minidumps are not enabled by default on client versions of Windows
#

---------------  T H R E A D  ---------------

Current thread (0x00000000171bc000):  JavaThread "C2 CompilerThread1" daemon [_thread_in_native, id=920, stack(0x0000000017890000,0x0000000017990000)]

Stack: [0x0000000017890000,0x0000000017990000]
[error occurred during error reporting (printing stack bounds), id 0xc0000005]

Native frames: (J=compiled Java code, j=interpreted, Vv=VM code, C=native code)


Current CompileTask:
C2:   4426 2240 %     4       com.android.dx.ssa.SCCP::run @ 133 (298 bytes)


---------------  P R O C E S S  ---------------

Java Threads: ( => current thread )
  0x0000000017565800 JavaThread "pool-2-thread-4" [_thread_blocked, id=5428, stack(0x0000000018990000,0x0000000018a90000)]
  0x00000000174b2000 JavaThread "pool-2-thread-3" [_thread_in_Java, id=5752, stack(0x0000000018890000,0x0000000018990000)]
  0x0000000017563800 JavaThread "pool-2-thread-2" [_thread_in_Java, id=4228, stack(0x0000000018790000,0x0000000018890000)]
  0x0000000017589000 JavaThread "pool-3-thread-1" [_thread_blocked, id=6088, stack(0x0000000018690000,0x0000000018790000)]
  0x0000000017588800 JavaThread "pool-2-thread-1" [_thread_blocked, id=3040, stack(0x0000000018590000,0x0000000018690000)]
  0x0000000017240800 JavaThread "Service Thread" daemon [_thread_blocked, id=3948, stack(0x0000000017b90000,0x0000000017c90000)]
  0x00000000171fc000 JavaThread "C1 CompilerThread3" daemon [_thread_blocked, id=1740, stack(0x0000000017a90000,0x0000000017b90000)]
  0x00000000171c1000 JavaThread "C2 CompilerThread2" daemon [_thread_in_native, id=4260, stack(0x0000000017990000,0x0000000017a90000)]
=>0x00000000171bc000 JavaThread "C2 CompilerThread1" daemon [_thread_in_native, id=920, stack(0x0000000017890000,0x0000000017990000)]
  0x00000000171b7800 JavaThread "C2 CompilerThread0" daemon [_thread_in_native, id=4600, stack(0x0000000017790000,0x0000000017890000)]
  0x00000000171b5000 JavaThread "Attach Listener" daemon [_thread_blocked, id=4928, stack(0x0000000017690000,0x0000000017790000)]
  0x00000000171b4000 JavaThread "Signal Dispatcher" daemon [_thread_blocked, id=2928, stack(0x0000000017590000,0x0000000017690000)]
  0x0000000002599800 JavaThread "Finalizer" daemon [_thread_blocked, id=6028, stack(0x0000000016f90000,0x0000000017090000)]
  0x0000000002592000 JavaThread "Reference Handler" daemon [_thread_blocked, id=4184, stack(0x0000000016e90000,0x0000000016f90000)]
  0x00000000024a0800 JavaThread "main" [_thread_in_Java, id=6136, stack(0x00000000022b0000,0x00000000023b0000)]

Other Threads:
  0x00000000150b9000 VMThread [stack: 0x0000000016d90000,0x0000000016e90000] [id=3436]
  0x0000000017243000 WatcherThread [stack: 0x0000000017c90000,0x0000000017d90000] [id=6072]

VM state:not at safepoint (normal execution)

VM Mutex/Monitor currently owned by a thread: None

Heap:
 PSYoungGen      total 138240K, used 130021K [0x00000000eab00000, 0x00000000f3700000, 0x0000000100000000)
  eden space 133120K, 93% used [0x00000000eab00000,0x00000000f24ff300,0x00000000f2d00000)
  from space 5120K, 99% used [0x00000000f3200000,0x00000000f36fa298,0x00000000f3700000)
  to   space 5120K, 0% used [0x00000000f2d00000,0x00000000f2d00000,0x00000000f3200000)
 ParOldGen       total 87552K, used 22942K [0x00000000c0000000, 0x00000000c5580000, 0x00000000eab00000)
  object space 87552K, 26% used [0x00000000c0000000,0x00000000c1667af0,0x00000000c5580000)
 Metaspace       used 6484K, capacity 7256K, committed 7424K, reserved 1056768K
  class space    used 624K, capacity 656K, committed 768K, reserved 1048576K

Card table byte_map: [0x0000000011960000,0x0000000011b70000] byte_map_base: 0x0000000011360000

Marking Bits: (ParMarkBitMap*) 0x0000000051a90600
 Begin Bits: [0x00000000124d0000, 0x00000000134d0000)
 End Bits:   [0x00000000134d0000, 0x00000000144d0000)

Polling page: 0x0000000000940000

CodeCache: size=245760Kb used=9665Kb max_used=9682Kb free=236094Kb
 bounds [0x00000000025a0000, 0x0000000002f30000, 0x00000000115a0000]
 total_blobs=2406 nmethods=2136 adapters=182
 compilation: enabled

Compilation events (10 events):
Event: 4.360 Thread 0x00000000171fc000 2246       2       com.android.dx.ssa.MoveParamCombiner$1::visitNonMoveInsn (213 bytes)
Event: 4.362 Thread 0x00000000171fc000 nmethod 2246 0x0000000002ed7110 code [0x0000000002ed7320, 0x0000000002ed7a58]
Event: 4.367 Thread 0x00000000171fc000 2248       2       com.android.dx.ssa.NormalSsaInsn::changeOneSource (120 bytes)
Event: 4.368 Thread 0x00000000171fc000 nmethod 2248 0x0000000002ef76d0 code [0x0000000002ef78e0, 0x0000000002ef8038]
Event: 4.369 Thread 0x00000000171fc000 2249 % !   2       com.android.dx.cf.code.Ropper::processBlock @ 1035 (1101 bytes)
Event: 4.375 Thread 0x00000000171fc000 nmethod 2249% 0x0000000002f0f110 code [0x0000000002f0f840, 0x0000000002f12a98]
Event: 4.381 Thread 0x00000000171fc000 2258       2       java.util.HashMap$TreeNode::find (172 bytes)
Event: 4.381 Thread 0x00000000171fc000 nmethod 2258 0x0000000002ed6850 code [0x0000000002ed6a00, 0x0000000002ed6e38]
Event: 4.397 Thread 0x00000000171c1000 nmethod 2227 0x0000000002f1d7d0 code [0x0000000002f1da00, 0x0000000002f1f408]
Event: 4.397 Thread 0x00000000171c1000 2245   !   4       com.android.dx.cf.code.BytecodeArray::parseInstruction (2764 bytes)

GC Heap History (8 events):
Event: 0.557 GC heap before
{Heap before GC invocations=1 (full 0):
 PSYoungGen      total 38400K, used 33280K [0x00000000eab00000, 0x00000000ed580000, 0x0000000100000000)
  eden space 33280K, 100% used [0x00000000eab00000,0x00000000ecb80000,0x00000000ecb80000)
  from space 5120K, 0% used [0x00000000ed080000,0x00000000ed080000,0x00000000ed580000)
  to   space 5120K, 0% used [0x00000000ecb80000,0x00000000ecb80000,0x00000000ed080000)
 ParOldGen       total 87552K, used 0K [0x00000000c0000000, 0x00000000c5580000, 0x00000000eab00000)
  object space 87552K, 0% used [0x00000000c0000000,0x00000000c0000000,0x00000000c5580000)
 Metaspace       used 5770K, capacity 6704K, committed 6784K, reserved 1056768K
  class space    used 600K, capacity 616K, committed 640K, reserved 1048576K
Event: 0.572 GC heap after
Heap after GC invocations=1 (full 0):
 PSYoungGen      total 38400K, used 4781K [0x00000000eab00000, 0x00000000ef600000, 0x0000000100000000)
  eden space 33280K, 0% used [0x00000000eab00000,0x00000000eab00000,0x00000000ecb80000)
  from space 5120K, 93% used [0x00000000ecb80000,0x00000000ed02b648,0x00000000ed080000)
  to   space 5120K, 0% used [0x00000000ef100000,0x00000000ef100000,0x00000000ef600000)
 ParOldGen       total 87552K, used 8K [0x00000000c0000000, 0x00000000c5580000, 0x00000000eab00000)
  object space 87552K, 0% used [0x00000000c0000000,0x00000000c0002000,0x00000000c5580000)
 Metaspace       used 5770K, capacity 6704K, committed 6784K, reserved 1056768K
  class space    used 600K, capacity 616K, committed 640K, reserved 1048576K
}
Event: 0.926 GC heap before
{Heap before GC invocations=2 (full 0):
 PSYoungGen      total 38400K, used 38061K [0x00000000eab00000, 0x00000000ef600000, 0x0000000100000000)
  eden space 33280K, 100% used [0x00000000eab00000,0x00000000ecb80000,0x00000000ecb80000)
  from space 5120K, 93% used [0x00000000ecb80000,0x00000000ed02b648,0x00000000ed080000)
  to   space 5120K, 0% used [0x00000000ef100000,0x00000000ef100000,0x00000000ef600000)
 ParOldGen       total 87552K, used 8K [0x00000000c0000000, 0x00000000c5580000, 0x00000000eab00000)
  object space 87552K, 0% used [0x00000000c0000000,0x00000000c0002000,0x00000000c5580000)
 Metaspace       used 6065K, capacity 6960K, committed 7040K, reserved 1056768K
  class space    used 602K, capacity 616K, committed 640K, reserved 1048576K
Event: 0.946 GC heap after
Heap after GC invocations=2 (full 0):
 PSYoungGen      total 71680K, used 5088K [0x00000000eab00000, 0x00000000ef600000, 0x0000000100000000)
  eden space 66560K, 0% used [0x00000000eab00000,0x00000000eab00000,0x00000000eec00000)
  from space 5120K, 99% used [0x00000000ef100000,0x00000000ef5f8180,0x00000000ef600000)
  to   space 5120K, 0% used [0x00000000eec00000,0x00000000eec00000,0x00000000ef100000)
 ParOldGen       total 87552K, used 3643K [0x00000000c0000000, 0x00000000c5580000, 0x00000000eab00000)
  object space 87552K, 4% used [0x00000000c0000000,0x00000000c038ee60,0x00000000c5580000)
 Metaspace       used 6065K, capacity 6960K, committed 7040K, reserved 1056768K
  class space    used 602K, capacity 616K, committed 640K, reserved 1048576K
}
Event: 1.482 GC heap before
{Heap before GC invocations=3 (full 0):
 PSYoungGen      total 71680K, used 71648K [0x00000000eab00000, 0x00000000ef600000, 0x0000000100000000)
  eden space 66560K, 100% used [0x00000000eab00000,0x00000000eec00000,0x00000000eec00000)
  from space 5120K, 99% used [0x00000000ef100000,0x00000000ef5f8180,0x00000000ef600000)
  to   space 5120K, 0% used [0x00000000eec00000,0x00000000eec00000,0x00000000ef100000)
 ParOldGen       total 87552K, used 3643K [0x00000000c0000000, 0x00000000c5580000, 0x00000000eab00000)
  object space 87552K, 4% used [0x00000000c0000000,0x00000000c038ee60,0x00000000c5580000)
 Metaspace       used 6245K, capacity 7088K, committed 7296K, reserved 1056768K
  class space    used 602K, capacity 616K, committed 640K, reserved 1048576K
Event: 1.572 GC heap after
Heap after GC invocations=3 (full 0):
 PSYoungGen      total 71680K, used 5096K [0x00000000eab00000, 0x00000000f3700000, 0x0000000100000000)
  eden space 66560K, 0% used [0x00000000eab00000,0x00000000eab00000,0x00000000eec00000)
  from space 5120K, 99% used [0x00000000eec00000,0x00000000ef0fa298,0x00000000ef100000)
  to   space 5120K, 0% used [0x00000000f3200000,0x00000000f3200000,0x00000000f3700000)
 ParOldGen       total 87552K, used 12640K [0x00000000c0000000, 0x00000000c5580000, 0x00000000eab00000)
  object space 87552K, 14% used [0x00000000c0000000,0x00000000c0c583b0,0x00000000c5580000)
 Metaspace       used 6245K, capacity 7088K, committed 7296K, reserved 1056768K
  class space    used 602K, capacity 616K, committed 640K, reserved 1048576K
}
Event: 2.097 GC heap before
{Heap before GC invocations=4 (full 0):
 PSYoungGen      total 71680K, used 71656K [0x00000000eab00000, 0x00000000f3700000, 0x0000000100000000)
  eden space 66560K, 100% used [0x00000000eab00000,0x00000000eec00000,0x00000000eec00000)
  from space 5120K, 99% used [0x00000000eec00000,0x00000000ef0fa298,0x00000000ef100000)
  to   space 5120K, 0% used [0x00000000f3200000,0x00000000f3200000,0x00000000f3700000)
 ParOldGen       total 87552K, used 12640K [0x00000000c0000000, 0x00000000c5580000, 0x00000000eab00000)
  object space 87552K, 14% used [0x00000000c0000000,0x00000000c0c583b0,0x00000000c5580000)
 Metaspace       used 6321K, capacity 7152K, committed 7296K, reserved 1056768K
  class space    used 602K, capacity 616K, committed 640K, reserved 1048576K
Event: 2.147 GC heap after
Heap after GC invocations=4 (full 0):
 PSYoungGen      total 138240K, used 5096K [0x00000000eab00000, 0x00000000f3700000, 0x0000000100000000)
  eden space 133120K, 0% used [0x00000000eab00000,0x00000000eab00000,0x00000000f2d00000)
  from space 5120K, 99% used [0x00000000f3200000,0x00000000f36fa298,0x00000000f3700000)
  to   space 5120K, 0% used [0x00000000f2d00000,0x00000000f2d00000,0x00000000f3200000)
 ParOldGen       total 87552K, used 22942K [0x00000000c0000000, 0x00000000c5580000, 0x00000000eab00000)
  object space 87552K, 26% used [0x00000000c0000000,0x00000000c1667af0,0x00000000c5580000)
 Metaspace       used 6321K, capacity 7152K, committed 7296K, reserved 1056768K
  class space    used 602K, capacity 616K, committed 640K, reserved 1048576K
}

Deoptimization events (10 events):
Event: 4.088 Thread 0x0000000017565800 Uncommon trap: reason=bimorphic action=maybe_recompile pc=0x0000000002e87dcc method=com.android.dx.cf.code.BytecodeArray.parseInstruction(ILcom/android/dx/cf/code/BytecodeArray$Visitor;)I @ 1161
Event: 4.088 Thread 0x0000000017565800 Uncommon trap: reason=bimorphic action=maybe_recompile pc=0x0000000002e87dcc method=com.android.dx.cf.code.BytecodeArray.parseInstruction(ILcom/android/dx/cf/code/BytecodeArray$Visitor;)I @ 1161
Event: 4.137 Thread 0x0000000017588800 Uncommon trap: reason=unstable_if action=reinterpret pc=0x0000000002eb10a0 method=java.util.HashMap.putVal(ILjava/lang/Object;Ljava/lang/Object;ZZ)Ljava/lang/Object; @ 109
Event: 4.354 Thread 0x00000000024a0800 Uncommon trap: reason=bimorphic action=maybe_recompile pc=0x0000000002f00ecc method=com.android.dx.cf.code.BytecodeArray.parseInstruction(ILcom/android/dx/cf/code/BytecodeArray$Visitor;)I @ 1501
Event: 4.355 Thread 0x00000000024a0800 Uncommon trap: reason=bimorphic action=maybe_recompile pc=0x0000000002f00ecc method=com.android.dx.cf.code.BytecodeArray.parseInstruction(ILcom/android/dx/cf/code/BytecodeArray$Visitor;)I @ 1501
Event: 4.360 Thread 0x0000000017565800 Uncommon trap: reason=unstable_if action=reinterpret pc=0x0000000002c66414 method=com.android.dx.ssa.MoveParamCombiner$1.visitNonMoveInsn(Lcom/android/dx/ssa/NormalSsaInsn;)V @ 27
Event: 4.361 Thread 0x0000000017565800 Uncommon trap: reason=class_check action=maybe_recompile pc=0x0000000002dc3a6c method=com.android.dx.cf.code.Ropper.processBlock(Lcom/android/dx/cf/code/ByteBlock;Lcom/android/dx/cf/code/Frame;[I)V @ 711
Event: 4.365 Thread 0x0000000017565800 Uncommon trap: reason=class_check action=maybe_recompile pc=0x0000000002dc3a6c method=com.android.dx.cf.code.Ropper.processBlock(Lcom/android/dx/cf/code/ByteBlock;Lcom/android/dx/cf/code/Frame;[I)V @ 711
Event: 4.365 Thread 0x0000000017565800 Uncommon trap: reason=class_check action=maybe_recompile pc=0x0000000002dc3a6c method=com.android.dx.cf.code.Ropper.processBlock(Lcom/android/dx/cf/code/ByteBlock;Lcom/android/dx/cf/code/Frame;[I)V @ 711
Event: 4.365 Thread 0x0000000017565800 Uncommon trap: reason=class_check action=maybe_recompile pc=0x0000000002dc3a6c method=com.android.dx.cf.code.Ropper.processBlock(Lcom/android/dx/cf/code/ByteBlock;Lcom/android/dx/cf/code/Frame;[I)V @ 711

Internal exceptions (7 events):
Event: 0.040 Thread 0x00000000024a0800 Exception <a 'java/lang/NoSuchMethodError': Method sun.misc.Unsafe.defineClass(Ljava/lang/String;[BII)Ljava/lang/Class; name or signature does not match> (0x00000000eab0cfc0) thrown at [D:\re\puppet\workspace\8-2-build-windows-amd64-cygwin\jdk8u73\6086\hotwò=cH´§?
Event: 0.040 Thread 0x00000000024a0800 Exception <a 'java/lang/NoSuchMethodError': Method sun.misc.Unsafe.prefetchRead(Ljava/lang/Object;J)V name or signature does not match> (0x00000000eab0d2a8) thrown at [D:\re\puppet\workspace\8-2-build-windows-amd64-cygwin\jdk8u73\6086\hotspot\src\share\vm\èŸCôå6„?
Event: 0.600 Thread 0x0000000017588800 Implicit null exception at 0x0000000002854fe2 to 0x00000000028550e1
Event: 2.570 Thread 0x0000000017588800 Implicit null exception at 0x0000000002c3aaa7 to 0x0000000002c3bfb1
Event: 3.350 Thread 0x0000000017588800 Exception <a 'java/lang/ArrayIndexOutOfBoundsException': 18> (0x00000000f0370f00) thrown at [D:\re\puppet\workspace\8-2-build-windows-amd64-cygwin\jdk8u73\6086\hotspot\src\share\vm\interpreter\interpreterRuntime.cpp, line 366]
Event: 3.351 Thread 0x0000000017588800 Exception <a 'java/lang/ArrayIndexOutOfBoundsException': 145> (0x00000000f0372a80) thrown at [D:\re\puppet\workspace\8-2-build-windows-amd64-cygwin\jdk8u73\6086\hotspot\src\share\vm\interpreter\interpreterRuntime.cpp, line 366]
Event: 3.352 Thread 0x0000000017588800 Exception <a 'java/lang/ArrayIndexOutOfBoundsException'> (0x00000000f0373d68) thrown at [D:\re\puppet\workspace\8-2-build-windows-amd64-cygwin\jdk8u73\6086\hotspot\src\share\vm\runtime\sharedRuntime.cpp, line 605]

Events (10 events):
Event: 4.364 Thread 0x0000000017565800 DEOPT UNPACKING pc=0x00000000025e582a sp=0x0000000018a8e5f0 mode 2
Event: 4.365 Thread 0x0000000017565800 Uncommon trap: trap_request=0xffffffde fr.pc=0x0000000002dc3a6c
Event: 4.365 Thread 0x0000000017565800 DEOPT PACKING pc=0x0000000002dc3a6c sp=0x0000000018a8e610
Event: 4.365 Thread 0x0000000017565800 DEOPT UNPACKING pc=0x00000000025e582a sp=0x0000000018a8e5f0 mode 2
Event: 4.365 Thread 0x0000000017565800 Uncommon trap: trap_request=0xffffffde fr.pc=0x0000000002dc3a6c
Event: 4.365 Thread 0x0000000017565800 DEOPT PACKING pc=0x0000000002dc3a6c sp=0x0000000018a8e610
Event: 4.365 Thread 0x0000000017565800 DEOPT UNPACKING pc=0x00000000025e582a sp=0x0000000018a8e5f0 mode 2
Event: 4.365 Thread 0x0000000017565800 Uncommon trap: trap_request=0xffffffde fr.pc=0x0000000002dc3a6c
Event: 4.365 Thread 0x0000000017565800 DEOPT PACKING pc=0x0000000002dc3a6c sp=0x0000000018a8e610
Event: 4.365 Thread 0x0000000017565800 DEOPT UNPACKING pc=0x00000000025e582a sp=0x0000000018a8e5f0 mode 2


Dynamic libraries:
0x00007ff7fce20000 - 0x00007ff7fce57000 	C:\Program Files\Java\jdk1.8.0_73\bin\java.exe
0x00007ff904170000 - 0x00007ff904319000 	C:\Windows\SYSTEM32\ntdll.dll
0x00007ff901a00000 - 0x00007ff901b3a000 	C:\Windows\system32\KERNEL32.DLL
0x00007ff901850000 - 0x00007ff90195f000 	C:\Windows\system32\KERNELBASE.dll
0x00007ff903cd0000 - 0x00007ff903d75000 	C:\Windows\system32\ADVAPI32.dll
0x00007ff903300000 - 0x00007ff903471000 	C:\Windows\system32\USER32.dll
0x00007ff8fef70000 - 0x00007ff8ff1ca000 	C:\Windows\WinSxS\amd64_microsoft.windows.common-controls_6595b64144ccf1df_6.0.9600.16384_none_62475f7becb72503\COMCTL32.dll
0x00007ff903240000 - 0x00007ff9032e7000 	C:\Windows\system32\msvcrt.dll
0x00007ff903a90000 - 0x00007ff903ae7000 	C:\Windows\SYSTEM32\sechost.dll
0x00007ff903100000 - 0x00007ff903236000 	C:\Windows\system32\RPCRT4.dll
0x00007ff9035c0000 - 0x00007ff903705000 	C:\Windows\system32\GDI32.dll
0x00007ff904130000 - 0x00007ff904164000 	C:\Windows\system32\IMM32.DLL
0x00007ff903480000 - 0x00007ff9035b9000 	C:\Windows\system32\MSCTF.dll
0x0000000050d20000 - 0x0000000050df2000 	C:\Program Files\Java\jdk1.8.0_73\jre\bin\msvcr100.dll
0x0000000051280000 - 0x0000000051b10000 	C:\Program Files\Java\jdk1.8.0_73\jre\bin\server\jvm.dll
0x00007ff8eedc0000 - 0x00007ff8eedc9000 	C:\Windows\SYSTEM32\WSOCK32.dll
0x00007ff8fd900000 - 0x00007ff8fd91f000 	C:\Windows\SYSTEM32\WINMM.dll
0x00007ff8ffe00000 - 0x00007ff8ffe0a000 	C:\Windows\SYSTEM32\VERSION.dll
0x00007ff9038e0000 - 0x00007ff9038e7000 	C:\Windows\system32\PSAPI.DLL
0x00007ff903710000 - 0x00007ff903768000 	C:\Windows\system32\WS2_32.dll
0x00007ff8fd8c0000 - 0x00007ff8fd8ea000 	C:\Windows\SYSTEM32\WINMMBASE.dll
0x00007ff904020000 - 0x00007ff904029000 	C:\Windows\system32\NSI.dll
0x00007ff901960000 - 0x00007ff9019aa000 	C:\Windows\SYSTEM32\cfgmgr32.dll
0x00007ff900370000 - 0x00007ff900396000 	C:\Windows\SYSTEM32\DEVOBJ.dll
0x0000000051190000 - 0x000000005119f000 	C:\Program Files\Java\jdk1.8.0_73\jre\bin\verify.dll
0x0000000051160000 - 0x0000000051189000 	C:\Program Files\Java\jdk1.8.0_73\jre\bin\java.dll
0x0000000051140000 - 0x0000000051156000 	C:\Program Files\Java\jdk1.8.0_73\jre\bin\zip.dll
0x00007ff901cf0000 - 0x00007ff9030fe000 	C:\Windows\system32\SHELL32.dll
0x00007ff903af0000 - 0x00007ff903cc7000 	C:\Windows\SYSTEM32\combase.dll
0x00007ff903de0000 - 0x00007ff903e31000 	C:\Windows\system32\SHLWAPI.dll
0x00007ff900050000 - 0x00007ff9000f1000 	C:\Windows\SYSTEM32\SHCORE.dll
0x00007ff9014f0000 - 0x00007ff901504000 	C:\Windows\SYSTEM32\profapi.dll

VM Arguments:
jvm_args: -Djava.awt.headless=true -Xmx1024M -Dfile.encoding=windows-1252 -Duser.country=ES -Duser.language=es -Duser.variant 
java_command: com.android.dx.command.Main --dex --force-jumbo --num-threads=4 --multi-dex --output C:\Users\ANDROID\AndroidStudioProjects\ListView04\app\build\intermediates\transforms\dex\debug\folders\1000\10\com.android.support-support-v4-24.1.1_e65261007af169a3113cd4146123bb2d153271ac C:\Users\ANDROID\AndroidStudioProjects\ListView04\app\build\intermediates\exploded-aar\com.android.support\support-v4\24.1.1\jars\classes.jar
java_class_path (initial): C:\Users\ANDROID\AppData\Local\Android\sdk\build-tools\24.0.1\lib\dx.jar
Launcher Type: SUN_STANDARD

Environment Variables:
PATH=C:\ProgramData\Oracle\Java\javapath;C:\Windows\system32;C:\Windows;C:\Windows\System32\Wbem;C:\Windows\System32\WindowsPowerShell\v1.0\
USERNAME=ANDROID
OS=Windows_NT
PROCESSOR_IDENTIFIER=Intel64 Family 6 Model 58 Stepping 9, GenuineIntel



---------------  S Y S T E M  ---------------

OS: Windows 8.1 , 64 bit Build 9600 (6.3.9600.16384)

CPU:total 8 (4 cores per cpu, 2 threads per core) family 6 model 58 stepping 9, cmov, cx8, fxsr, mmx, sse, sse2, sse3, ssse3, sse4.1, sse4.2, popcnt, avx, aes, clmul, erms, ht, tsc, tscinvbit, tscinv

Memory: 4k page, physical 8341960k(1296108k free), swap 8341960k(5296k free)

vm_info: Java HotSpot(TM) 64-Bit Server VM (25.73-b02) for windows-amd64 JRE (1.8.0_73-b02), built on Jan 29 2016 17:38:49 by "java_re" with MS VC++ 10.0 (VS2010)

time: Sat Aug 27 17:32:57 2016
elapsed time: 4 seconds (0d 0h 0m 4s)

