#
# There is insufficient memory for the Java Runtime Environment to continue.
# Native memory allocation (malloc) failed to allocate 627376 bytes for Chunk::new
# Possible reasons:
#   The system is out of physical RAM or swap space
#   In 32 bit mode, the process size limit was hit
# Possible solutions:
#   Reduce memory load on the system
#   Increase physical memory or swap space
#   Check if swap backing store is full
#   Use 64 bit Java on a 64 bit OS
#   Decrease Java heap size (-Xmx/-Xms)
#   Decrease number of Java threads
#   Decrease Java thread stack sizes (-Xss)
#   Set larger code cache with -XX:ReservedCodeCacheSize=
# This output file may be truncated or incomplete.
#
#  Out of Memory Error (allocation.cpp:390), pid=2548, tid=3700
#
# JRE version: Java(TM) SE Runtime Environment (8.0_73-b02) (build 1.8.0_73-b02)
# Java VM: Java HotSpot(TM) 64-Bit Server VM (25.73-b02 mixed mode windows-amd64 compressed oops)
# Failed to write core dump. Minidumps are not enabled by default on client versions of Windows
#

---------------  T H R E A D  ---------------

Current thread (0x0000000016f9c000):  JavaThread "C2 CompilerThread2" daemon [_thread_in_native, id=3700, stack(0x0000000017760000,0x0000000017860000)]

Stack: [0x0000000017760000,0x0000000017860000]
[error occurred during error reporting (printing stack bounds), id 0xc0000005]

Native frames: (J=compiled Java code, j=interpreted, Vv=VM code, C=native code)


Current CompileTask:
C2:    611 1159       4       com.android.dx.ssa.SCCP::simulateStmt (481 bytes)


---------------  P R O C E S S  ---------------

Java Threads: ( => current thread )
  0x0000000017ba7000 JavaThread "pool-2-thread-4" [_thread_blocked, id=5696, stack(0x0000000018760000,0x0000000018860000)]
  0x0000000017ba6800 JavaThread "pool-2-thread-3" [_thread_in_Java, id=5464, stack(0x0000000018660000,0x0000000018760000)]
  0x0000000017281000 JavaThread "pool-2-thread-2" [_thread_blocked, id=5008, stack(0x0000000018560000,0x0000000018660000)]
  0x0000000017280000 JavaThread "pool-3-thread-1" [_thread_blocked, id=4064, stack(0x0000000018460000,0x0000000018560000)]
  0x000000001728c000 JavaThread "pool-2-thread-1" [_thread_blocked, id=3720, stack(0x0000000018360000,0x0000000018460000)]
  0x000000001702d000 JavaThread "Service Thread" daemon [_thread_blocked, id=4276, stack(0x0000000017960000,0x0000000017a60000)]
  0x0000000016fa0000 JavaThread "C1 CompilerThread3" daemon [_thread_in_native, id=1140, stack(0x0000000017860000,0x0000000017960000)]
=>0x0000000016f9c000 JavaThread "C2 CompilerThread2" daemon [_thread_in_native, id=3700, stack(0x0000000017760000,0x0000000017860000)]
  0x0000000016f8b000 JavaThread "C2 CompilerThread1" daemon [_thread_in_native, id=5192, stack(0x0000000017660000,0x0000000017760000)]
  0x0000000016f86800 JavaThread "C2 CompilerThread0" daemon [_thread_in_native, id=3952, stack(0x0000000017560000,0x0000000017660000)]
  0x0000000016f84000 JavaThread "Attach Listener" daemon [_thread_blocked, id=5648, stack(0x0000000017460000,0x0000000017560000)]
  0x0000000014e8e800 JavaThread "Signal Dispatcher" daemon [_thread_blocked, id=3032, stack(0x0000000017360000,0x0000000017460000)]
  0x0000000002359000 JavaThread "Finalizer" daemon [_thread_blocked, id=5780, stack(0x0000000016d60000,0x0000000016e60000)]
  0x0000000002352000 JavaThread "Reference Handler" daemon [_thread_blocked, id=2248, stack(0x0000000016c60000,0x0000000016d60000)]
  0x0000000002260800 JavaThread "main" [_thread_blocked, id=3976, stack(0x00000000020a0000,0x00000000021a0000)]

Other Threads:
  0x0000000014e79800 VMThread [stack: 0x0000000016b60000,0x0000000016c60000] [id=5532]
  0x000000001704b800 WatcherThread [stack: 0x0000000017a60000,0x0000000017b60000] [id=3496]

VM state:not at safepoint (normal execution)

VM Mutex/Monitor currently owned by a thread: None

Heap:
 PSYoungGen      total 38400K, used 7698K [0x00000000eab00000, 0x00000000ed580000, 0x0000000100000000)
  eden space 33280K, 7% used [0x00000000eab00000,0x00000000ead88f58,0x00000000ecb80000)
  from space 5120K, 99% used [0x00000000ecb80000,0x00000000ed07ba88,0x00000000ed080000)
  to   space 5120K, 0% used [0x00000000ed080000,0x00000000ed080000,0x00000000ed580000)
 ParOldGen       total 87552K, used 795K [0x00000000c0000000, 0x00000000c5580000, 0x00000000eab00000)
  object space 87552K, 0% used [0x00000000c0000000,0x00000000c00c6d88,0x00000000c5580000)
 Metaspace       used 5969K, capacity 6896K, committed 7040K, reserved 1056768K
  class space    used 600K, capacity 616K, committed 640K, reserved 1048576K

Card table byte_map: [0x0000000011720000,0x0000000011930000] byte_map_base: 0x0000000011120000

Marking Bits: (ParMarkBitMap*) 0x0000000051a90600
 Begin Bits: [0x0000000012290000, 0x0000000013290000)
 End Bits:   [0x0000000013290000, 0x0000000014290000)

Polling page: 0x0000000000730000

CodeCache: size=245760Kb used=4618Kb max_used=4618Kb free=241141Kb
 bounds [0x0000000002360000, 0x00000000027f0000, 0x0000000011360000]
 total_blobs=1463 nmethods=1193 adapters=182
 compilation: enabled

Compilation events (10 events):
Event: 0.606 Thread 0x0000000016fa0000 nmethod 1170 0x00000000027e0b50 code [0x00000000027e0d00, 0x00000000027e1448]
Event: 0.606 Thread 0x0000000016fa0000 1195       3       com.android.dx.cf.code.LocalVariableList::set (23 bytes)
Event: 0.606 Thread 0x0000000016fa0000 nmethod 1195 0x00000000027e1790 code [0x00000000027e1980, 0x00000000027e2278]
Event: 0.606 Thread 0x0000000016fa0000 1198       1       com.android.dx.ssa.back.FirstFitLocalCombiningAllocator$Multiset::getSize (5 bytes)
Event: 0.607 Thread 0x0000000016fa0000 nmethod 1198 0x00000000027e2990 code [0x00000000027e2ae0, 0x00000000027e2bf0]
Event: 0.607 Thread 0x0000000016fa0000 1172       1       java.lang.Integer::intValue (5 bytes)
Event: 0.607 Thread 0x0000000016fa0000 nmethod 1172 0x00000000027e2c50 code [0x00000000027e2da0, 0x00000000027e2eb0]
Event: 0.608 Thread 0x0000000016fa0000 1200       3       com.android.dx.rop.code.ThrowingInsn::<init> (49 bytes)
Event: 0.608 Thread 0x0000000016fa0000 nmethod 1200 0x00000000027e2f10 code [0x00000000027e30a0, 0x00000000027e3508]
Event: 0.610 Thread 0x0000000016fa0000 1201       3       com.android.dx.dex.code.RopTranslator::pickOrder (400 bytes)

GC Heap History (2 events):
Event: 0.584 GC heap before
{Heap before GC invocations=1 (full 0):
 PSYoungGen      total 38400K, used 33280K [0x00000000eab00000, 0x00000000ed580000, 0x0000000100000000)
  eden space 33280K, 100% used [0x00000000eab00000,0x00000000ecb80000,0x00000000ecb80000)
  from space 5120K, 0% used [0x00000000ed080000,0x00000000ed080000,0x00000000ed580000)
  to   space 5120K, 0% used [0x00000000ecb80000,0x00000000ecb80000,0x00000000ed080000)
 ParOldGen       total 87552K, used 0K [0x00000000c0000000, 0x00000000c5580000, 0x00000000eab00000)
  object space 87552K, 0% used [0x00000000c0000000,0x00000000c0000000,0x00000000c5580000)
 Metaspace       used 5944K, capacity 6896K, committed 7040K, reserved 1056768K
  class space    used 600K, capacity 616K, committed 640K, reserved 1048576K
Event: 0.597 GC heap after
Heap after GC invocations=1 (full 0):
 PSYoungGen      total 38400K, used 5102K [0x00000000eab00000, 0x00000000ed580000, 0x0000000100000000)
  eden space 33280K, 0% used [0x00000000eab00000,0x00000000eab00000,0x00000000ecb80000)
  from space 5120K, 99% used [0x00000000ecb80000,0x00000000ed07ba88,0x00000000ed080000)
  to   space 5120K, 0% used [0x00000000ed080000,0x00000000ed080000,0x00000000ed580000)
 ParOldGen       total 87552K, used 795K [0x00000000c0000000, 0x00000000c5580000, 0x00000000eab00000)
  object space 87552K, 0% used [0x00000000c0000000,0x00000000c00c6d88,0x00000000c5580000)
 Metaspace       used 5944K, capacity 6896K, committed 7040K, reserved 1056768K
  class space    used 600K, capacity 616K, committed 640K, reserved 1048576K
}

Deoptimization events (10 events):
Event: 0.326 Thread 0x000000001728c000 Uncommon trap: reason=unstable_if action=reinterpret pc=0x000000000258fb34 method=java.util.BitSet.ensureCapacity(I)V @ 6
Event: 0.326 Thread 0x000000001728c000 Uncommon trap: reason=unstable_if action=reinterpret pc=0x000000000256ff30 method=java.util.BitSet.nextSetBit(I)I @ 87
Event: 0.329 Thread 0x000000001728c000 Uncommon trap: reason=unstable_if action=reinterpret pc=0x000000000256c2dc method=java.util.HashMap.getNode(ILjava/lang/Object;)Ljava/util/HashMap$Node; @ 129
Event: 0.398 Thread 0x0000000017ba6800 Uncommon trap: reason=class_check action=maybe_recompile pc=0x000000000259370c method=com.android.dx.rop.type.Type.equals(Ljava/lang/Object;)Z @ 8
Event: 0.398 Thread 0x0000000017ba6800 Uncommon trap: reason=class_check action=maybe_recompile pc=0x000000000259370c method=com.android.dx.rop.type.Type.equals(Ljava/lang/Object;)Z @ 8
Event: 0.398 Thread 0x0000000017ba6800 Uncommon trap: reason=class_check action=maybe_recompile pc=0x000000000259370c method=com.android.dx.rop.type.Type.equals(Ljava/lang/Object;)Z @ 8
Event: 0.398 Thread 0x0000000017ba6800 Uncommon trap: reason=class_check action=maybe_recompile pc=0x000000000259370c method=com.android.dx.rop.type.Type.equals(Ljava/lang/Object;)Z @ 8
Event: 0.421 Thread 0x0000000017ba6800 Uncommon trap: reason=unstable_if action=reinterpret pc=0x000000000261761c method=com.android.dx.rop.cst.Constant.compareTo(Lcom/android/dx/rop/cst/Constant;)I @ 12
Event: 0.428 Thread 0x0000000017ba7000 Uncommon trap: reason=unstable_if action=reinterpret pc=0x000000000264fef8 method=com.android.dx.rop.code.LocalItem.hashCode()I @ 25
Event: 0.428 Thread 0x0000000017ba7000 Uncommon trap: reason=unstable_if action=reinterpret pc=0x0000000002619e8c method=com.android.dx.rop.code.LocalItem.hashCode()I @ 25

Internal exceptions (2 events):
Event: 0.028 Thread 0x0000000002260800 Exception <a 'java/lang/NoSuchMethodError': Method sun.misc.Unsafe.defineClass(Ljava/lang/String;[BII)Ljava/lang/Class; name or signature does not match> (0x00000000eab0d2f8) thrown at [D:\re\puppet\workspace\8-2-build-windows-amd64-cygwin\jdk8u73\6086\hot¾K	$cœ?
Event: 0.028 Thread 0x0000000002260800 Exception <a 'java/lang/NoSuchMethodError': Method sun.misc.Unsafe.prefetchRead(Ljava/lang/Object;J)V name or signature does not match> (0x00000000eab0d5e0) thrown at [D:\re\puppet\workspace\8-2-build-windows-amd64-cygwin\jdk8u73\6086\hotspot\src\share\vm\

Events (10 events):
Event: 0.428 Thread 0x0000000017ba7000 DEOPT PACKING pc=0x0000000002619e8c sp=0x000000001885e850
Event: 0.428 Thread 0x0000000017ba7000 DEOPT UNPACKING pc=0x00000000023a582a sp=0x000000001885e788 mode 2
Event: 0.444 loading class java/util/TreeMap$EntrySet
Event: 0.444 loading class java/util/TreeMap$EntrySet done
Event: 0.444 loading class java/util/TreeMap$EntryIterator
Event: 0.444 loading class java/util/TreeMap$EntryIterator done
Event: 0.444 Executing VM operation: Deoptimize
Event: 0.446 Executing VM operation: Deoptimize done
Event: 0.584 Executing VM operation: ParallelGCFailedAllocation
Event: 0.597 Executing VM operation: ParallelGCFailedAllocation done


Dynamic libraries:
0x00007ff7fce20000 - 0x00007ff7fce57000 	C:\Program Files\Java\jdk1.8.0_73\bin\java.exe
0x00007ff904170000 - 0x00007ff904319000 	C:\Windows\SYSTEM32\ntdll.dll
0x00007ff901a00000 - 0x00007ff901b3a000 	C:\Windows\system32\KERNEL32.DLL
0x00007ff901850000 - 0x00007ff90195f000 	C:\Windows\system32\KERNELBASE.dll
0x00007ff903cd0000 - 0x00007ff903d75000 	C:\Windows\system32\ADVAPI32.dll
0x00007ff903300000 - 0x00007ff903471000 	C:\Windows\system32\USER32.dll
0x00007ff8fef70000 - 0x00007ff8ff1ca000 	C:\Windows\WinSxS\amd64_microsoft.windows.common-controls_6595b64144ccf1df_6.0.9600.16384_none_62475f7becb72503\COMCTL32.dll
0x00007ff903240000 - 0x00007ff9032e7000 	C:\Windows\system32\msvcrt.dll
0x00007ff903a90000 - 0x00007ff903ae7000 	C:\Windows\SYSTEM32\sechost.dll
0x00007ff903100000 - 0x00007ff903236000 	C:\Windows\system32\RPCRT4.dll
0x00007ff9035c0000 - 0x00007ff903705000 	C:\Windows\system32\GDI32.dll
0x00007ff904130000 - 0x00007ff904164000 	C:\Windows\system32\IMM32.DLL
0x00007ff903480000 - 0x00007ff9035b9000 	C:\Windows\system32\MSCTF.dll
0x0000000050d20000 - 0x0000000050df2000 	C:\Program Files\Java\jdk1.8.0_73\jre\bin\msvcr100.dll
0x0000000051280000 - 0x0000000051b10000 	C:\Program Files\Java\jdk1.8.0_73\jre\bin\server\jvm.dll
0x00007ff8eedc0000 - 0x00007ff8eedc9000 	C:\Windows\SYSTEM32\WSOCK32.dll
0x00007ff8fd900000 - 0x00007ff8fd91f000 	C:\Windows\SYSTEM32\WINMM.dll
0x00007ff8ffe00000 - 0x00007ff8ffe0a000 	C:\Windows\SYSTEM32\VERSION.dll
0x00007ff9038e0000 - 0x00007ff9038e7000 	C:\Windows\system32\PSAPI.DLL
0x00007ff903710000 - 0x00007ff903768000 	C:\Windows\system32\WS2_32.dll
0x00007ff8fd8c0000 - 0x00007ff8fd8ea000 	C:\Windows\SYSTEM32\WINMMBASE.dll
0x00007ff904020000 - 0x00007ff904029000 	C:\Windows\system32\NSI.dll
0x00007ff901960000 - 0x00007ff9019aa000 	C:\Windows\SYSTEM32\cfgmgr32.dll
0x00007ff900370000 - 0x00007ff900396000 	C:\Windows\SYSTEM32\DEVOBJ.dll
0x0000000051190000 - 0x000000005119f000 	C:\Program Files\Java\jdk1.8.0_73\jre\bin\verify.dll
0x0000000051160000 - 0x0000000051189000 	C:\Program Files\Java\jdk1.8.0_73\jre\bin\java.dll
0x0000000051140000 - 0x0000000051156000 	C:\Program Files\Java\jdk1.8.0_73\jre\bin\zip.dll
0x00007ff901cf0000 - 0x00007ff9030fe000 	C:\Windows\system32\SHELL32.dll
0x00007ff903af0000 - 0x00007ff903cc7000 	C:\Windows\SYSTEM32\combase.dll
0x00007ff903de0000 - 0x00007ff903e31000 	C:\Windows\system32\SHLWAPI.dll
0x00007ff900050000 - 0x00007ff9000f1000 	C:\Windows\SYSTEM32\SHCORE.dll
0x00007ff9014f0000 - 0x00007ff901504000 	C:\Windows\SYSTEM32\profapi.dll

VM Arguments:
jvm_args: -Djava.awt.headless=true -Xmx1024M -Dfile.encoding=windows-1252 -Duser.country=ES -Duser.language=es -Duser.variant 
java_command: com.android.dx.command.Main --dex --force-jumbo --num-threads=4 --multi-dex --output C:\Users\ANDROID\AndroidStudioProjects\ListView04\app\build\intermediates\transforms\dex\debug\folders\1000\10\internal_impl-24.1.1_6dae5aaccc3e3fdd32ef439cc99a4221b1c996d4 C:\Users\ANDROID\AndroidStudioProjects\ListView04\app\build\intermediates\exploded-aar\com.android.support\support-v4\24.1.1\jars\libs\internal_impl-24.1.1.jar
java_class_path (initial): C:\Users\ANDROID\AppData\Local\Android\sdk\build-tools\24.0.1\lib\dx.jar
Launcher Type: SUN_STANDARD

Environment Variables:
PATH=C:\ProgramData\Oracle\Java\javapath;C:\Windows\system32;C:\Windows;C:\Windows\System32\Wbem;C:\Windows\System32\WindowsPowerShell\v1.0\
USERNAME=ANDROID
OS=Windows_NT
PROCESSOR_IDENTIFIER=Intel64 Family 6 Model 58 Stepping 9, GenuineIntel



---------------  S Y S T E M  ---------------

OS: Windows 8.1 , 64 bit Build 9600 (6.3.9600.16384)

CPU:total 8 (4 cores per cpu, 2 threads per core) family 6 model 58 stepping 9, cmov, cx8, fxsr, mmx, sse, sse2, sse3, ssse3, sse4.1, sse4.2, popcnt, avx, aes, clmul, erms, ht, tsc, tscinvbit, tscinv

Memory: 4k page, physical 8341960k(1353872k free), swap 8341960k(5480k free)

vm_info: Java HotSpot(TM) 64-Bit Server VM (25.73-b02) for windows-amd64 JRE (1.8.0_73-b02), built on Jan 29 2016 17:38:49 by "java_re" with MS VC++ 10.0 (VS2010)

time: Sat Aug 27 17:30:50 2016
elapsed time: 0 seconds (0d 0h 0m 0s)

