#
# There is insufficient memory for the Java Runtime Environment to continue.
# Native memory allocation (malloc) failed to allocate 172896 bytes for Chunk::new
# Possible reasons:
#   The system is out of physical RAM or swap space
#   In 32 bit mode, the process size limit was hit
# Possible solutions:
#   Reduce memory load on the system
#   Increase physical memory or swap space
#   Check if swap backing store is full
#   Use 64 bit Java on a 64 bit OS
#   Decrease Java heap size (-Xmx/-Xms)
#   Decrease number of Java threads
#   Decrease Java thread stack sizes (-Xss)
#   Set larger code cache with -XX:ReservedCodeCacheSize=
# This output file may be truncated or incomplete.
#
#  Out of Memory Error (allocation.cpp:390), pid=3344, tid=4344
#
# JRE version: Java(TM) SE Runtime Environment (8.0_73-b02) (build 1.8.0_73-b02)
# Java VM: Java HotSpot(TM) 64-Bit Server VM (25.73-b02 mixed mode windows-amd64 compressed oops)
# Failed to write core dump. Minidumps are not enabled by default on client versions of Windows
#

---------------  T H R E A D  ---------------

Current thread (0x000000001756b000):  JavaThread "C2 CompilerThread1" daemon [_thread_in_native, id=4344, stack(0x0000000017c40000,0x0000000017d40000)]

Stack: [0x0000000017c40000,0x0000000017d40000]
[error occurred during error reporting (printing stack bounds), id 0xc0000005]

Native frames: (J=compiled Java code, j=interpreted, Vv=VM code, C=native code)


Current CompileTask:
C2:    457  904       4       com.android.dx.ssa.back.LivenessAnalyzer::liveOutAtStatement (61 bytes)


---------------  P R O C E S S  ---------------

Java Threads: ( => current thread )
  0x0000000017832000 JavaThread "pool-2-thread-4" [_thread_in_Java, id=4216, stack(0x0000000018d40000,0x0000000018e40000)]
  0x000000001788c000 JavaThread "pool-2-thread-3" [_thread_blocked, id=5504, stack(0x0000000018c40000,0x0000000018d40000)]
  0x0000000018190800 JavaThread "pool-2-thread-2" [_thread_in_Java, id=4316, stack(0x0000000018b40000,0x0000000018c40000)]
  0x0000000017933800 JavaThread "pool-3-thread-1" [_thread_blocked, id=200, stack(0x0000000018a40000,0x0000000018b40000)]
  0x0000000017932800 JavaThread "pool-2-thread-1" [_thread_blocked, id=5496, stack(0x0000000018940000,0x0000000018a40000)]
  0x0000000017617000 JavaThread "Service Thread" daemon [_thread_blocked, id=4456, stack(0x0000000017f40000,0x0000000018040000)]
  0x00000000175c9800 JavaThread "C1 CompilerThread3" daemon [_thread_in_vm, id=5800, stack(0x0000000017e40000,0x0000000017f40000)]
  0x0000000017570000 JavaThread "C2 CompilerThread2" daemon [_thread_in_native, id=5232, stack(0x0000000017d40000,0x0000000017e40000)]
=>0x000000001756b000 JavaThread "C2 CompilerThread1" daemon [_thread_in_native, id=4344, stack(0x0000000017c40000,0x0000000017d40000)]
  0x0000000017566800 JavaThread "C2 CompilerThread0" daemon [_thread_in_native, id=4552, stack(0x0000000017b40000,0x0000000017c40000)]
  0x0000000017564000 JavaThread "Attach Listener" daemon [_thread_blocked, id=4896, stack(0x0000000017a40000,0x0000000017b40000)]
  0x0000000017563800 JavaThread "Signal Dispatcher" daemon [_thread_blocked, id=5156, stack(0x0000000017940000,0x0000000017a40000)]
  0x0000000002948800 JavaThread "Finalizer" daemon [_thread_blocked, id=4928, stack(0x0000000017340000,0x0000000017440000)]
  0x0000000002942000 JavaThread "Reference Handler" daemon [_thread_blocked, id=3296, stack(0x0000000017240000,0x0000000017340000)]
  0x0000000002850800 JavaThread "main" [_thread_in_Java, id=5912, stack(0x00000000026f0000,0x00000000027f0000)]

Other Threads:
  0x0000000015469000 VMThread [stack: 0x0000000017140000,0x0000000017240000] [id=5324]
  0x0000000017619000 WatcherThread [stack: 0x0000000018040000,0x0000000018140000] [id=3844]

VM state:not at safepoint (normal execution)

VM Mutex/Monitor currently owned by a thread: None

Heap:
 PSYoungGen      total 38400K, used 13680K [0x00000000eab00000, 0x00000000ed580000, 0x0000000100000000)
  eden space 33280K, 26% used [0x00000000eab00000,0x00000000eb3869a0,0x00000000ecb80000)
  from space 5120K, 96% used [0x00000000ecb80000,0x00000000ed0559c8,0x00000000ed080000)
  to   space 5120K, 0% used [0x00000000ed080000,0x00000000ed080000,0x00000000ed580000)
 ParOldGen       total 87552K, used 8K [0x00000000c0000000, 0x00000000c5580000, 0x00000000eab00000)
  object space 87552K, 0% used [0x00000000c0000000,0x00000000c0002000,0x00000000c5580000)
 Metaspace       used 5896K, capacity 6832K, committed 7040K, reserved 1056768K
  class space    used 601K, capacity 616K, committed 640K, reserved 1048576K

Card table byte_map: [0x0000000011d10000,0x0000000011f20000] byte_map_base: 0x0000000011710000

Marking Bits: (ParMarkBitMap*) 0x0000000051a90600
 Begin Bits: [0x0000000012880000, 0x0000000013880000)
 End Bits:   [0x0000000013880000, 0x0000000014880000)

Polling page: 0x0000000000d30000

CodeCache: size=245760Kb used=3160Kb max_used=3173Kb free=242599Kb
 bounds [0x0000000002950000, 0x0000000002c70000, 0x0000000011950000]
 total_blobs=1102 nmethods=833 adapters=182
 compilation: enabled

Compilation events (10 events):
Event: 0.443 Thread 0x000000001756b000 nmethod 855 0x0000000002c3f2d0 code [0x0000000002c3f420, 0x0000000002c3f598]
Event: 0.443 Thread 0x000000001756b000  880       4       com.android.dx.cf.code.BaseMachine::clearArgs (56 bytes)
Event: 0.444 Thread 0x000000001756b000 nmethod 880 0x0000000002bf1e10 code [0x0000000002bf1f40, 0x0000000002bf1fd8]
Event: 0.444 Thread 0x000000001756b000  882 %     4       com.android.dx.cf.code.Ropper::labelToResultIndex @ 10 (47 bytes)
Event: 0.447 Thread 0x0000000017570000 nmethod 885 0x0000000002c3ea10 code [0x0000000002c3eb80, 0x0000000002c3ee38]
Event: 0.447 Thread 0x0000000017570000  891       4       com.android.dx.ssa.SsaRenamer$BlockRenamer::addMapping (143 bytes)
Event: 0.448 Thread 0x000000001756b000 nmethod 882% 0x0000000002c3e290 code [0x0000000002c3e400, 0x0000000002c3e798]
Event: 0.448 Thread 0x000000001756b000  903       4       com.android.dx.util.BitIntSet::<init> (13 bytes)
Event: 0.449 Thread 0x000000001756b000 nmethod 903 0x0000000002c3df50 code [0x0000000002c3e0a0, 0x0000000002c3e1b8]
Event: 0.449 Thread 0x000000001756b000  904       4       com.android.dx.ssa.back.LivenessAnalyzer::liveOutAtStatement (61 bytes)

GC Heap History (2 events):
Event: 0.395 GC heap before
{Heap before GC invocations=1 (full 0):
 PSYoungGen      total 38400K, used 33280K [0x00000000eab00000, 0x00000000ed580000, 0x0000000100000000)
  eden space 33280K, 100% used [0x00000000eab00000,0x00000000ecb80000,0x00000000ecb80000)
  from space 5120K, 0% used [0x00000000ed080000,0x00000000ed080000,0x00000000ed580000)
  to   space 5120K, 0% used [0x00000000ecb80000,0x00000000ecb80000,0x00000000ed080000)
 ParOldGen       total 87552K, used 0K [0x00000000c0000000, 0x00000000c5580000, 0x00000000eab00000)
  object space 87552K, 0% used [0x00000000c0000000,0x00000000c0000000,0x00000000c5580000)
 Metaspace       used 5806K, capacity 6704K, committed 6784K, reserved 1056768K
  class space    used 601K, capacity 616K, committed 640K, reserved 1048576K
Event: 0.399 GC heap after
Heap after GC invocations=1 (full 0):
 PSYoungGen      total 38400K, used 4950K [0x00000000eab00000, 0x00000000ed580000, 0x0000000100000000)
  eden space 33280K, 0% used [0x00000000eab00000,0x00000000eab00000,0x00000000ecb80000)
  from space 5120K, 96% used [0x00000000ecb80000,0x00000000ed0559c8,0x00000000ed080000)
  to   space 5120K, 0% used [0x00000000ed080000,0x00000000ed080000,0x00000000ed580000)
 ParOldGen       total 87552K, used 8K [0x00000000c0000000, 0x00000000c5580000, 0x00000000eab00000)
  object space 87552K, 0% used [0x00000000c0000000,0x00000000c0002000,0x00000000c5580000)
 Metaspace       used 5806K, capacity 6704K, committed 6784K, reserved 1056768K
  class space    used 601K, capacity 616K, committed 640K, reserved 1048576K
}

Deoptimization events (4 events):
Event: 0.173 Thread 0x0000000002850800 Uncommon trap: reason=unstable_if action=reinterpret pc=0x0000000002aaa614 method=java.lang.String.compareTo(Ljava/lang/String;)I @ 38
Event: 0.347 Thread 0x0000000017932800 Uncommon trap: reason=unstable_if action=reinterpret pc=0x0000000002b51a7c method=java.util.HashMap.getNode(ILjava/lang/Object;)Ljava/util/HashMap$Node; @ 62
Event: 0.369 Thread 0x000000001788c000 Uncommon trap: reason=unstable_if action=reinterpret pc=0x0000000002b6ada8 method=java.util.HashMap.getNode(ILjava/lang/Object;)Ljava/util/HashMap$Node; @ 62
Event: 0.415 Thread 0x000000001788c000 Uncommon trap: reason=unstable_if action=reinterpret pc=0x0000000002b5c2b0 method=java.util.BitSet.nextSetBit(I)I @ 87

Internal exceptions (2 events):
Event: 0.031 Thread 0x0000000002850800 Exception <a 'java/lang/NoSuchMethodError': Method sun.misc.Unsafe.defineClass(Ljava/lang/String;[BII)Ljava/lang/Class; name or signature does not match> (0x00000000eab0cfc0) thrown at [D:\re\puppet\workspace\8-2-build-windows-amd64-cygwin\jdk8u73\6086\hotàû²õD|Ÿ?
Event: 0.031 Thread 0x0000000002850800 Exception <a 'java/lang/NoSuchMethodError': Method sun.misc.Unsafe.prefetchRead(Ljava/lang/Object;J)V name or signature does not match> (0x00000000eab0d2a8) thrown at [D:\re\puppet\workspace\8-2-build-windows-amd64-cygwin\jdk8u73\6086\hotspot\src\share\vm\

Events (10 events):
Event: 0.369 Thread 0x000000001788c000 Uncommon trap: trap_request=0xffffff65 fr.pc=0x0000000002b6ada8
Event: 0.369 Thread 0x000000001788c000 DEOPT PACKING pc=0x0000000002b6ada8 sp=0x0000000018d3e760
Event: 0.369 Thread 0x000000001788c000 DEOPT UNPACKING pc=0x000000000299582a sp=0x0000000018d3e680 mode 2
Event: 0.395 Executing VM operation: ParallelGCFailedAllocation
Event: 0.399 Executing VM operation: ParallelGCFailedAllocation done
Event: 0.403 loading class com/android/dx/dex/file/FieldAnnotationStruct
Event: 0.403 loading class com/android/dx/dex/file/FieldAnnotationStruct done
Event: 0.415 Thread 0x000000001788c000 Uncommon trap: trap_request=0xffffff65 fr.pc=0x0000000002b5c2b0
Event: 0.415 Thread 0x000000001788c000 DEOPT PACKING pc=0x0000000002b5c2b0 sp=0x0000000018d3e840
Event: 0.415 Thread 0x000000001788c000 DEOPT UNPACKING pc=0x000000000299582a sp=0x0000000018d3e7d8 mode 2


Dynamic libraries:
0x00007ff7fce20000 - 0x00007ff7fce57000 	C:\Program Files\Java\jdk1.8.0_73\bin\java.exe
0x00007ff904170000 - 0x00007ff904319000 	C:\Windows\SYSTEM32\ntdll.dll
0x00007ff901a00000 - 0x00007ff901b3a000 	C:\Windows\system32\KERNEL32.DLL
0x00007ff901850000 - 0x00007ff90195f000 	C:\Windows\system32\KERNELBASE.dll
0x00007ff903cd0000 - 0x00007ff903d75000 	C:\Windows\system32\ADVAPI32.dll
0x00007ff903300000 - 0x00007ff903471000 	C:\Windows\system32\USER32.dll
0x00007ff8fef70000 - 0x00007ff8ff1ca000 	C:\Windows\WinSxS\amd64_microsoft.windows.common-controls_6595b64144ccf1df_6.0.9600.16384_none_62475f7becb72503\COMCTL32.dll
0x00007ff903240000 - 0x00007ff9032e7000 	C:\Windows\system32\msvcrt.dll
0x00007ff903a90000 - 0x00007ff903ae7000 	C:\Windows\SYSTEM32\sechost.dll
0x00007ff903100000 - 0x00007ff903236000 	C:\Windows\system32\RPCRT4.dll
0x00007ff9035c0000 - 0x00007ff903705000 	C:\Windows\system32\GDI32.dll
0x00007ff904130000 - 0x00007ff904164000 	C:\Windows\system32\IMM32.DLL
0x00007ff903480000 - 0x00007ff9035b9000 	C:\Windows\system32\MSCTF.dll
0x0000000050d20000 - 0x0000000050df2000 	C:\Program Files\Java\jdk1.8.0_73\jre\bin\msvcr100.dll
0x0000000051280000 - 0x0000000051b10000 	C:\Program Files\Java\jdk1.8.0_73\jre\bin\server\jvm.dll
0x00007ff8eedc0000 - 0x00007ff8eedc9000 	C:\Windows\SYSTEM32\WSOCK32.dll
0x00007ff8fd900000 - 0x00007ff8fd91f000 	C:\Windows\SYSTEM32\WINMM.dll
0x00007ff8ffe00000 - 0x00007ff8ffe0a000 	C:\Windows\SYSTEM32\VERSION.dll
0x00007ff9038e0000 - 0x00007ff9038e7000 	C:\Windows\system32\PSAPI.DLL
0x00007ff903710000 - 0x00007ff903768000 	C:\Windows\system32\WS2_32.dll
0x00007ff8fd8c0000 - 0x00007ff8fd8ea000 	C:\Windows\SYSTEM32\WINMMBASE.dll
0x00007ff904020000 - 0x00007ff904029000 	C:\Windows\system32\NSI.dll
0x00007ff901960000 - 0x00007ff9019aa000 	C:\Windows\SYSTEM32\cfgmgr32.dll
0x00007ff900370000 - 0x00007ff900396000 	C:\Windows\SYSTEM32\DEVOBJ.dll
0x0000000051190000 - 0x000000005119f000 	C:\Program Files\Java\jdk1.8.0_73\jre\bin\verify.dll
0x0000000051160000 - 0x0000000051189000 	C:\Program Files\Java\jdk1.8.0_73\jre\bin\java.dll
0x0000000051140000 - 0x0000000051156000 	C:\Program Files\Java\jdk1.8.0_73\jre\bin\zip.dll
0x00007ff901cf0000 - 0x00007ff9030fe000 	C:\Windows\system32\SHELL32.dll
0x00007ff903af0000 - 0x00007ff903cc7000 	C:\Windows\SYSTEM32\combase.dll
0x00007ff903de0000 - 0x00007ff903e31000 	C:\Windows\system32\SHLWAPI.dll
0x00007ff900050000 - 0x00007ff9000f1000 	C:\Windows\SYSTEM32\SHCORE.dll
0x00007ff9014f0000 - 0x00007ff901504000 	C:\Windows\SYSTEM32\profapi.dll

VM Arguments:
jvm_args: -Djava.awt.headless=true -Xmx1024M -Dfile.encoding=windows-1252 -Duser.country=ES -Duser.language=es -Duser.variant 
java_command: com.android.dx.command.Main --dex --force-jumbo --num-threads=4 --multi-dex --output C:\Users\ANDROID\AndroidStudioProjects\ListView04\app\build\intermediates\transforms\dex\debug\folders\1000\10\com.android.support-support-v4-24.1.1_e65261007af169a3113cd4146123bb2d153271ac C:\Users\ANDROID\AndroidStudioProjects\ListView04\app\build\intermediates\exploded-aar\com.android.support\support-v4\24.1.1\jars\classes.jar
java_class_path (initial): C:\Users\ANDROID\AppData\Local\Android\sdk\build-tools\24.0.1\lib\dx.jar
Launcher Type: SUN_STANDARD

Environment Variables:
PATH=C:\ProgramData\Oracle\Java\javapath;C:\Windows\system32;C:\Windows;C:\Windows\System32\Wbem;C:\Windows\System32\WindowsPowerShell\v1.0\
USERNAME=ANDROID
OS=Windows_NT
PROCESSOR_IDENTIFIER=Intel64 Family 6 Model 58 Stepping 9, GenuineIntel



---------------  S Y S T E M  ---------------

OS: Windows 8.1 , 64 bit Build 9600 (6.3.9600.16384)

CPU:total 8 (4 cores per cpu, 2 threads per core) family 6 model 58 stepping 9, cmov, cx8, fxsr, mmx, sse, sse2, sse3, ssse3, sse4.1, sse4.2, popcnt, avx, aes, clmul, erms, ht, tsc, tscinvbit, tscinv

Memory: 4k page, physical 8341960k(1415768k free), swap 8341960k(5172k free)

vm_info: Java HotSpot(TM) 64-Bit Server VM (25.73-b02) for windows-amd64 JRE (1.8.0_73-b02), built on Jan 29 2016 17:38:49 by "java_re" with MS VC++ 10.0 (VS2010)

time: Sat Aug 27 17:30:49 2016
elapsed time: 0 seconds (0d 0h 0m 0s)

