#
# There is insufficient memory for the Java Runtime Environment to continue.
# Native memory allocation (malloc) failed to allocate 85696 bytes for Chunk::new
# Possible reasons:
#   The system is out of physical RAM or swap space
#   In 32 bit mode, the process size limit was hit
# Possible solutions:
#   Reduce memory load on the system
#   Increase physical memory or swap space
#   Check if swap backing store is full
#   Use 64 bit Java on a 64 bit OS
#   Decrease Java heap size (-Xmx/-Xms)
#   Decrease number of Java threads
#   Decrease Java thread stack sizes (-Xss)
#   Set larger code cache with -XX:ReservedCodeCacheSize=
# This output file may be truncated or incomplete.
#
#  Out of Memory Error (allocation.cpp:390), pid=4244, tid=1400
#
# JRE version: Java(TM) SE Runtime Environment (8.0_73-b02) (build 1.8.0_73-b02)
# Java VM: Java HotSpot(TM) 64-Bit Server VM (25.73-b02 mixed mode windows-amd64 compressed oops)
# Failed to write core dump. Minidumps are not enabled by default on client versions of Windows
#

---------------  T H R E A D  ---------------

Current thread (0x0000000017985800):  JavaThread "C2 CompilerThread2" daemon [_thread_in_native, id=1400, stack(0x0000000018150000,0x0000000018250000)]

Stack: [0x0000000018150000,0x0000000018250000]
[error occurred during error reporting (printing stack bounds), id 0xc0000005]

Native frames: (J=compiled Java code, j=interpreted, Vv=VM code, C=native code)


Current CompileTask:
C2:    157  135       4       java.util.regex.Pattern$BnM::optimize (179 bytes)


---------------  P R O C E S S  ---------------

Java Threads: ( => current thread )
  0x0000000017a1d000 JavaThread "Service Thread" daemon [_thread_blocked, id=4456, stack(0x0000000018350000,0x0000000018450000)]
  0x000000001798b800 JavaThread "C1 CompilerThread3" daemon [_thread_in_native, id=5312, stack(0x0000000018250000,0x0000000018350000)]
=>0x0000000017985800 JavaThread "C2 CompilerThread2" daemon [_thread_in_native, id=1400, stack(0x0000000018150000,0x0000000018250000)]
  0x000000001797b000 JavaThread "C2 CompilerThread1" daemon [_thread_in_native, id=2188, stack(0x0000000018050000,0x0000000018150000)]
  0x0000000017976000 JavaThread "C2 CompilerThread0" daemon [_thread_in_native, id=2024, stack(0x0000000017f50000,0x0000000018050000)]
  0x0000000017974000 JavaThread "Attach Listener" daemon [_thread_blocked, id=5800, stack(0x0000000017e50000,0x0000000017f50000)]
  0x000000001588e800 JavaThread "Signal Dispatcher" daemon [_thread_blocked, id=4612, stack(0x0000000017d50000,0x0000000017e50000)]
  0x0000000002d59000 JavaThread "Finalizer" daemon [_thread_blocked, id=4552, stack(0x0000000017750000,0x0000000017850000)]
  0x0000000002d52000 JavaThread "Reference Handler" daemon [_thread_blocked, id=2608, stack(0x0000000017650000,0x0000000017750000)]
  0x0000000002c60800 JavaThread "main" [_thread_in_Java, id=2904, stack(0x0000000002af0000,0x0000000002bf0000)]

Other Threads:
  0x0000000015879800 VMThread [stack: 0x0000000017550000,0x0000000017650000] [id=1232]
  0x0000000017a21800 WatcherThread [stack: 0x0000000018450000,0x0000000018550000] [id=4696]

VM state:not at safepoint (normal execution)

VM Mutex/Monitor currently owned by a thread: None

Heap:
 PSYoungGen      total 38400K, used 5357K [0x00000000eab00000, 0x00000000ed580000, 0x0000000100000000)
  eden space 33280K, 16% used [0x00000000eab00000,0x00000000eb03b430,0x00000000ecb80000)
  from space 5120K, 0% used [0x00000000ed080000,0x00000000ed080000,0x00000000ed580000)
  to   space 5120K, 0% used [0x00000000ecb80000,0x00000000ecb80000,0x00000000ed080000)
 ParOldGen       total 87552K, used 0K [0x00000000c0000000, 0x00000000c5580000, 0x00000000eab00000)
  object space 87552K, 0% used [0x00000000c0000000,0x00000000c0000000,0x00000000c5580000)
 Metaspace       used 3384K, capacity 4720K, committed 4864K, reserved 1056768K
  class space    used 371K, capacity 424K, committed 512K, reserved 1048576K

Card table byte_map: [0x0000000012120000,0x0000000012330000] byte_map_base: 0x0000000011b20000

Marking Bits: (ParMarkBitMap*) 0x0000000051a90600
 Begin Bits: [0x0000000012c90000, 0x0000000013c90000)
 End Bits:   [0x0000000013c90000, 0x0000000014c90000)

Polling page: 0x0000000001330000

CodeCache: size=245760Kb used=1341Kb max_used=1341Kb free=244418Kb
 bounds [0x0000000002d60000, 0x0000000002fd0000, 0x0000000011d60000]
 total_blobs=378 nmethods=135 adapters=156
 compilation: enabled

Compilation events (10 events):
Event: 0.155 Thread 0x000000001798b800 nmethod 132 0x0000000002eaa890 code [0x0000000002eaaac0, 0x0000000002eab8f8]
Event: 0.155 Thread 0x000000001798b800  133       3       java.util.regex.Matcher::find (69 bytes)
Event: 0.155 Thread 0x000000001798b800 nmethod 133 0x0000000002ea7e50 code [0x0000000002ea7fc0, 0x0000000002ea8368]
Event: 0.155 Thread 0x000000001798b800  137       3       com.android.dx.cf.direct.ClassPathOpener$3::compare (12 bytes)
Event: 0.156 Thread 0x000000001798b800 nmethod 137 0x0000000002eae3d0 code [0x0000000002eae540, 0x0000000002eae868]
Event: 0.156 Thread 0x000000001798b800  138       3       com.android.dx.cf.direct.ClassPathOpener::access$000 (6 bytes)
Event: 0.156 Thread 0x000000001798b800 nmethod 138 0x0000000002eae990 code [0x0000000002eaeb00, 0x0000000002eaec68]
Event: 0.156 Thread 0x000000001798b800  139       3       com.android.dx.cf.direct.ClassPathOpener::compareClassNames (42 bytes)
Event: 0.156 Thread 0x000000001798b800 nmethod 139 0x0000000002eaed10 code [0x0000000002eaef60, 0x0000000002eafbc8]
Event: 0.156 Thread 0x000000001798b800  134       3       com.android.dx.cf.direct.ClassPathOpener$3::compare (13 bytes)

GC Heap History (0 events):
No events

Deoptimization events (0 events):
No events

Internal exceptions (2 events):
Event: 0.035 Thread 0x0000000002c60800 Exception <a 'java/lang/NoSuchMethodError': Method sun.misc.Unsafe.defineClass(Ljava/lang/String;[BII)Ljava/lang/Class; name or signature does not match> (0x00000000eab0d2f8) thrown at [D:\re\puppet\workspace\8-2-build-windows-amd64-cygwin\jdk8u73\6086\hot)%Îùè¢?
Event: 0.035 Thread 0x0000000002c60800 Exception <a 'java/lang/NoSuchMethodError': Method sun.misc.Unsafe.prefetchRead(Ljava/lang/Object;J)V name or signature does not match> (0x00000000eab0d5e0) thrown at [D:\re\puppet\workspace\8-2-build-windows-amd64-cygwin\jdk8u73\6086\hotspot\src\share\vm\

Events (10 events):
Event: 0.144 loading class java/util/regex/Pattern$SliceNode done
Event: 0.144 loading class java/util/regex/Pattern$Slice done
Event: 0.144 loading class java/util/regex/Pattern$BnM
Event: 0.144 loading class java/util/regex/Pattern$BnM done
Event: 0.144 loading class java/util/regex/Pattern$SliceS
Event: 0.145 loading class java/util/regex/Pattern$SliceS done
Event: 0.145 loading class java/util/regex/Matcher
Event: 0.145 loading class java/util/regex/MatchResult
Event: 0.145 loading class java/util/regex/MatchResult done
Event: 0.145 loading class java/util/regex/Matcher done


Dynamic libraries:
0x00007ff7fce20000 - 0x00007ff7fce57000 	C:\Program Files\Java\jdk1.8.0_73\bin\java.exe
0x00007ff904170000 - 0x00007ff904319000 	C:\Windows\SYSTEM32\ntdll.dll
0x00007ff901a00000 - 0x00007ff901b3a000 	C:\Windows\system32\KERNEL32.DLL
0x00007ff901850000 - 0x00007ff90195f000 	C:\Windows\system32\KERNELBASE.dll
0x00007ff903cd0000 - 0x00007ff903d75000 	C:\Windows\system32\ADVAPI32.dll
0x00007ff903300000 - 0x00007ff903471000 	C:\Windows\system32\USER32.dll
0x00007ff8fef70000 - 0x00007ff8ff1ca000 	C:\Windows\WinSxS\amd64_microsoft.windows.common-controls_6595b64144ccf1df_6.0.9600.16384_none_62475f7becb72503\COMCTL32.dll
0x00007ff903240000 - 0x00007ff9032e7000 	C:\Windows\system32\msvcrt.dll
0x00007ff903a90000 - 0x00007ff903ae7000 	C:\Windows\SYSTEM32\sechost.dll
0x00007ff903100000 - 0x00007ff903236000 	C:\Windows\system32\RPCRT4.dll
0x00007ff9035c0000 - 0x00007ff903705000 	C:\Windows\system32\GDI32.dll
0x00007ff904130000 - 0x00007ff904164000 	C:\Windows\system32\IMM32.DLL
0x00007ff903480000 - 0x00007ff9035b9000 	C:\Windows\system32\MSCTF.dll
0x0000000050d20000 - 0x0000000050df2000 	C:\Program Files\Java\jdk1.8.0_73\jre\bin\msvcr100.dll
0x0000000051280000 - 0x0000000051b10000 	C:\Program Files\Java\jdk1.8.0_73\jre\bin\server\jvm.dll
0x00007ff8eedc0000 - 0x00007ff8eedc9000 	C:\Windows\SYSTEM32\WSOCK32.dll
0x00007ff8fd900000 - 0x00007ff8fd91f000 	C:\Windows\SYSTEM32\WINMM.dll
0x00007ff8ffe00000 - 0x00007ff8ffe0a000 	C:\Windows\SYSTEM32\VERSION.dll
0x00007ff9038e0000 - 0x00007ff9038e7000 	C:\Windows\system32\PSAPI.DLL
0x00007ff903710000 - 0x00007ff903768000 	C:\Windows\system32\WS2_32.dll
0x00007ff8fd8c0000 - 0x00007ff8fd8ea000 	C:\Windows\SYSTEM32\WINMMBASE.dll
0x00007ff904020000 - 0x00007ff904029000 	C:\Windows\system32\NSI.dll
0x00007ff901960000 - 0x00007ff9019aa000 	C:\Windows\SYSTEM32\cfgmgr32.dll
0x00007ff900370000 - 0x00007ff900396000 	C:\Windows\SYSTEM32\DEVOBJ.dll
0x0000000051190000 - 0x000000005119f000 	C:\Program Files\Java\jdk1.8.0_73\jre\bin\verify.dll
0x0000000051160000 - 0x0000000051189000 	C:\Program Files\Java\jdk1.8.0_73\jre\bin\java.dll
0x0000000051140000 - 0x0000000051156000 	C:\Program Files\Java\jdk1.8.0_73\jre\bin\zip.dll
0x00007ff901cf0000 - 0x00007ff9030fe000 	C:\Windows\system32\SHELL32.dll
0x00007ff903af0000 - 0x00007ff903cc7000 	C:\Windows\SYSTEM32\combase.dll
0x00007ff903de0000 - 0x00007ff903e31000 	C:\Windows\system32\SHLWAPI.dll
0x00007ff900050000 - 0x00007ff9000f1000 	C:\Windows\SYSTEM32\SHCORE.dll
0x00007ff9014f0000 - 0x00007ff901504000 	C:\Windows\SYSTEM32\profapi.dll

VM Arguments:
jvm_args: -Djava.awt.headless=true -Xmx1024M -Dfile.encoding=windows-1252 -Duser.country=ES -Duser.language=es -Duser.variant 
java_command: com.android.dx.command.Main --dex --force-jumbo --num-threads=4 --multi-dex --output C:\Users\ANDROID\AndroidStudioProjects\ListView04\app\build\intermediates\transforms\dex\debug\folders\1000\10\internal_impl-24.1.1_6dae5aaccc3e3fdd32ef439cc99a4221b1c996d4 C:\Users\ANDROID\AndroidStudioProjects\ListView04\app\build\intermediates\exploded-aar\com.android.support\support-v4\24.1.1\jars\libs\internal_impl-24.1.1.jar
java_class_path (initial): C:\Users\ANDROID\AppData\Local\Android\sdk\build-tools\24.0.1\lib\dx.jar
Launcher Type: SUN_STANDARD

Environment Variables:
PATH=C:\ProgramData\Oracle\Java\javapath;C:\Windows\system32;C:\Windows;C:\Windows\System32\Wbem;C:\Windows\System32\WindowsPowerShell\v1.0\
USERNAME=ANDROID
OS=Windows_NT
PROCESSOR_IDENTIFIER=Intel64 Family 6 Model 58 Stepping 9, GenuineIntel



---------------  S Y S T E M  ---------------

OS: Windows 8.1 , 64 bit Build 9600 (6.3.9600.16384)

CPU:total 8 (4 cores per cpu, 2 threads per core) family 6 model 58 stepping 9, cmov, cx8, fxsr, mmx, sse, sse2, sse3, ssse3, sse4.1, sse4.2, popcnt, avx, aes, clmul, erms, ht, tsc, tscinvbit, tscinv

Memory: 4k page, physical 8341960k(1459072k free), swap 8341960k(5128k free)

vm_info: Java HotSpot(TM) 64-Bit Server VM (25.73-b02) for windows-amd64 JRE (1.8.0_73-b02), built on Jan 29 2016 17:38:49 by "java_re" with MS VC++ 10.0 (VS2010)

time: Sat Aug 27 17:30:03 2016
elapsed time: 0 seconds (0d 0h 0m 0s)

