#
# There is insufficient memory for the Java Runtime Environment to continue.
# Native memory allocation (malloc) failed to allocate 467296 bytes for Chunk::new
# Possible reasons:
#   The system is out of physical RAM or swap space
#   In 32 bit mode, the process size limit was hit
# Possible solutions:
#   Reduce memory load on the system
#   Increase physical memory or swap space
#   Check if swap backing store is full
#   Use 64 bit Java on a 64 bit OS
#   Decrease Java heap size (-Xmx/-Xms)
#   Decrease number of Java threads
#   Decrease Java thread stack sizes (-Xss)
#   Set larger code cache with -XX:ReservedCodeCacheSize=
# This output file may be truncated or incomplete.
#
#  Out of Memory Error (allocation.cpp:390), pid=2536, tid=5668
#
# JRE version: Java(TM) SE Runtime Environment (8.0_73-b02) (build 1.8.0_73-b02)
# Java VM: Java HotSpot(TM) 64-Bit Server VM (25.73-b02 mixed mode windows-amd64 compressed oops)
# Failed to write core dump. Minidumps are not enabled by default on client versions of Windows
#

---------------  T H R E A D  ---------------

Current thread (0x0000000016ceb000):  JavaThread "C2 CompilerThread2" daemon [_thread_in_native, id=5668, stack(0x00000000174b0000,0x00000000175b0000)]

Stack: [0x00000000174b0000,0x00000000175b0000]
[error occurred during error reporting (printing stack bounds), id 0xc0000005]

Native frames: (J=compiled Java code, j=interpreted, Vv=VM code, C=native code)


Current CompileTask:
C2:    541  653       4       com.android.dx.ssa.SsaBasicBlock::forEachInsn (37 bytes)


---------------  P R O C E S S  ---------------

Java Threads: ( => current thread )
  0x0000000016f92000 JavaThread "pool-3-thread-1" [_thread_blocked, id=4064, stack(0x00000000179b0000,0x0000000017ab0000)]
  0x0000000016f91800 JavaThread "pool-2-thread-1" [_thread_in_Java, id=5292, stack(0x00000000178b0000,0x00000000179b0000)]
  0x0000000016d83000 JavaThread "Service Thread" daemon [_thread_blocked, id=5160, stack(0x00000000176b0000,0x00000000177b0000)]
  0x0000000016cf1000 JavaThread "C1 CompilerThread3" daemon [_thread_in_native, id=4976, stack(0x00000000175b0000,0x00000000176b0000)]
=>0x0000000016ceb000 JavaThread "C2 CompilerThread2" daemon [_thread_in_native, id=5668, stack(0x00000000174b0000,0x00000000175b0000)]
  0x0000000016cdb000 JavaThread "C2 CompilerThread1" daemon [_thread_blocked, id=5480, stack(0x00000000173b0000,0x00000000174b0000)]
  0x0000000016cd6800 JavaThread "C2 CompilerThread0" daemon [_thread_blocked, id=5628, stack(0x00000000172b0000,0x00000000173b0000)]
  0x0000000016cd4000 JavaThread "Attach Listener" daemon [_thread_blocked, id=5564, stack(0x00000000171b0000,0x00000000172b0000)]
  0x0000000014bce800 JavaThread "Signal Dispatcher" daemon [_thread_blocked, id=5632, stack(0x00000000170b0000,0x00000000171b0000)]
  0x0000000002079000 JavaThread "Finalizer" daemon [_thread_blocked, id=5344, stack(0x0000000016aa0000,0x0000000016ba0000)]
  0x0000000002072000 JavaThread "Reference Handler" daemon [_thread_blocked, id=4972, stack(0x00000000169a0000,0x0000000016aa0000)]
  0x0000000001f80800 JavaThread "main" [_thread_blocked, id=3176, stack(0x0000000001e60000,0x0000000001f60000)]

Other Threads:
  0x0000000014bb9800 VMThread [stack: 0x00000000168a0000,0x00000000169a0000] [id=4780]
  0x0000000016d28800 WatcherThread [stack: 0x00000000177b0000,0x00000000178b0000] [id=4272]

VM state:not at safepoint (normal execution)

VM Mutex/Monitor currently owned by a thread: None

Heap:
 PSYoungGen      total 38400K, used 14907K [0x00000000eab00000, 0x00000000ed580000, 0x0000000100000000)
  eden space 33280K, 44% used [0x00000000eab00000,0x00000000eb98ee90,0x00000000ecb80000)
  from space 5120K, 0% used [0x00000000ed080000,0x00000000ed080000,0x00000000ed580000)
  to   space 5120K, 0% used [0x00000000ecb80000,0x00000000ecb80000,0x00000000ed080000)
 ParOldGen       total 87552K, used 0K [0x00000000c0000000, 0x00000000c5580000, 0x00000000eab00000)
  object space 87552K, 0% used [0x00000000c0000000,0x00000000c0000000,0x00000000c5580000)
 Metaspace       used 5695K, capacity 6704K, committed 6784K, reserved 1056768K
  class space    used 600K, capacity 616K, committed 640K, reserved 1048576K

Card table byte_map: [0x0000000011440000,0x0000000011650000] byte_map_base: 0x0000000010e40000

Marking Bits: (ParMarkBitMap*) 0x0000000051a90600
 Begin Bits: [0x0000000011fb0000, 0x0000000012fb0000)
 End Bits:   [0x0000000012fb0000, 0x0000000013fb0000)

Polling page: 0x0000000001e00000

CodeCache: size=245760Kb used=2685Kb max_used=2696Kb free=243074Kb
 bounds [0x0000000002080000, 0x0000000002330000, 0x0000000011080000]
 total_blobs=918 nmethods=649 adapters=182
 compilation: enabled

Compilation events (10 events):
Event: 0.527 Thread 0x0000000016cf1000 nmethod 654 0x00000000023144d0 code [0x0000000002314620, 0x0000000002314710]
Event: 0.527 Thread 0x0000000016cf1000  652       3       com.android.dx.cf.code.BaseMachine::storeResults (90 bytes)
Event: 0.528 Thread 0x0000000016cf1000 nmethod 652 0x0000000002319390 code [0x0000000002319580, 0x000000000231a048]
Event: 0.528 Thread 0x0000000016cf1000  649   !   3       com.android.dx.cf.code.RopperMachine::run (1550 bytes)
Event: 0.529 Thread 0x0000000016cd6800  659       4       java.util.ArrayList$Itr::<init> (6 bytes)
Event: 0.529 Thread 0x0000000016cdb000  660       4       com.android.dx.ssa.SsaBasicBlock::isReachable (29 bytes)
Event: 0.530 Thread 0x0000000016cdb000 nmethod 660 0x0000000002317c50 code [0x0000000002317d80, 0x0000000002317e18]
Event: 0.530 Thread 0x0000000016cd6800 nmethod 659 0x00000000023179d0 code [0x0000000002317b00, 0x0000000002317b98]
Event: 0.535 Thread 0x0000000016cdb000  665       4       java.util.ArrayList::remove (69 bytes)
Event: 0.537 Thread 0x0000000016cdb000 nmethod 665 0x0000000002314050 code [0x00000000023141a0, 0x0000000002314338]

GC Heap History (0 events):
No events

Deoptimization events (1 events):
Event: 0.471 Thread 0x0000000016f91800 Uncommon trap: reason=unstable_if action=reinterpret pc=0x000000000227f6f4 method=java.util.HashMap.getNode(ILjava/lang/Object;)Ljava/util/HashMap$Node; @ 62

Internal exceptions (2 events):
Event: 0.041 Thread 0x0000000001f80800 Exception <a 'java/lang/NoSuchMethodError': Method sun.misc.Unsafe.defineClass(Ljava/lang/String;[BII)Ljava/lang/Class; name or signature does not match> (0x00000000eab0d328) thrown at [D:\re\puppet\workspace\8-2-build-windows-amd64-cygwin\jdk8u73\6086\hot©7Ø*9¥?
Event: 0.041 Thread 0x0000000001f80800 Exception <a 'java/lang/NoSuchMethodError': Method sun.misc.Unsafe.prefetchRead(Ljava/lang/Object;J)V name or signature does not match> (0x00000000eab0d610) thrown at [D:\re\puppet\workspace\8-2-build-windows-amd64-cygwin\jdk8u73\6086\hotspot\src\share\vm\

Events (10 events):
Event: 0.471 loading class java/util/HashMap$Values
Event: 0.471 loading class java/util/HashMap$Values done
Event: 0.471 loading class java/util/HashMap$ValueIterator
Event: 0.471 loading class java/util/HashMap$ValueIterator done
Event: 0.485 loading class java/util/DualPivotQuicksort
Event: 0.485 loading class java/util/DualPivotQuicksort done
Event: 0.487 loading class com/android/dx/dex/file/MethodAnnotationStruct
Event: 0.487 loading class com/android/dx/dex/file/MethodAnnotationStruct done
Event: 0.529 loading class java/util/ArrayList$1
Event: 0.529 loading class java/util/ArrayList$1 done


Dynamic libraries:
0x00007ff7fce20000 - 0x00007ff7fce57000 	C:\Program Files\Java\jdk1.8.0_73\bin\java.exe
0x00007ff904170000 - 0x00007ff904319000 	C:\Windows\SYSTEM32\ntdll.dll
0x00007ff901a00000 - 0x00007ff901b3a000 	C:\Windows\system32\KERNEL32.DLL
0x00007ff901850000 - 0x00007ff90195f000 	C:\Windows\system32\KERNELBASE.dll
0x00007ff903cd0000 - 0x00007ff903d75000 	C:\Windows\system32\ADVAPI32.dll
0x00007ff903300000 - 0x00007ff903471000 	C:\Windows\system32\USER32.dll
0x00007ff8fef70000 - 0x00007ff8ff1ca000 	C:\Windows\WinSxS\amd64_microsoft.windows.common-controls_6595b64144ccf1df_6.0.9600.16384_none_62475f7becb72503\COMCTL32.dll
0x00007ff903240000 - 0x00007ff9032e7000 	C:\Windows\system32\msvcrt.dll
0x00007ff903a90000 - 0x00007ff903ae7000 	C:\Windows\SYSTEM32\sechost.dll
0x00007ff903100000 - 0x00007ff903236000 	C:\Windows\system32\RPCRT4.dll
0x00007ff9035c0000 - 0x00007ff903705000 	C:\Windows\system32\GDI32.dll
0x00007ff904130000 - 0x00007ff904164000 	C:\Windows\system32\IMM32.DLL
0x00007ff903480000 - 0x00007ff9035b9000 	C:\Windows\system32\MSCTF.dll
0x0000000050d20000 - 0x0000000050df2000 	C:\Program Files\Java\jdk1.8.0_73\jre\bin\msvcr100.dll
0x0000000051280000 - 0x0000000051b10000 	C:\Program Files\Java\jdk1.8.0_73\jre\bin\server\jvm.dll
0x00007ff8eedc0000 - 0x00007ff8eedc9000 	C:\Windows\SYSTEM32\WSOCK32.dll
0x00007ff8fd900000 - 0x00007ff8fd91f000 	C:\Windows\SYSTEM32\WINMM.dll
0x00007ff8ffe00000 - 0x00007ff8ffe0a000 	C:\Windows\SYSTEM32\VERSION.dll
0x00007ff9038e0000 - 0x00007ff9038e7000 	C:\Windows\system32\PSAPI.DLL
0x00007ff903710000 - 0x00007ff903768000 	C:\Windows\system32\WS2_32.dll
0x00007ff8fd8c0000 - 0x00007ff8fd8ea000 	C:\Windows\SYSTEM32\WINMMBASE.dll
0x00007ff904020000 - 0x00007ff904029000 	C:\Windows\system32\NSI.dll
0x00007ff901960000 - 0x00007ff9019aa000 	C:\Windows\SYSTEM32\cfgmgr32.dll
0x00007ff900370000 - 0x00007ff900396000 	C:\Windows\SYSTEM32\DEVOBJ.dll
0x0000000051190000 - 0x000000005119f000 	C:\Program Files\Java\jdk1.8.0_73\jre\bin\verify.dll
0x0000000051160000 - 0x0000000051189000 	C:\Program Files\Java\jdk1.8.0_73\jre\bin\java.dll
0x0000000051140000 - 0x0000000051156000 	C:\Program Files\Java\jdk1.8.0_73\jre\bin\zip.dll
0x00007ff901cf0000 - 0x00007ff9030fe000 	C:\Windows\system32\SHELL32.dll
0x00007ff903af0000 - 0x00007ff903cc7000 	C:\Windows\SYSTEM32\combase.dll
0x00007ff903de0000 - 0x00007ff903e31000 	C:\Windows\system32\SHLWAPI.dll
0x00007ff900050000 - 0x00007ff9000f1000 	C:\Windows\SYSTEM32\SHCORE.dll
0x00007ff9014f0000 - 0x00007ff901504000 	C:\Windows\SYSTEM32\profapi.dll

VM Arguments:
jvm_args: -Djava.awt.headless=true -Xmx1024M -Dfile.encoding=windows-1252 -Duser.country=ES -Duser.language=es -Duser.variant 
java_command: com.android.dx.command.Main --dex --force-jumbo --num-threads=4 --multi-dex --output C:\Users\ANDROID\AndroidStudioProjects\ListView04\app\build\intermediates\transforms\dex\debug\folders\1000\10\com.android.support-animated-vector-drawable-24.1.1_821cb53ef56099a2361bd1afc110f892a53202c9 C:\Users\ANDROID\AndroidStudioProjects\ListView04\app\build\intermediates\exploded-aar\com.android.support\animated-vector-drawable\24.1.1\jars\classes.jar
java_class_path (initial): C:\Users\ANDROID\AppData\Local\Android\sdk\build-tools\24.0.1\lib\dx.jar
Launcher Type: SUN_STANDARD

Environment Variables:
PATH=C:\ProgramData\Oracle\Java\javapath;C:\Windows\system32;C:\Windows;C:\Windows\System32\Wbem;C:\Windows\System32\WindowsPowerShell\v1.0\
USERNAME=ANDROID
OS=Windows_NT
PROCESSOR_IDENTIFIER=Intel64 Family 6 Model 58 Stepping 9, GenuineIntel



---------------  S Y S T E M  ---------------

OS: Windows 8.1 , 64 bit Build 9600 (6.3.9600.16384)

CPU:total 8 (4 cores per cpu, 2 threads per core) family 6 model 58 stepping 9, cmov, cx8, fxsr, mmx, sse, sse2, sse3, ssse3, sse4.1, sse4.2, popcnt, avx, aes, clmul, erms, ht, tsc, tscinvbit, tscinv

Memory: 4k page, physical 8341960k(1366124k free), swap 8341960k(5080k free)

vm_info: Java HotSpot(TM) 64-Bit Server VM (25.73-b02) for windows-amd64 JRE (1.8.0_73-b02), built on Jan 29 2016 17:38:49 by "java_re" with MS VC++ 10.0 (VS2010)

time: Sat Aug 27 17:30:02 2016
elapsed time: 0 seconds (0d 0h 0m 0s)

