#
# There is insufficient memory for the Java Runtime Environment to continue.
# Native memory allocation (malloc) failed to allocate 38176 bytes for Chunk::new
# Possible reasons:
#   The system is out of physical RAM or swap space
#   In 32 bit mode, the process size limit was hit
# Possible solutions:
#   Reduce memory load on the system
#   Increase physical memory or swap space
#   Check if swap backing store is full
#   Use 64 bit Java on a 64 bit OS
#   Decrease Java heap size (-Xmx/-Xms)
#   Decrease number of Java threads
#   Decrease Java thread stack sizes (-Xss)
#   Set larger code cache with -XX:ReservedCodeCacheSize=
# This output file may be truncated or incomplete.
#
#  Out of Memory Error (allocation.cpp:390), pid=4924, tid=5468
#
# JRE version: Java(TM) SE Runtime Environment (8.0_73-b02) (build 1.8.0_73-b02)
# Java VM: Java HotSpot(TM) 64-Bit Server VM (25.73-b02 mixed mode windows-amd64 compressed oops)
# Failed to write core dump. Minidumps are not enabled by default on client versions of Windows
#

---------------  T H R E A D  ---------------

Current thread (0x0000000017973000):  JavaThread "C2 CompilerThread1" daemon [_thread_in_native, id=5468, stack(0x0000000018050000,0x0000000018150000)]

Stack: [0x0000000018050000,0x0000000018150000]
[error occurred during error reporting (printing stack bounds), id 0xc0000005]

Native frames: (J=compiled Java code, j=interpreted, Vv=VM code, C=native code)


Current CompileTask:
C2:    260  112       4       java.lang.String::startsWith (72 bytes)


---------------  P R O C E S S  ---------------

Java Threads: ( => current thread )
  0x00000000179ea000 JavaThread "Service Thread" daemon [_thread_blocked, id=5980, stack(0x0000000018350000,0x0000000018450000)]
  0x00000000179e3000 JavaThread "C1 CompilerThread3" daemon [_thread_in_vm, id=2664, stack(0x0000000018250000,0x0000000018350000)]
  0x000000001797a800 JavaThread "C2 CompilerThread2" daemon [_thread_blocked, id=4140, stack(0x0000000018150000,0x0000000018250000)]
=>0x0000000017973000 JavaThread "C2 CompilerThread1" daemon [_thread_in_native, id=5468, stack(0x0000000018050000,0x0000000018150000)]
  0x0000000017983000 JavaThread "C2 CompilerThread0" daemon [_thread_blocked, id=6104, stack(0x0000000017f50000,0x0000000018050000)]
  0x0000000017981000 JavaThread "Attach Listener" daemon [_thread_blocked, id=6008, stack(0x0000000017e50000,0x0000000017f50000)]
  0x0000000017980000 JavaThread "Signal Dispatcher" daemon [_thread_blocked, id=5196, stack(0x0000000017d50000,0x0000000017e50000)]
  0x0000000002d6a800 JavaThread "Finalizer" daemon [_thread_blocked, id=5624, stack(0x0000000017750000,0x0000000017850000)]
  0x0000000002d64000 JavaThread "Reference Handler" daemon [_thread_blocked, id=1712, stack(0x0000000017650000,0x0000000017750000)]
  0x0000000002c70800 JavaThread "main" [_thread_in_vm, id=6092, stack(0x0000000002b30000,0x0000000002c30000)]

Other Threads:
  0x0000000015889000 VMThread [stack: 0x0000000017550000,0x0000000017650000] [id=3404]
  0x00000000179fe800 WatcherThread [stack: 0x0000000018450000,0x0000000018550000] [id=708]

VM state:not at safepoint (normal execution)

VM Mutex/Monitor currently owned by a thread: None

Heap:
 PSYoungGen      total 38400K, used 3365K [0x00000000eab00000, 0x00000000ed580000, 0x0000000100000000)
  eden space 33280K, 10% used [0x00000000eab00000,0x00000000eae49578,0x00000000ecb80000)
  from space 5120K, 0% used [0x00000000ed080000,0x00000000ed080000,0x00000000ed580000)
  to   space 5120K, 0% used [0x00000000ecb80000,0x00000000ecb80000,0x00000000ed080000)
 ParOldGen       total 87552K, used 0K [0x00000000c0000000, 0x00000000c5580000, 0x00000000eab00000)
  object space 87552K, 0% used [0x00000000c0000000,0x00000000c0000000,0x00000000c5580000)
 Metaspace       used 3460K, capacity 4944K, committed 5120K, reserved 1056768K
  class space    used 392K, capacity 456K, committed 512K, reserved 1048576K

Card table byte_map: [0x0000000012130000,0x0000000012340000] byte_map_base: 0x0000000011b30000

Marking Bits: (ParMarkBitMap*) 0x0000000051a90600
 Begin Bits: [0x0000000012ca0000, 0x0000000013ca0000)
 End Bits:   [0x0000000013ca0000, 0x0000000014ca0000)

Polling page: 0x00000000011b0000

CodeCache: size=245760Kb used=1264Kb max_used=1268Kb free=244495Kb
 bounds [0x0000000002d70000, 0x0000000002fe0000, 0x0000000011d70000]
 total_blobs=355 nmethods=111 adapters=157
 compilation: enabled

Compilation events (10 events):
Event: 0.222 Thread 0x000000001797a800 nmethod 101 0x0000000002eacd50 code [0x0000000002eacea0, 0x0000000002ead058]
Event: 0.223 Thread 0x00000000179e3000  106       3       java.util.WeakHashMap::maskNull (12 bytes)
Event: 0.223 Thread 0x00000000179e3000 nmethod 106 0x0000000002eaca10 code [0x0000000002eacb60, 0x0000000002eaccf0]
Event: 0.223 Thread 0x00000000179e3000  107       3       java.util.WeakHashMap::hash (28 bytes)
Event: 0.223 Thread 0x00000000179e3000 nmethod 107 0x0000000002eac590 code [0x0000000002eac700, 0x0000000002eac948]
Event: 0.255 Thread 0x00000000179e3000  108   !   3       java.util.zip.Inflater::inflate (113 bytes)
Event: 0.255 Thread 0x00000000179e3000 nmethod 108 0x0000000002eab650 code [0x0000000002eab800, 0x0000000002eabe78]
Event: 0.255 Thread 0x00000000179e3000  110       3       java.util.zip.ZipFile::access$400 (5 bytes)
Event: 0.255 Thread 0x00000000179e3000 nmethod 110 0x0000000002eab310 code [0x0000000002eab460, 0x0000000002eab590]
Event: 0.259 Thread 0x0000000017973000  112       4       java.lang.String::startsWith (72 bytes)

GC Heap History (0 events):
No events

Deoptimization events (0 events):
No events

Internal exceptions (2 events):
Event: 0.026 Thread 0x0000000002c70800 Exception <a 'java/lang/NoSuchMethodError': Method sun.misc.Unsafe.defineClass(Ljava/lang/String;[BII)Ljava/lang/Class; name or signature does not match> (0x00000000eab0d248) thrown at [D:\re\puppet\workspace\8-2-build-windows-amd64-cygwin\jdk8u73\6086\hot)Ý7à,ðš?
Event: 0.026 Thread 0x0000000002c70800 Exception <a 'java/lang/NoSuchMethodError': Method sun.misc.Unsafe.prefetchRead(Ljava/lang/Object;J)V name or signature does not match> (0x00000000eab0d530) thrown at [D:\re\puppet\workspace\8-2-build-windows-amd64-cygwin\jdk8u73\6086\hotspot\src\share\vm\

Events (10 events):
Event: 0.258 loading class com/android/dx/cf/direct/MemberListParser
Event: 0.258 loading class com/android/dx/cf/direct/MemberListParser done
Event: 0.259 loading class com/android/dx/cf/iface/Field
Event: 0.259 loading class com/android/dx/cf/iface/Field done
Event: 0.259 loading class com/android/dx/cf/iface/Member
Event: 0.259 loading class com/android/dx/cf/iface/Member done
Event: 0.259 loading class com/android/dx/cf/iface/StdFieldList
Event: 0.259 loading class com/android/dx/cf/iface/StdFieldList done
Event: 0.259 loading class com/android/dx/cf/direct/MethodListParser
Event: 0.259 loading class com/android/dx/cf/direct/MethodListParser done


Dynamic libraries:
0x00007ff7fce20000 - 0x00007ff7fce57000 	C:\Program Files\Java\jdk1.8.0_73\bin\java.exe
0x00007ff904170000 - 0x00007ff904319000 	C:\Windows\SYSTEM32\ntdll.dll
0x00007ff901a00000 - 0x00007ff901b3a000 	C:\Windows\system32\KERNEL32.DLL
0x00007ff901850000 - 0x00007ff90195f000 	C:\Windows\system32\KERNELBASE.dll
0x00007ff903cd0000 - 0x00007ff903d75000 	C:\Windows\system32\ADVAPI32.dll
0x00007ff903300000 - 0x00007ff903471000 	C:\Windows\system32\USER32.dll
0x00007ff8fef70000 - 0x00007ff8ff1ca000 	C:\Windows\WinSxS\amd64_microsoft.windows.common-controls_6595b64144ccf1df_6.0.9600.16384_none_62475f7becb72503\COMCTL32.dll
0x00007ff903240000 - 0x00007ff9032e7000 	C:\Windows\system32\msvcrt.dll
0x00007ff903a90000 - 0x00007ff903ae7000 	C:\Windows\SYSTEM32\sechost.dll
0x00007ff903100000 - 0x00007ff903236000 	C:\Windows\system32\RPCRT4.dll
0x00007ff9035c0000 - 0x00007ff903705000 	C:\Windows\system32\GDI32.dll
0x00007ff904130000 - 0x00007ff904164000 	C:\Windows\system32\IMM32.DLL
0x00007ff903480000 - 0x00007ff9035b9000 	C:\Windows\system32\MSCTF.dll
0x0000000050d20000 - 0x0000000050df2000 	C:\Program Files\Java\jdk1.8.0_73\jre\bin\msvcr100.dll
0x0000000051280000 - 0x0000000051b10000 	C:\Program Files\Java\jdk1.8.0_73\jre\bin\server\jvm.dll
0x00007ff8eedc0000 - 0x00007ff8eedc9000 	C:\Windows\SYSTEM32\WSOCK32.dll
0x00007ff8fd900000 - 0x00007ff8fd91f000 	C:\Windows\SYSTEM32\WINMM.dll
0x00007ff8ffe00000 - 0x00007ff8ffe0a000 	C:\Windows\SYSTEM32\VERSION.dll
0x00007ff9038e0000 - 0x00007ff9038e7000 	C:\Windows\system32\PSAPI.DLL
0x00007ff903710000 - 0x00007ff903768000 	C:\Windows\system32\WS2_32.dll
0x00007ff8fd8c0000 - 0x00007ff8fd8ea000 	C:\Windows\SYSTEM32\WINMMBASE.dll
0x00007ff904020000 - 0x00007ff904029000 	C:\Windows\system32\NSI.dll
0x00007ff901960000 - 0x00007ff9019aa000 	C:\Windows\SYSTEM32\cfgmgr32.dll
0x00007ff900370000 - 0x00007ff900396000 	C:\Windows\SYSTEM32\DEVOBJ.dll
0x0000000051190000 - 0x000000005119f000 	C:\Program Files\Java\jdk1.8.0_73\jre\bin\verify.dll
0x0000000051160000 - 0x0000000051189000 	C:\Program Files\Java\jdk1.8.0_73\jre\bin\java.dll
0x0000000051140000 - 0x0000000051156000 	C:\Program Files\Java\jdk1.8.0_73\jre\bin\zip.dll
0x00007ff901cf0000 - 0x00007ff9030fe000 	C:\Windows\system32\SHELL32.dll
0x00007ff903af0000 - 0x00007ff903cc7000 	C:\Windows\SYSTEM32\combase.dll
0x00007ff903de0000 - 0x00007ff903e31000 	C:\Windows\system32\SHLWAPI.dll
0x00007ff900050000 - 0x00007ff9000f1000 	C:\Windows\SYSTEM32\SHCORE.dll
0x00007ff9014f0000 - 0x00007ff901504000 	C:\Windows\SYSTEM32\profapi.dll

VM Arguments:
jvm_args: -Djava.awt.headless=true -Xmx1024M -Dfile.encoding=windows-1252 -Duser.country=ES -Duser.language=es -Duser.variant 
java_command: com.android.dx.command.Main --dex --force-jumbo --num-threads=4 --multi-dex --output C:\Users\ANDROID\AndroidStudioProjects\ListView04\app\build\intermediates\transforms\dex\debug\folders\1000\5\slice_5 C:\Users\ANDROID\AndroidStudioProjects\ListView04\app\build\intermediates\transforms\instantRunSlicer\debug\folders\1\5\slice_5
java_class_path (initial): C:\Users\ANDROID\AppData\Local\Android\sdk\build-tools\24.0.1\lib\dx.jar
Launcher Type: SUN_STANDARD

Environment Variables:
PATH=C:\ProgramData\Oracle\Java\javapath;C:\Windows\system32;C:\Windows;C:\Windows\System32\Wbem;C:\Windows\System32\WindowsPowerShell\v1.0\
USERNAME=ANDROID
OS=Windows_NT
PROCESSOR_IDENTIFIER=Intel64 Family 6 Model 58 Stepping 9, GenuineIntel



---------------  S Y S T E M  ---------------

OS: Windows 8.1 , 64 bit Build 9600 (6.3.9600.16384)

CPU:total 8 (4 cores per cpu, 2 threads per core) family 6 model 58 stepping 9, cmov, cx8, fxsr, mmx, sse, sse2, sse3, ssse3, sse4.1, sse4.2, popcnt, avx, aes, clmul, erms, ht, tsc, tscinvbit, tscinv

Memory: 4k page, physical 8341960k(1430308k free), swap 8341960k(5100k free)

vm_info: Java HotSpot(TM) 64-Bit Server VM (25.73-b02) for windows-amd64 JRE (1.8.0_73-b02), built on Jan 29 2016 17:38:49 by "java_re" with MS VC++ 10.0 (VS2010)

time: Sat Aug 27 17:30:48 2016
elapsed time: 0 seconds (0d 0h 0m 0s)

