#
# There is insufficient memory for the Java Runtime Environment to continue.
# Native memory allocation (malloc) failed to allocate 262896 bytes for Chunk::new
# Possible reasons:
#   The system is out of physical RAM or swap space
#   In 32 bit mode, the process size limit was hit
# Possible solutions:
#   Reduce memory load on the system
#   Increase physical memory or swap space
#   Check if swap backing store is full
#   Use 64 bit Java on a 64 bit OS
#   Decrease Java heap size (-Xmx/-Xms)
#   Decrease number of Java threads
#   Decrease Java thread stack sizes (-Xss)
#   Set larger code cache with -XX:ReservedCodeCacheSize=
# This output file may be truncated or incomplete.
#
#  Out of Memory Error (allocation.cpp:390), pid=780, tid=2248
#
# JRE version: Java(TM) SE Runtime Environment (8.0_73-b02) (build 1.8.0_73-b02)
# Java VM: Java HotSpot(TM) 64-Bit Server VM (25.73-b02 mixed mode windows-amd64 compressed oops)
# Failed to write core dump. Minidumps are not enabled by default on client versions of Windows
#

---------------  T H R E A D  ---------------

Current thread (0x0000000017586800):  JavaThread "C2 CompilerThread1" daemon [_thread_in_native, id=2248, stack(0x0000000017c50000,0x0000000017d50000)]

Stack: [0x0000000017c50000,0x0000000017d50000]
[error occurred during error reporting (printing stack bounds), id 0xc0000005]

Native frames: (J=compiled Java code, j=interpreted, Vv=VM code, C=native code)


Current CompileTask:
C2:    835  706   !   4       com.android.dx.rop.code.RegisterSpec::intern (70 bytes)


---------------  P R O C E S S  ---------------

Java Threads: ( => current thread )
  0x000000001784c000 JavaThread "pool-2-thread-4" [_thread_in_Java, id=3976, stack(0x0000000018550000,0x0000000018650000)]
  0x0000000017785000 JavaThread "pool-2-thread-3" [_thread_in_Java, id=1976, stack(0x0000000018450000,0x0000000018550000)]
  0x000000001777b000 JavaThread "pool-2-thread-2" [_thread_in_Java, id=2768, stack(0x0000000018350000,0x0000000018450000)]
  0x0000000017758800 JavaThread "pool-3-thread-1" [_thread_blocked, id=1568, stack(0x0000000018250000,0x0000000018350000)]
  0x0000000017757800 JavaThread "pool-2-thread-1" [_thread_in_Java, id=2888, stack(0x0000000018150000,0x0000000018250000)]
  0x0000000017626800 JavaThread "Service Thread" daemon [_thread_blocked, id=1860, stack(0x0000000017f50000,0x0000000018050000)]
  0x000000001758b000 JavaThread "C1 CompilerThread3" daemon [_thread_in_vm, id=3220, stack(0x0000000017e50000,0x0000000017f50000)]
  0x000000001757a000 JavaThread "C2 CompilerThread2" daemon [_thread_in_vm, id=5620, stack(0x0000000017d50000,0x0000000017e50000)]
=>0x0000000017586800 JavaThread "C2 CompilerThread1" daemon [_thread_in_native, id=2248, stack(0x0000000017c50000,0x0000000017d50000)]
  0x0000000017582000 JavaThread "C2 CompilerThread0" daemon [_thread_in_native, id=5772, stack(0x0000000017b50000,0x0000000017c50000)]
  0x0000000017580800 JavaThread "Attach Listener" daemon [_thread_blocked, id=456, stack(0x0000000017a50000,0x0000000017b50000)]
  0x000000001757f800 JavaThread "Signal Dispatcher" daemon [_thread_blocked, id=4248, stack(0x0000000017950000,0x0000000017a50000)]
  0x000000000293a800 JavaThread "Finalizer" daemon [_thread_blocked, id=2452, stack(0x0000000017350000,0x0000000017450000)]
  0x0000000002933800 JavaThread "Reference Handler" daemon [_thread_blocked, id=5920, stack(0x0000000017250000,0x0000000017350000)]
  0x0000000002840800 JavaThread "main" [_thread_in_Java, id=1100, stack(0x0000000002640000,0x0000000002740000)]

Other Threads:
  0x000000001545a000 VMThread [stack: 0x0000000017150000,0x0000000017250000] [id=4152]
  0x000000001762a800 WatcherThread [stack: 0x0000000018050000,0x0000000018150000] [id=1036]

VM state:not at safepoint (normal execution)

VM Mutex/Monitor currently owned by a thread:  ([mutex/lock_event])
[0x000000000283ce90] CompiledIC_lock - owner thread: 0x0000000000000000

Heap:
 PSYoungGen      total 38400K, used 17613K [0x00000000eab00000, 0x00000000ed580000, 0x0000000100000000)
  eden space 33280K, 52% used [0x00000000eab00000,0x00000000ebc33760,0x00000000ecb80000)
  from space 5120K, 0% used [0x00000000ed080000,0x00000000ed080000,0x00000000ed580000)
  to   space 5120K, 0% used [0x00000000ecb80000,0x00000000ecb80000,0x00000000ed080000)
 ParOldGen       total 87552K, used 0K [0x00000000c0000000, 0x00000000c5580000, 0x00000000eab00000)
  object space 87552K, 0% used [0x00000000c0000000,0x00000000c0000000,0x00000000c5580000)
 Metaspace       used 5520K, capacity 6704K, committed 6784K, reserved 1056768K
  class space    used 576K, capacity 616K, committed 640K, reserved 1048576K

Card table byte_map: [0x0000000011d00000,0x0000000011f10000] byte_map_base: 0x0000000011700000

Marking Bits: (ParMarkBitMap*) 0x0000000051a90600
 Begin Bits: [0x0000000012870000, 0x0000000013870000)
 End Bits:   [0x0000000013870000, 0x0000000014870000)

Polling page: 0x0000000001040000

CodeCache: size=245760Kb used=2716Kb max_used=2716Kb free=243043Kb
 bounds [0x0000000002940000, 0x0000000002bf0000, 0x0000000011940000]
 total_blobs=947 nmethods=685 adapters=175
 compilation: enabled

Compilation events (10 events):
Event: 0.817 Thread 0x000000001757a000 nmethod 689 0x0000000002be1a10 code [0x0000000002be1b80, 0x0000000002be2028]
Event: 0.817 Thread 0x000000001757a000  698       4       java.util.BitSet::<init> (56 bytes)
Event: 0.818 Thread 0x0000000017586800 nmethod 693 0x0000000002be1650 code [0x0000000002be17a0, 0x0000000002be1938]
Event: 0.818 Thread 0x0000000017586800  702       4       com.android.dx.ssa.SsaMethod::getDefinitionForRegister (61 bytes)
Event: 0.818 Thread 0x000000001757a000 nmethod 698 0x0000000002be2490 code [0x0000000002be25e0, 0x0000000002be2738]
Event: 0.819 Thread 0x000000001757a000  704   !   4       com.android.dx.cf.code.BytecodeArray::parseInstruction (2764 bytes)
Event: 0.820 Thread 0x0000000017586800 nmethod 702 0x0000000002be10d0 code [0x0000000002be1240, 0x0000000002be1488]
Event: 0.820 Thread 0x0000000017586800  707       4       com.android.dx.util.Bits::get (25 bytes)
Event: 0.821 Thread 0x0000000017586800 nmethod 707 0x0000000002bd2350 code [0x0000000002bd2480, 0x0000000002bd2518]
Event: 0.821 Thread 0x0000000017586800  706   !   4       com.android.dx.rop.code.RegisterSpec::intern (70 bytes)

GC Heap History (0 events):
No events

Deoptimization events (2 events):
Event: 0.772 Thread 0x000000001777b000 Uncommon trap: reason=unstable_if action=reinterpret pc=0x0000000002b9cdf0 method=java.util.BitSet.nextSetBit(I)I @ 87
Event: 0.782 Thread 0x000000001777b000 Uncommon trap: reason=unstable_if action=reinterpret pc=0x0000000002b5eb58 method=java.util.HashMap.getNode(ILjava/lang/Object;)Ljava/util/HashMap$Node; @ 129

Internal exceptions (2 events):
Event: 0.028 Thread 0x0000000002840800 Exception <a 'java/lang/NoSuchMethodError': Method sun.misc.Unsafe.defineClass(Ljava/lang/String;[BII)Ljava/lang/Class; name or signature does not match> (0x00000000eab0d248) thrown at [D:\re\puppet\workspace\8-2-build-windows-amd64-cygwin\jdk8u73\6086\hotîL©oœ?
Event: 0.028 Thread 0x0000000002840800 Exception <a 'java/lang/NoSuchMethodError': Method sun.misc.Unsafe.prefetchRead(Ljava/lang/Object;J)V name or signature does not match> (0x00000000eab0d530) thrown at [D:\re\puppet\workspace\8-2-build-windows-amd64-cygwin\jdk8u73\6086\hotspot\src\share\vm\

Events (10 events):
Event: 0.782 Thread 0x000000001777b000 DEOPT PACKING pc=0x0000000002b5eb58 sp=0x000000001844e8d0
Event: 0.783 Thread 0x000000001777b000 DEOPT UNPACKING pc=0x000000000298582a sp=0x000000001844e848 mode 2
Event: 0.784 loading class java/util/DualPivotQuicksort
Event: 0.784 loading class java/util/DualPivotQuicksort done
Event: 0.797 Executing VM operation: ForceSafepoint
Event: 0.800 Executing VM operation: ForceSafepoint done
Event: 0.803 loading class java/util/ArrayList$1
Event: 0.803 loading class java/util/ArrayList$1 done
Event: 0.825 loading class com/android/dx/rop/cst/CstArray$List
Event: 0.825 loading class com/android/dx/rop/cst/CstArray$List done


Dynamic libraries:
0x00007ff7fce20000 - 0x00007ff7fce57000 	C:\Program Files\Java\jdk1.8.0_73\bin\java.exe
0x00007ff904170000 - 0x00007ff904319000 	C:\Windows\SYSTEM32\ntdll.dll
0x00007ff901a00000 - 0x00007ff901b3a000 	C:\Windows\system32\KERNEL32.DLL
0x00007ff901850000 - 0x00007ff90195f000 	C:\Windows\system32\KERNELBASE.dll
0x00007ff903cd0000 - 0x00007ff903d75000 	C:\Windows\system32\ADVAPI32.dll
0x00007ff903300000 - 0x00007ff903471000 	C:\Windows\system32\USER32.dll
0x00007ff8fef70000 - 0x00007ff8ff1ca000 	C:\Windows\WinSxS\amd64_microsoft.windows.common-controls_6595b64144ccf1df_6.0.9600.16384_none_62475f7becb72503\COMCTL32.dll
0x00007ff903240000 - 0x00007ff9032e7000 	C:\Windows\system32\msvcrt.dll
0x00007ff903a90000 - 0x00007ff903ae7000 	C:\Windows\SYSTEM32\sechost.dll
0x00007ff903100000 - 0x00007ff903236000 	C:\Windows\system32\RPCRT4.dll
0x00007ff9035c0000 - 0x00007ff903705000 	C:\Windows\system32\GDI32.dll
0x00007ff904130000 - 0x00007ff904164000 	C:\Windows\system32\IMM32.DLL
0x00007ff903480000 - 0x00007ff9035b9000 	C:\Windows\system32\MSCTF.dll
0x0000000050d20000 - 0x0000000050df2000 	C:\Program Files\Java\jdk1.8.0_73\jre\bin\msvcr100.dll
0x0000000051280000 - 0x0000000051b10000 	C:\Program Files\Java\jdk1.8.0_73\jre\bin\server\jvm.dll
0x00007ff8eedc0000 - 0x00007ff8eedc9000 	C:\Windows\SYSTEM32\WSOCK32.dll
0x00007ff8fd900000 - 0x00007ff8fd91f000 	C:\Windows\SYSTEM32\WINMM.dll
0x00007ff8ffe00000 - 0x00007ff8ffe0a000 	C:\Windows\SYSTEM32\VERSION.dll
0x00007ff9038e0000 - 0x00007ff9038e7000 	C:\Windows\system32\PSAPI.DLL
0x00007ff903710000 - 0x00007ff903768000 	C:\Windows\system32\WS2_32.dll
0x00007ff8fd8c0000 - 0x00007ff8fd8ea000 	C:\Windows\SYSTEM32\WINMMBASE.dll
0x00007ff904020000 - 0x00007ff904029000 	C:\Windows\system32\NSI.dll
0x00007ff901960000 - 0x00007ff9019aa000 	C:\Windows\SYSTEM32\cfgmgr32.dll
0x00007ff900370000 - 0x00007ff900396000 	C:\Windows\SYSTEM32\DEVOBJ.dll
0x0000000051190000 - 0x000000005119f000 	C:\Program Files\Java\jdk1.8.0_73\jre\bin\verify.dll
0x0000000051160000 - 0x0000000051189000 	C:\Program Files\Java\jdk1.8.0_73\jre\bin\java.dll
0x0000000051140000 - 0x0000000051156000 	C:\Program Files\Java\jdk1.8.0_73\jre\bin\zip.dll
0x00007ff901cf0000 - 0x00007ff9030fe000 	C:\Windows\system32\SHELL32.dll
0x00007ff903af0000 - 0x00007ff903cc7000 	C:\Windows\SYSTEM32\combase.dll
0x00007ff903de0000 - 0x00007ff903e31000 	C:\Windows\system32\SHLWAPI.dll
0x00007ff900050000 - 0x00007ff9000f1000 	C:\Windows\SYSTEM32\SHCORE.dll
0x00007ff9014f0000 - 0x00007ff901504000 	C:\Windows\SYSTEM32\profapi.dll

VM Arguments:
jvm_args: -Djava.awt.headless=true -Xmx1024M -Dfile.encoding=windows-1252 -Duser.country=ES -Duser.language=es -Duser.variant 
java_command: com.android.dx.command.Main --dex --force-jumbo --num-threads=4 --multi-dex --output C:\Users\ANDROID\AndroidStudioProjects\ListView04\app\build\intermediates\transforms\dex\debug\folders\1000\5\slice_3 C:\Users\ANDROID\AndroidStudioProjects\ListView04\app\build\intermediates\transforms\instantRunSlicer\debug\folders\1\5\slice_3
java_class_path (initial): C:\Users\ANDROID\AppData\Local\Android\sdk\build-tools\24.0.1\lib\dx.jar
Launcher Type: SUN_STANDARD

Environment Variables:
PATH=C:\ProgramData\Oracle\Java\javapath;C:\Windows\system32;C:\Windows;C:\Windows\System32\Wbem;C:\Windows\System32\WindowsPowerShell\v1.0\
USERNAME=ANDROID
OS=Windows_NT
PROCESSOR_IDENTIFIER=Intel64 Family 6 Model 58 Stepping 9, GenuineIntel



---------------  S Y S T E M  ---------------

OS: Windows 8.1 , 64 bit Build 9600 (6.3.9600.16384)

CPU:total 8 (4 cores per cpu, 2 threads per core) family 6 model 58 stepping 9, cmov, cx8, fxsr, mmx, sse, sse2, sse3, ssse3, sse4.1, sse4.2, popcnt, avx, aes, clmul, erms, ht, tsc, tscinvbit, tscinv

Memory: 4k page, physical 8341960k(1431156k free), swap 8341960k(5124k free)

vm_info: Java HotSpot(TM) 64-Bit Server VM (25.73-b02) for windows-amd64 JRE (1.8.0_73-b02), built on Jan 29 2016 17:38:49 by "java_re" with MS VC++ 10.0 (VS2010)

time: Sat Aug 27 17:30:48 2016
elapsed time: 0 seconds (0d 0h 0m 0s)

