#
# There is insufficient memory for the Java Runtime Environment to continue.
# Native memory allocation (malloc) failed to allocate 1158016 bytes for Chunk::new
# Possible reasons:
#   The system is out of physical RAM or swap space
#   In 32 bit mode, the process size limit was hit
# Possible solutions:
#   Reduce memory load on the system
#   Increase physical memory or swap space
#   Check if swap backing store is full
#   Use 64 bit Java on a 64 bit OS
#   Decrease Java heap size (-Xmx/-Xms)
#   Decrease number of Java threads
#   Decrease Java thread stack sizes (-Xss)
#   Set larger code cache with -XX:ReservedCodeCacheSize=
# This output file may be truncated or incomplete.
#
#  Out of Memory Error (allocation.cpp:390), pid=4768, tid=5400
#
# JRE version: Java(TM) SE Runtime Environment (8.0_73-b02) (build 1.8.0_73-b02)
# Java VM: Java HotSpot(TM) 64-Bit Server VM (25.73-b02 mixed mode windows-amd64 compressed oops)
# Failed to write core dump. Minidumps are not enabled by default on client versions of Windows
#

---------------  T H R E A D  ---------------

Current thread (0x0000000017435800):  JavaThread "C2 CompilerThread0" daemon [_thread_in_native, id=5400, stack(0x0000000017a10000,0x0000000017b10000)]

Stack: [0x0000000017a10000,0x0000000017b10000]
[error occurred during error reporting (printing stack bounds), id 0xc0000005]

Native frames: (J=compiled Java code, j=interpreted, Vv=VM code, C=native code)


Current CompileTask:
C2:   6926 2442       4       com.android.dx.dex.code.DalvCode::finishProcessingIfNecessary (69 bytes)


---------------  P R O C E S S  ---------------

Java Threads: ( => current thread )
  0x000000001777b000 JavaThread "pool-1-thread-1" [_thread_in_vm, id=4216, stack(0x0000000018810000,0x0000000018910000)]
  0x00000000174d9800 JavaThread "Service Thread" daemon [_thread_blocked, id=5960, stack(0x0000000017e10000,0x0000000017f10000)]
  0x00000000174a4000 JavaThread "C1 CompilerThread3" daemon [_thread_blocked, id=5632, stack(0x0000000017d10000,0x0000000017e10000)]
  0x0000000017494000 JavaThread "C2 CompilerThread2" daemon [_thread_in_native, id=3412, stack(0x0000000017c10000,0x0000000017d10000)]
  0x0000000017444000 JavaThread "C2 CompilerThread1" daemon [_thread_blocked, id=800, stack(0x0000000017b10000,0x0000000017c10000)]
=>0x0000000017435800 JavaThread "C2 CompilerThread0" daemon [_thread_in_native, id=5400, stack(0x0000000017a10000,0x0000000017b10000)]
  0x0000000017434800 JavaThread "Attach Listener" daemon [_thread_blocked, id=5708, stack(0x0000000017910000,0x0000000017a10000)]
  0x0000000017433800 JavaThread "Signal Dispatcher" daemon [_thread_blocked, id=6008, stack(0x0000000017810000,0x0000000017910000)]
  0x0000000002809800 JavaThread "Finalizer" daemon [_thread_blocked, id=208, stack(0x0000000017210000,0x0000000017310000)]
  0x000000001532d800 JavaThread "Reference Handler" daemon [_thread_blocked, id=1008, stack(0x0000000017110000,0x0000000017210000)]
  0x0000000002710800 JavaThread "main" [_thread_blocked, id=5236, stack(0x0000000002610000,0x0000000002710000)]

Other Threads:
  0x0000000015328800 VMThread [stack: 0x0000000017010000,0x0000000017110000] [id=224]
  0x00000000174e6000 WatcherThread [stack: 0x0000000017f10000,0x0000000018010000] [id=5136]

VM state:not at safepoint (normal execution)

VM Mutex/Monitor currently owned by a thread: None

Heap:
 PSYoungGen      total 71680K, used 29519K [0x00000000eab00000, 0x00000000f3700000, 0x0000000100000000)
  eden space 66560K, 36% used [0x00000000eab00000,0x00000000ec2d8140,0x00000000eec00000)
  from space 5120K, 99% used [0x00000000eec00000,0x00000000ef0fbb38,0x00000000ef100000)
  to   space 5120K, 0% used [0x00000000f3200000,0x00000000f3200000,0x00000000f3700000)
 ParOldGen       total 87552K, used 15613K [0x00000000c0000000, 0x00000000c5580000, 0x00000000eab00000)
  object space 87552K, 17% used [0x00000000c0000000,0x00000000c0f3f578,0x00000000c5580000)
 Metaspace       used 6915K, capacity 7608K, committed 7936K, reserved 1056768K
  class space    used 646K, capacity 688K, committed 768K, reserved 1048576K

Card table byte_map: [0x0000000011bd0000,0x0000000011de0000] byte_map_base: 0x00000000115d0000

Marking Bits: (ParMarkBitMap*) 0x0000000051a90600
 Begin Bits: [0x0000000012740000, 0x0000000013740000)
 End Bits:   [0x0000000013740000, 0x0000000014740000)

Polling page: 0x0000000000d30000

CodeCache: size=245760Kb used=11445Kb max_used=11445Kb free=234314Kb
 bounds [0x0000000002810000, 0x0000000003350000, 0x0000000011810000]
 total_blobs=2737 nmethods=2460 adapters=189
 compilation: enabled

Compilation events (10 events):
Event: 6.913 Thread 0x00000000174a4000 2492       1       com.android.dx.rop.annotation.Annotation::getVisibility (5 bytes)
Event: 6.913 Thread 0x00000000174a4000 nmethod 2492 0x0000000003326910 code [0x0000000003326a60, 0x0000000003326b70]
Event: 6.915 Thread 0x0000000017444000 nmethod 2486 0x0000000003346150 code [0x00000000033462a0, 0x0000000003346a38]
Event: 6.919 Thread 0x0000000017444000 2493       4       java.lang.CharacterData::of (120 bytes)
Event: 6.920 Thread 0x00000000174a4000 2494       3       java.lang.String::toLowerCase (439 bytes)
Event: 6.920 Thread 0x0000000017444000 nmethod 2493 0x00000000031d7f50 code [0x00000000031d8080, 0x00000000031d80f8]
Event: 6.921 Thread 0x00000000174a4000 nmethod 2494 0x0000000003343710 code [0x0000000003343a40, 0x0000000003345298]
Event: 6.923 Thread 0x00000000174a4000 2495       3       sun.misc.FDBigInteger::mult (64 bytes)
Event: 6.923 Thread 0x00000000174a4000 nmethod 2495 0x0000000003343050 code [0x00000000033431c0, 0x0000000003343450]
Event: 6.923 Thread 0x00000000174a4000 2496       3       sun.misc.FDBigInteger::<init> (30 bytes)

GC Heap History (6 events):
Event: 0.989 GC heap before
{Heap before GC invocations=1 (full 0):
 PSYoungGen      total 38400K, used 33280K [0x00000000eab00000, 0x00000000ed580000, 0x0000000100000000)
  eden space 33280K, 100% used [0x00000000eab00000,0x00000000ecb80000,0x00000000ecb80000)
  from space 5120K, 0% used [0x00000000ed080000,0x00000000ed080000,0x00000000ed580000)
  to   space 5120K, 0% used [0x00000000ecb80000,0x00000000ecb80000,0x00000000ed080000)
 ParOldGen       total 87552K, used 0K [0x00000000c0000000, 0x00000000c5580000, 0x00000000eab00000)
  object space 87552K, 0% used [0x00000000c0000000,0x00000000c0000000,0x00000000c5580000)
 Metaspace       used 5969K, capacity 6896K, committed 7040K, reserved 1056768K
  class space    used 601K, capacity 616K, committed 640K, reserved 1048576K
Event: 1.054 GC heap after
Heap after GC invocations=1 (full 0):
 PSYoungGen      total 38400K, used 5097K [0x00000000eab00000, 0x00000000ef600000, 0x0000000100000000)
  eden space 33280K, 0% used [0x00000000eab00000,0x00000000eab00000,0x00000000ecb80000)
  from space 5120K, 99% used [0x00000000ecb80000,0x00000000ed07a628,0x00000000ed080000)
  to   space 5120K, 0% used [0x00000000ef100000,0x00000000ef100000,0x00000000ef600000)
 ParOldGen       total 87552K, used 1382K [0x00000000c0000000, 0x00000000c5580000, 0x00000000eab00000)
  object space 87552K, 1% used [0x00000000c0000000,0x00000000c0159bc8,0x00000000c5580000)
 Metaspace       used 5969K, capacity 6896K, committed 7040K, reserved 1056768K
  class space    used 601K, capacity 616K, committed 640K, reserved 1048576K
}
Event: 1.806 GC heap before
{Heap before GC invocations=2 (full 0):
 PSYoungGen      total 38400K, used 38377K [0x00000000eab00000, 0x00000000ef600000, 0x0000000100000000)
  eden space 33280K, 100% used [0x00000000eab00000,0x00000000ecb80000,0x00000000ecb80000)
  from space 5120K, 99% used [0x00000000ecb80000,0x00000000ed07a628,0x00000000ed080000)
  to   space 5120K, 0% used [0x00000000ef100000,0x00000000ef100000,0x00000000ef600000)
 ParOldGen       total 87552K, used 1382K [0x00000000c0000000, 0x00000000c5580000, 0x00000000eab00000)
  object space 87552K, 1% used [0x00000000c0000000,0x00000000c0159bc8,0x00000000c5580000)
 Metaspace       used 6180K, capacity 7088K, committed 7296K, reserved 1056768K
  class space    used 603K, capacity 616K, committed 640K, reserved 1048576K
Event: 2.026 GC heap after
Heap after GC invocations=2 (full 0):
 PSYoungGen      total 71680K, used 5103K [0x00000000eab00000, 0x00000000ef600000, 0x0000000100000000)
  eden space 66560K, 0% used [0x00000000eab00000,0x00000000eab00000,0x00000000eec00000)
  from space 5120K, 99% used [0x00000000ef100000,0x00000000ef5fbdf0,0x00000000ef600000)
  to   space 5120K, 0% used [0x00000000eec00000,0x00000000eec00000,0x00000000ef100000)
 ParOldGen       total 87552K, used 5712K [0x00000000c0000000, 0x00000000c5580000, 0x00000000eab00000)
  object space 87552K, 6% used [0x00000000c0000000,0x00000000c0594300,0x00000000c5580000)
 Metaspace       used 6180K, capacity 7088K, committed 7296K, reserved 1056768K
  class space    used 603K, capacity 616K, committed 640K, reserved 1048576K
}
Event: 6.097 GC heap before
{Heap before GC invocations=3 (full 0):
 PSYoungGen      total 71680K, used 71663K [0x00000000eab00000, 0x00000000ef600000, 0x0000000100000000)
  eden space 66560K, 100% used [0x00000000eab00000,0x00000000eec00000,0x00000000eec00000)
  from space 5120K, 99% used [0x00000000ef100000,0x00000000ef5fbdf0,0x00000000ef600000)
  to   space 5120K, 0% used [0x00000000eec00000,0x00000000eec00000,0x00000000ef100000)
 ParOldGen       total 87552K, used 5712K [0x00000000c0000000, 0x00000000c5580000, 0x00000000eab00000)
  object space 87552K, 6% used [0x00000000c0000000,0x00000000c0594300,0x00000000c5580000)
 Metaspace       used 6287K, capacity 7152K, committed 7296K, reserved 1056768K
  class space    used 603K, capacity 616K, committed 640K, reserved 1048576K
Event: 6.209 GC heap after
Heap after GC invocations=3 (full 0):
 PSYoungGen      total 71680K, used 5102K [0x00000000eab00000, 0x00000000f3700000, 0x0000000100000000)
  eden space 66560K, 0% used [0x00000000eab00000,0x00000000eab00000,0x00000000eec00000)
  from space 5120K, 99% used [0x00000000eec00000,0x00000000ef0fbb38,0x00000000ef100000)
  to   space 5120K, 0% used [0x00000000f3200000,0x00000000f3200000,0x00000000f3700000)
 ParOldGen       total 87552K, used 15613K [0x00000000c0000000, 0x00000000c5580000, 0x00000000eab00000)
  object space 87552K, 17% used [0x00000000c0000000,0x00000000c0f3f578,0x00000000c5580000)
 Metaspace       used 6287K, capacity 7152K, committed 7296K, reserved 1056768K
  class space    used 603K, capacity 616K, committed 640K, reserved 1048576K
}

Deoptimization events (10 events):
Event: 6.506 Thread 0x000000001777b000 Uncommon trap: reason=class_check action=maybe_recompile pc=0x0000000002cd5348 method=java.util.Arrays.hashCode([Ljava/lang/Object;)I @ 43
Event: 6.506 Thread 0x000000001777b000 Uncommon trap: reason=class_check action=maybe_recompile pc=0x0000000002ccbdf4 method=java.util.Arrays.hashCode([Ljava/lang/Object;)I @ 43
Event: 6.515 Thread 0x000000001777b000 Uncommon trap: reason=class_check action=maybe_recompile pc=0x0000000002e031e4 method=java.util.HashMap.putVal(ILjava/lang/Object;Ljava/lang/Object;ZZ)Ljava/lang/Object; @ 203
Event: 6.636 Thread 0x000000001777b000 Uncommon trap: reason=class_check action=maybe_recompile pc=0x0000000002b6f07c method=java.util.Arrays.equals([Ljava/lang/Object;[Ljava/lang/Object;)Z @ 62
Event: 6.637 Thread 0x000000001777b000 Uncommon trap: reason=unstable_if action=reinterpret pc=0x0000000002b6f0b4 method=java.util.Arrays.equals([Ljava/lang/Object;[Ljava/lang/Object;)Z @ 23
Event: 6.682 Thread 0x000000001777b000 Uncommon trap: reason=unstable_if action=reinterpret pc=0x0000000002fea948 method=java.util.TreeMap.put(Ljava/lang/Object;Ljava/lang/Object;)Ljava/lang/Object; @ 163
Event: 6.707 Thread 0x000000001777b000 Uncommon trap: reason=unstable_if action=reinterpret pc=0x00000000030572a4 method=java.util.ArrayList.<init>(I)V @ 5
Event: 6.741 Thread 0x000000001777b000 Uncommon trap: reason=unstable_if action=reinterpret pc=0x0000000002ac6f7c method=java.lang.Long.numberOfTrailingZeros(J)I @ 3
Event: 6.752 Thread 0x000000001777b000 Uncommon trap: reason=unstable_if action=reinterpret pc=0x00000000032a5744 method=com.android.dx.util.ByteArrayAnnotatedOutput.writeByte(I)V @ 13
Event: 6.900 Thread 0x000000001777b000 Uncommon trap: reason=unstable_if action=reinterpret pc=0x00000000032ff89c method=com.android.dx.util.ByteArrayAnnotatedOutput.writeUleb128(I)I @ 4

Internal exceptions (8 events):
Event: 0.034 Thread 0x0000000002710800 Exception <a 'java/lang/NoSuchMethodError': Method sun.misc.Unsafe.defineClass(Ljava/lang/String;[BII)Ljava/lang/Class; name or signature does not match> (0x00000000eab0cfe8) thrown at [D:\re\puppet\workspace\8-2-build-windows-amd64-cygwin\jdk8u73\6086\hot$ãáÎ›¡?
Event: 0.034 Thread 0x0000000002710800 Exception <a 'java/lang/NoSuchMethodError': Method sun.misc.Unsafe.prefetchRead(Ljava/lang/Object;J)V name or signature does not match> (0x00000000eab0d2d0) thrown at [D:\re\puppet\workspace\8-2-build-windows-amd64-cygwin\jdk8u73\6086\hotspot\src\share\vm\Le7íXsï?
Event: 0.983 Thread 0x0000000018027000 Implicit null exception at 0x0000000002c95a62 to 0x0000000002c95b52
Event: 1.571 Thread 0x0000000018010800 Implicit null exception at 0x0000000002adfef6 to 0x0000000002ae1651
Event: 5.902 Thread 0x00000000177a2000 Implicit null exception at 0x0000000002fd6345 to 0x0000000002fd85c9
Event: 5.902 Thread 0x00000000177a2000 Implicit null exception at 0x0000000002d2dc7d to 0x0000000002d2eed1
Event: 5.902 Thread 0x00000000177a2000 Implicit null exception at 0x0000000002ec2b55 to 0x0000000002ec46b9
Event: 6.240 Thread 0x0000000002710800 Implicit null exception at 0x0000000003007577 to 0x0000000003008b89

Events (10 events):
Event: 6.922 loading class sun/misc/FloatingDecimal$BinaryToASCIIBuffer
Event: 6.922 loading class sun/misc/FloatingDecimal$BinaryToASCIIBuffer done
Event: 6.922 loading class sun/misc/FloatingDecimal$1
Event: 6.922 loading class sun/misc/FloatingDecimal$1 done
Event: 6.922 loading class sun/misc/FloatingDecimal$PreparedASCIIToBinaryBuffer
Event: 6.922 loading class sun/misc/FloatingDecimal$ASCIIToBinaryConverter
Event: 6.922 loading class sun/misc/FloatingDecimal$ASCIIToBinaryConverter done
Event: 6.922 loading class sun/misc/FloatingDecimal$PreparedASCIIToBinaryBuffer done
Event: 6.922 loading class sun/misc/FDBigInteger
Event: 6.922 loading class sun/misc/FDBigInteger done


Dynamic libraries:
0x00007ff7fce20000 - 0x00007ff7fce57000 	C:\Program Files\Java\jdk1.8.0_73\bin\java.exe
0x00007ff904170000 - 0x00007ff904319000 	C:\Windows\SYSTEM32\ntdll.dll
0x00007ff901a00000 - 0x00007ff901b3a000 	C:\Windows\system32\KERNEL32.DLL
0x00007ff901850000 - 0x00007ff90195f000 	C:\Windows\system32\KERNELBASE.dll
0x00007ff903cd0000 - 0x00007ff903d75000 	C:\Windows\system32\ADVAPI32.dll
0x00007ff903300000 - 0x00007ff903471000 	C:\Windows\system32\USER32.dll
0x00007ff8fef70000 - 0x00007ff8ff1ca000 	C:\Windows\WinSxS\amd64_microsoft.windows.common-controls_6595b64144ccf1df_6.0.9600.16384_none_62475f7becb72503\COMCTL32.dll
0x00007ff903240000 - 0x00007ff9032e7000 	C:\Windows\system32\msvcrt.dll
0x00007ff903a90000 - 0x00007ff903ae7000 	C:\Windows\SYSTEM32\sechost.dll
0x00007ff903100000 - 0x00007ff903236000 	C:\Windows\system32\RPCRT4.dll
0x00007ff9035c0000 - 0x00007ff903705000 	C:\Windows\system32\GDI32.dll
0x00007ff904130000 - 0x00007ff904164000 	C:\Windows\system32\IMM32.DLL
0x00007ff903480000 - 0x00007ff9035b9000 	C:\Windows\system32\MSCTF.dll
0x0000000050d20000 - 0x0000000050df2000 	C:\Program Files\Java\jdk1.8.0_73\jre\bin\msvcr100.dll
0x0000000051280000 - 0x0000000051b10000 	C:\Program Files\Java\jdk1.8.0_73\jre\bin\server\jvm.dll
0x00007ff8eedc0000 - 0x00007ff8eedc9000 	C:\Windows\SYSTEM32\WSOCK32.dll
0x00007ff8fd900000 - 0x00007ff8fd91f000 	C:\Windows\SYSTEM32\WINMM.dll
0x00007ff8ffe00000 - 0x00007ff8ffe0a000 	C:\Windows\SYSTEM32\VERSION.dll
0x00007ff9038e0000 - 0x00007ff9038e7000 	C:\Windows\system32\PSAPI.DLL
0x00007ff903710000 - 0x00007ff903768000 	C:\Windows\system32\WS2_32.dll
0x00007ff8fd8c0000 - 0x00007ff8fd8ea000 	C:\Windows\SYSTEM32\WINMMBASE.dll
0x00007ff904020000 - 0x00007ff904029000 	C:\Windows\system32\NSI.dll
0x00007ff901960000 - 0x00007ff9019aa000 	C:\Windows\SYSTEM32\cfgmgr32.dll
0x00007ff900370000 - 0x00007ff900396000 	C:\Windows\SYSTEM32\DEVOBJ.dll
0x0000000051190000 - 0x000000005119f000 	C:\Program Files\Java\jdk1.8.0_73\jre\bin\verify.dll
0x0000000051160000 - 0x0000000051189000 	C:\Program Files\Java\jdk1.8.0_73\jre\bin\java.dll
0x0000000051140000 - 0x0000000051156000 	C:\Program Files\Java\jdk1.8.0_73\jre\bin\zip.dll
0x00007ff901cf0000 - 0x00007ff9030fe000 	C:\Windows\system32\SHELL32.dll
0x00007ff903af0000 - 0x00007ff903cc7000 	C:\Windows\SYSTEM32\combase.dll
0x00007ff903de0000 - 0x00007ff903e31000 	C:\Windows\system32\SHLWAPI.dll
0x00007ff900050000 - 0x00007ff9000f1000 	C:\Windows\SYSTEM32\SHCORE.dll
0x00007ff9014f0000 - 0x00007ff901504000 	C:\Windows\SYSTEM32\profapi.dll

VM Arguments:
jvm_args: -Djava.awt.headless=true -Xmx1024M -Dfile.encoding=windows-1252 -Duser.country=ES -Duser.language=es -Duser.variant 
java_command: com.android.dx.command.Main --dex --force-jumbo --num-threads=4 --multi-dex --output C:\Users\ANDROID\AndroidStudioProjects\ListView04\app\build\intermediates\transforms\dex\debug\folders\1000\10\com.android.support-design-24.1.1_8b0167ecc253240cc9dd5af042289064cfd3b03e C:\Users\ANDROID\AndroidStudioProjects\ListView04\app\build\intermediates\exploded-aar\com.android.support\design\24.1.1\jars\classes.jar
java_class_path (initial): C:\Users\ANDROID\AppData\Local\Android\sdk\build-tools\24.0.1\lib\dx.jar
Launcher Type: SUN_STANDARD

Environment Variables:
PATH=C:\ProgramData\Oracle\Java\javapath;C:\Windows\system32;C:\Windows;C:\Windows\System32\Wbem;C:\Windows\System32\WindowsPowerShell\v1.0\
USERNAME=ANDROID
OS=Windows_NT
PROCESSOR_IDENTIFIER=Intel64 Family 6 Model 58 Stepping 9, GenuineIntel



---------------  S Y S T E M  ---------------

OS: Windows 8.1 , 64 bit Build 9600 (6.3.9600.16384)

CPU:total 8 (4 cores per cpu, 2 threads per core) family 6 model 58 stepping 9, cmov, cx8, fxsr, mmx, sse, sse2, sse3, ssse3, sse4.1, sse4.2, popcnt, avx, aes, clmul, erms, ht, tsc, tscinvbit, tscinv

Memory: 4k page, physical 8341960k(1319184k free), swap 8341960k(5652k free)

vm_info: Java HotSpot(TM) 64-Bit Server VM (25.73-b02) for windows-amd64 JRE (1.8.0_73-b02), built on Jan 29 2016 17:38:49 by "java_re" with MS VC++ 10.0 (VS2010)

time: Sat Aug 27 17:32:28 2016
elapsed time: 6 seconds (0d 0h 0m 6s)

