#
# There is insufficient memory for the Java Runtime Environment to continue.
# Native memory allocation (malloc) failed to allocate 32744 bytes for ChunkPool::allocate
# Possible reasons:
#   The system is out of physical RAM or swap space
#   In 32 bit mode, the process size limit was hit
# Possible solutions:
#   Reduce memory load on the system
#   Increase physical memory or swap space
#   Check if swap backing store is full
#   Use 64 bit Java on a 64 bit OS
#   Decrease Java heap size (-Xmx/-Xms)
#   Decrease number of Java threads
#   Decrease Java thread stack sizes (-Xss)
#   Set larger code cache with -XX:ReservedCodeCacheSize=
# This output file may be truncated or incomplete.
#
#  Out of Memory Error (allocation.cpp:273), pid=3596, tid=3480
#
# JRE version: Java(TM) SE Runtime Environment (8.0_73-b02) (build 1.8.0_73-b02)
# Java VM: Java HotSpot(TM) 64-Bit Server VM (25.73-b02 mixed mode windows-amd64 compressed oops)
# Failed to write core dump. Minidumps are not enabled by default on client versions of Windows
#

---------------  T H R E A D  ---------------

Current thread (0x0000000017226800):  JavaThread "C2 CompilerThread1" daemon [_thread_in_native, id=3480, stack(0x0000000017900000,0x0000000017a00000)]

Stack: [0x0000000017900000,0x0000000017a00000]
[error occurred during error reporting (printing stack bounds), id 0xc0000005]

Native frames: (J=compiled Java code, j=interpreted, Vv=VM code, C=native code)


Current CompileTask:
C2:    921 1089   !   4       com.android.dx.cf.code.BytecodeArray::parseInstruction (2764 bytes)


---------------  P R O C E S S  ---------------

Java Threads: ( => current thread )
  0x00000000174f4800 JavaThread "pool-2-thread-4" [_thread_in_Java, id=736, stack(0x0000000018400000,0x0000000018500000)]
  0x00000000174eb800 JavaThread "pool-2-thread-3" [_thread_in_Java, id=5248, stack(0x0000000018300000,0x0000000018400000)]
  0x00000000174ee800 JavaThread "pool-2-thread-2" [_thread_blocked, id=3592, stack(0x0000000018200000,0x0000000018300000)]
  0x0000000017522000 JavaThread "pool-3-thread-1" [_thread_blocked, id=4800, stack(0x0000000017f00000,0x0000000018000000)]
  0x0000000017521800 JavaThread "pool-2-thread-1" [_thread_blocked, id=5892, stack(0x0000000017e00000,0x0000000017f00000)]
  0x00000000172c8000 JavaThread "Service Thread" daemon [_thread_blocked, id=5308, stack(0x0000000017c00000,0x0000000017d00000)]
  0x000000001723b000 JavaThread "C1 CompilerThread3" daemon [_thread_in_native, id=4924, stack(0x0000000017b00000,0x0000000017c00000)]
  0x0000000017237000 JavaThread "C2 CompilerThread2" daemon [_thread_blocked, id=5532, stack(0x0000000017a00000,0x0000000017b00000)]
=>0x0000000017226800 JavaThread "C2 CompilerThread1" daemon [_thread_in_native, id=3480, stack(0x0000000017900000,0x0000000017a00000)]
  0x0000000017233800 JavaThread "C2 CompilerThread0" daemon [_thread_blocked, id=3976, stack(0x0000000017800000,0x0000000017900000)]
  0x0000000017231000 JavaThread "Attach Listener" daemon [_thread_blocked, id=1976, stack(0x0000000017700000,0x0000000017800000)]
  0x000000001722f800 JavaThread "Signal Dispatcher" daemon [_thread_blocked, id=2768, stack(0x0000000017600000,0x0000000017700000)]
  0x00000000025e9000 JavaThread "Finalizer" daemon [_thread_blocked, id=492, stack(0x0000000017000000,0x0000000017100000)]
  0x00000000025e2000 JavaThread "Reference Handler" daemon [_thread_blocked, id=1632, stack(0x0000000016f00000,0x0000000017000000)]
  0x00000000024f0800 JavaThread "main" [_thread_blocked, id=3844, stack(0x0000000002360000,0x0000000002460000)]

Other Threads:
  0x0000000015109000 VMThread [stack: 0x0000000016e00000,0x0000000016f00000] [id=5784]
  0x00000000172dd000 WatcherThread [stack: 0x0000000017d00000,0x0000000017e00000] [id=4996]

VM state:not at safepoint (normal execution)

VM Mutex/Monitor currently owned by a thread: None

Heap:
 PSYoungGen      total 38400K, used 7837K [0x00000000eab00000, 0x00000000ed580000, 0x0000000100000000)
  eden space 33280K, 8% used [0x00000000eab00000,0x00000000eadad600,0x00000000ecb80000)
  from space 5120K, 99% used [0x00000000ecb80000,0x00000000ed07a088,0x00000000ed080000)
  to   space 5120K, 0% used [0x00000000ed080000,0x00000000ed080000,0x00000000ed580000)
 ParOldGen       total 87552K, used 1426K [0x00000000c0000000, 0x00000000c5580000, 0x00000000eab00000)
  object space 87552K, 1% used [0x00000000c0000000,0x00000000c0164948,0x00000000c5580000)
 Metaspace       used 6029K, capacity 6960K, committed 7040K, reserved 1058816K
  class space    used 598K, capacity 616K, committed 640K, reserved 1048576K

Card table byte_map: [0x00000000119b0000,0x0000000011bc0000] byte_map_base: 0x00000000113b0000

Marking Bits: (ParMarkBitMap*) 0x0000000051a90600
 Begin Bits: [0x0000000012520000, 0x0000000013520000)
 End Bits:   [0x0000000013520000, 0x0000000014520000)

Polling page: 0x0000000000bd0000

CodeCache: size=245760Kb used=5112Kb max_used=5112Kb free=240648Kb
 bounds [0x00000000025f0000, 0x0000000002b00000, 0x00000000115f0000]
 total_blobs=1542 nmethods=1273 adapters=182
 compilation: enabled

Compilation events (10 events):
Event: 0.919 Thread 0x000000001723b000 nmethod 1276 0x0000000002aedc50 code [0x0000000002aede20, 0x0000000002aee698]
Event: 0.919 Thread 0x000000001723b000 1279       3       com.android.dx.rop.code.RegisterSpecList::make (17 bytes)
Event: 0.920 Thread 0x000000001723b000 nmethod 1279 0x0000000002aeeb90 code [0x0000000002aeed60, 0x0000000002aef628]
Event: 0.920 Thread 0x000000001723b000 1280       3       com.android.dx.ssa.back.FirstFitLocalCombiningAllocator::handleUnassociatedParameters (60 bytes)
Event: 0.920 Thread 0x000000001723b000 nmethod 1280 0x0000000002aefc50 code [0x0000000002aefe00, 0x0000000002af04b8]
Event: 0.920 Thread 0x000000001723b000 1274       3       com.android.dx.ssa.DeadCodeRemover::process (14 bytes)
Event: 0.920 Thread 0x000000001723b000 nmethod 1274 0x0000000002af0750 code [0x0000000002af08c0, 0x0000000002af0ab8]
Event: 0.920 Thread 0x000000001723b000 1275       3       com.android.dx.ssa.DeadCodeRemover::<init> (44 bytes)
Event: 0.921 Thread 0x000000001723b000 nmethod 1275 0x0000000002af0b90 code [0x0000000002af0d20, 0x0000000002af1118]
Event: 0.921 Thread 0x000000001723b000 1282       3       com.android.dx.rop.code.LocalVariableInfo::addAssignment (43 bytes)

GC Heap History (2 events):
Event: 0.898 GC heap before
{Heap before GC invocations=1 (full 0):
 PSYoungGen      total 38400K, used 33280K [0x00000000eab00000, 0x00000000ed580000, 0x0000000100000000)
  eden space 33280K, 100% used [0x00000000eab00000,0x00000000ecb80000,0x00000000ecb80000)
  from space 5120K, 0% used [0x00000000ed080000,0x00000000ed080000,0x00000000ed580000)
  to   space 5120K, 0% used [0x00000000ecb80000,0x00000000ecb80000,0x00000000ed080000)
 ParOldGen       total 87552K, used 0K [0x00000000c0000000, 0x00000000c5580000, 0x00000000eab00000)
  object space 87552K, 0% used [0x00000000c0000000,0x00000000c0000000,0x00000000c5580000)
 Metaspace       used 6010K, capacity 6960K, committed 7040K, reserved 1058816K
  class space    used 598K, capacity 616K, committed 640K, reserved 1048576K
Event: 0.905 GC heap after
Heap after GC invocations=1 (full 0):
 PSYoungGen      total 38400K, used 5096K [0x00000000eab00000, 0x00000000ed580000, 0x0000000100000000)
  eden space 33280K, 0% used [0x00000000eab00000,0x00000000eab00000,0x00000000ecb80000)
  from space 5120K, 99% used [0x00000000ecb80000,0x00000000ed07a088,0x00000000ed080000)
  to   space 5120K, 0% used [0x00000000ed080000,0x00000000ed080000,0x00000000ed580000)
 ParOldGen       total 87552K, used 1426K [0x00000000c0000000, 0x00000000c5580000, 0x00000000eab00000)
  object space 87552K, 1% used [0x00000000c0000000,0x00000000c0164948,0x00000000c5580000)
 Metaspace       used 6010K, capacity 6960K, committed 7040K, reserved 1058816K
  class space    used 598K, capacity 616K, committed 640K, reserved 1048576K
}

Deoptimization events (10 events):
Event: 0.622 Thread 0x00000000174eb800 Uncommon trap: reason=null_check action=make_not_entrant pc=0x00000000028b0c60 method=com.android.dx.rop.type.Type.equals(Ljava/lang/Object;)Z @ 8
Event: 0.694 Thread 0x00000000174ee800 Uncommon trap: reason=unstable_if action=reinterpret pc=0x00000000028f999c method=com.android.dx.rop.cst.Constant.compareTo(Lcom/android/dx/rop/cst/Constant;)I @ 12
Event: 0.761 Thread 0x0000000017521800 Uncommon trap: reason=unstable_if action=reinterpret pc=0x00000000028811f0 method=com.android.dx.rop.code.RegisterSpec.equals(ILcom/android/dx/rop/type/TypeBearer;Lcom/android/dx/rop/code/LocalItem;)Z @ 16
Event: 0.765 Thread 0x00000000174eb800 Uncommon trap: reason=unstable_if action=reinterpret pc=0x00000000028b1b50 method=com.android.dx.rop.code.RegisterSpec.equals(ILcom/android/dx/rop/type/TypeBearer;Lcom/android/dx/rop/code/LocalItem;)Z @ 42
Event: 0.835 Thread 0x0000000017521800 Uncommon trap: reason=bimorphic action=maybe_recompile pc=0x0000000002a57310 method=java.util.HashMap.getNode(ILjava/lang/Object;)Ljava/util/HashMap$Node; @ 126
Event: 0.835 Thread 0x0000000017521800 Uncommon trap: reason=class_check action=maybe_recompile pc=0x00000000029e8b18 method=java.util.HashMap.putVal(ILjava/lang/Object;Ljava/lang/Object;ZZ)Ljava/lang/Object; @ 203
Event: 0.856 Thread 0x00000000024f0800 Uncommon trap: reason=bimorphic action=maybe_recompile pc=0x0000000002a57310 method=java.util.HashMap.getNode(ILjava/lang/Object;)Ljava/util/HashMap$Node; @ 126
Event: 0.856 Thread 0x00000000024f0800 Uncommon trap: reason=class_check action=maybe_recompile pc=0x00000000029e8b18 method=java.util.HashMap.putVal(ILjava/lang/Object;Ljava/lang/Object;ZZ)Ljava/lang/Object; @ 203
Event: 0.911 Thread 0x00000000174eb800 Uncommon trap: reason=unstable_if action=reinterpret pc=0x000000000291d66c method=com.android.dx.rop.code.RegisterSpecSet.put(Lcom/android/dx/rop/code/RegisterSpec;)V @ 77
Event: 0.911 Thread 0x00000000174eb800 Uncommon trap: reason=unstable_if action=reinterpret pc=0x0000000002936360 method=com.android.dx.rop.code.RegisterSpecSet.put(Lcom/android/dx/rop/code/RegisterSpec;)V @ 77

Internal exceptions (3 events):
Event: 0.074 Thread 0x00000000024f0800 Exception <a 'java/lang/NoSuchMethodError': Method sun.misc.Unsafe.defineClass(Ljava/lang/String;[BII)Ljava/lang/Class; name or signature does not match> (0x00000000eab0d308) thrown at [D:\re\puppet\workspace\8-2-build-windows-amd64-cygwin\jdk8u73\6086\hotúíá—ü²?
Event: 0.074 Thread 0x00000000024f0800 Exception <a 'java/lang/NoSuchMethodError': Method sun.misc.Unsafe.prefetchRead(Ljava/lang/Object;J)V name or signature does not match> (0x00000000eab0d5f0) thrown at [D:\re\puppet\workspace\8-2-build-windows-amd64-cygwin\jdk8u73\6086\hotspot\src\share\vm\á$Ò<¢êã?
Event: 0.622 Thread 0x00000000174eb800 Implicit null exception at 0x00000000028b0b62 to 0x00000000028b0c52

Events (10 events):
Event: 0.856 Thread 0x00000000024f0800 DEOPT PACKING pc=0x00000000029e8b18 sp=0x000000000245e730
Event: 0.856 Thread 0x00000000024f0800 DEOPT UNPACKING pc=0x000000000263582a sp=0x000000000245e658 mode 2
Event: 0.886 Executing VM operation: ParallelGCFailedAllocation
Event: 0.905 Executing VM operation: ParallelGCFailedAllocation done
Event: 0.911 Thread 0x00000000174eb800 Uncommon trap: trap_request=0xffffff65 fr.pc=0x000000000291d66c
Event: 0.911 Thread 0x00000000174eb800 DEOPT PACKING pc=0x000000000291d66c sp=0x00000000183feb70
Event: 0.911 Thread 0x00000000174eb800 DEOPT UNPACKING pc=0x000000000263582a sp=0x00000000183feaf8 mode 2
Event: 0.911 Thread 0x00000000174eb800 Uncommon trap: trap_request=0xffffff65 fr.pc=0x0000000002936360
Event: 0.911 Thread 0x00000000174eb800 DEOPT PACKING pc=0x0000000002936360 sp=0x00000000183feb60
Event: 0.911 Thread 0x00000000174eb800 DEOPT UNPACKING pc=0x000000000263582a sp=0x00000000183fea80 mode 2


Dynamic libraries:
0x00007ff7fce20000 - 0x00007ff7fce57000 	C:\Program Files\Java\jdk1.8.0_73\bin\java.exe
0x00007ff904170000 - 0x00007ff904319000 	C:\Windows\SYSTEM32\ntdll.dll
0x00007ff901a00000 - 0x00007ff901b3a000 	C:\Windows\system32\KERNEL32.DLL
0x00007ff901850000 - 0x00007ff90195f000 	C:\Windows\system32\KERNELBASE.dll
0x00007ff903cd0000 - 0x00007ff903d75000 	C:\Windows\system32\ADVAPI32.dll
0x00007ff903300000 - 0x00007ff903471000 	C:\Windows\system32\USER32.dll
0x00007ff8fef70000 - 0x00007ff8ff1ca000 	C:\Windows\WinSxS\amd64_microsoft.windows.common-controls_6595b64144ccf1df_6.0.9600.16384_none_62475f7becb72503\COMCTL32.dll
0x00007ff903240000 - 0x00007ff9032e7000 	C:\Windows\system32\msvcrt.dll
0x00007ff903a90000 - 0x00007ff903ae7000 	C:\Windows\SYSTEM32\sechost.dll
0x00007ff903100000 - 0x00007ff903236000 	C:\Windows\system32\RPCRT4.dll
0x00007ff9035c0000 - 0x00007ff903705000 	C:\Windows\system32\GDI32.dll
0x00007ff904130000 - 0x00007ff904164000 	C:\Windows\system32\IMM32.DLL
0x00007ff903480000 - 0x00007ff9035b9000 	C:\Windows\system32\MSCTF.dll
0x0000000050d20000 - 0x0000000050df2000 	C:\Program Files\Java\jdk1.8.0_73\jre\bin\msvcr100.dll
0x0000000051280000 - 0x0000000051b10000 	C:\Program Files\Java\jdk1.8.0_73\jre\bin\server\jvm.dll
0x00007ff8eedc0000 - 0x00007ff8eedc9000 	C:\Windows\SYSTEM32\WSOCK32.dll
0x00007ff8fd900000 - 0x00007ff8fd91f000 	C:\Windows\SYSTEM32\WINMM.dll
0x00007ff8ffe00000 - 0x00007ff8ffe0a000 	C:\Windows\SYSTEM32\VERSION.dll
0x00007ff9038e0000 - 0x00007ff9038e7000 	C:\Windows\system32\PSAPI.DLL
0x00007ff903710000 - 0x00007ff903768000 	C:\Windows\system32\WS2_32.dll
0x00007ff8fd8c0000 - 0x00007ff8fd8ea000 	C:\Windows\SYSTEM32\WINMMBASE.dll
0x00007ff904020000 - 0x00007ff904029000 	C:\Windows\system32\NSI.dll
0x00007ff901960000 - 0x00007ff9019aa000 	C:\Windows\SYSTEM32\cfgmgr32.dll
0x00007ff900370000 - 0x00007ff900396000 	C:\Windows\SYSTEM32\DEVOBJ.dll
0x0000000051190000 - 0x000000005119f000 	C:\Program Files\Java\jdk1.8.0_73\jre\bin\verify.dll
0x0000000051160000 - 0x0000000051189000 	C:\Program Files\Java\jdk1.8.0_73\jre\bin\java.dll
0x0000000051140000 - 0x0000000051156000 	C:\Program Files\Java\jdk1.8.0_73\jre\bin\zip.dll
0x00007ff901cf0000 - 0x00007ff9030fe000 	C:\Windows\system32\SHELL32.dll
0x00007ff903af0000 - 0x00007ff903cc7000 	C:\Windows\SYSTEM32\combase.dll
0x00007ff903de0000 - 0x00007ff903e31000 	C:\Windows\system32\SHLWAPI.dll
0x00007ff900050000 - 0x00007ff9000f1000 	C:\Windows\SYSTEM32\SHCORE.dll
0x00007ff9014f0000 - 0x00007ff901504000 	C:\Windows\SYSTEM32\profapi.dll

VM Arguments:
jvm_args: -Djava.awt.headless=true -Xmx1024M -Dfile.encoding=windows-1252 -Duser.country=ES -Duser.language=es -Duser.variant 
java_command: com.android.dx.command.Main --dex --force-jumbo --num-threads=4 --multi-dex --output C:\Users\ANDROID\AndroidStudioProjects\ListView04\app\build\intermediates\transforms\dex\debug\folders\1000\10\com.android.support-recyclerview-v7-24.1.1_2c6bc09433282e79f2db2ffdec0c70d7a7679546 C:\Users\ANDROID\AndroidStudioProjects\ListView04\app\build\intermediates\exploded-aar\com.android.support\recyclerview-v7\24.1.1\jars\classes.jar
java_class_path (initial): C:\Users\ANDROID\AppData\Local\Android\sdk\build-tools\24.0.1\lib\dx.jar
Launcher Type: SUN_STANDARD

Environment Variables:
PATH=C:\ProgramData\Oracle\Java\javapath;C:\Windows\system32;C:\Windows;C:\Windows\System32\Wbem;C:\Windows\System32\WindowsPowerShell\v1.0\
USERNAME=ANDROID
OS=Windows_NT
PROCESSOR_IDENTIFIER=Intel64 Family 6 Model 58 Stepping 9, GenuineIntel



---------------  S Y S T E M  ---------------

OS: Windows 8.1 , 64 bit Build 9600 (6.3.9600.16384)

CPU:total 8 (4 cores per cpu, 2 threads per core) family 6 model 58 stepping 9, cmov, cx8, fxsr, mmx, sse, sse2, sse3, ssse3, sse4.1, sse4.2, popcnt, avx, aes, clmul, erms, ht, tsc, tscinvbit, tscinv

Memory: 4k page, physical 8341960k(1361968k free), swap 8341960k(5108k free)

vm_info: Java HotSpot(TM) 64-Bit Server VM (25.73-b02) for windows-amd64 JRE (1.8.0_73-b02), built on Jan 29 2016 17:38:49 by "java_re" with MS VC++ 10.0 (VS2010)

time: Sat Aug 27 17:30:04 2016
elapsed time: 0 seconds (0d 0h 0m 0s)

