#
# There is insufficient memory for the Java Runtime Environment to continue.
# Native memory allocation (malloc) failed to allocate 1044416 bytes for Chunk::new
# Possible reasons:
#   The system is out of physical RAM or swap space
#   In 32 bit mode, the process size limit was hit
# Possible solutions:
#   Reduce memory load on the system
#   Increase physical memory or swap space
#   Check if swap backing store is full
#   Use 64 bit Java on a 64 bit OS
#   Decrease Java heap size (-Xmx/-Xms)
#   Decrease number of Java threads
#   Decrease Java thread stack sizes (-Xss)
#   Set larger code cache with -XX:ReservedCodeCacheSize=
# This output file may be truncated or incomplete.
#
#  Out of Memory Error (allocation.cpp:390), pid=3348, tid=4308
#
# JRE version: Java(TM) SE Runtime Environment (8.0_73-b02) (build 1.8.0_73-b02)
# Java VM: Java HotSpot(TM) 64-Bit Server VM (25.73-b02 mixed mode windows-amd64 compressed oops)
# Failed to write core dump. Minidumps are not enabled by default on client versions of Windows
#

---------------  T H R E A D  ---------------

Current thread (0x0000000017936800):  JavaThread "C2 CompilerThread0" daemon [_thread_in_native, id=4308, stack(0x0000000017f10000,0x0000000018010000)]

Stack: [0x0000000017f10000,0x0000000018010000]
[error occurred during error reporting (printing stack bounds), id 0xc0000005]

Native frames: (J=compiled Java code, j=interpreted, Vv=VM code, C=native code)


Current CompileTask:
C2:   4399 1887       4       com.android.dx.ssa.SsaConverter::placePhiFunctions (394 bytes)


---------------  P R O C E S S  ---------------

Java Threads: ( => current thread )
  0x0000000017c2c000 JavaThread "pool-2-thread-4" [_thread_blocked, id=4684, stack(0x0000000019110000,0x0000000019210000)]
  0x0000000017c8a800 JavaThread "pool-2-thread-3" [_thread_blocked, id=2988, stack(0x0000000019010000,0x0000000019110000)]
  0x0000000017c85800 JavaThread "pool-2-thread-2" [_thread_in_Java, id=5988, stack(0x0000000018f10000,0x0000000019010000)]
  0x0000000017c0b000 JavaThread "pool-3-thread-1" [_thread_blocked, id=4312, stack(0x0000000018e10000,0x0000000018f10000)]
  0x0000000017c0a800 JavaThread "pool-2-thread-1" [_thread_in_Java, id=2372, stack(0x0000000018d10000,0x0000000018e10000)]
  0x00000000179e1800 JavaThread "Service Thread" daemon [_thread_blocked, id=5212, stack(0x0000000018310000,0x0000000018410000)]
  0x00000000179aa000 JavaThread "C1 CompilerThread3" daemon [_thread_blocked, id=3784, stack(0x0000000018210000,0x0000000018310000)]
  0x0000000017987800 JavaThread "C2 CompilerThread2" daemon [_thread_in_native, id=5616, stack(0x0000000018110000,0x0000000018210000)]
  0x0000000017944000 JavaThread "C2 CompilerThread1" daemon [_thread_in_native, id=2436, stack(0x0000000018010000,0x0000000018110000)]
=>0x0000000017936800 JavaThread "C2 CompilerThread0" daemon [_thread_in_native, id=4308, stack(0x0000000017f10000,0x0000000018010000)]
  0x0000000017934800 JavaThread "Attach Listener" daemon [_thread_blocked, id=3720, stack(0x0000000017e10000,0x0000000017f10000)]
  0x0000000017933800 JavaThread "Signal Dispatcher" daemon [_thread_blocked, id=5284, stack(0x0000000017d10000,0x0000000017e10000)]
  0x0000000002d1a000 JavaThread "Finalizer" daemon [_thread_blocked, id=5816, stack(0x0000000017710000,0x0000000017810000)]
  0x0000000002d13000 JavaThread "Reference Handler" daemon [_thread_blocked, id=1500, stack(0x0000000017610000,0x0000000017710000)]
  0x0000000002c20800 JavaThread "main" [_thread_blocked, id=5808, stack(0x0000000002a80000,0x0000000002b80000)]

Other Threads:
  0x0000000015839800 VMThread [stack: 0x0000000017510000,0x0000000017610000] [id=5744]
  0x00000000179e6000 WatcherThread [stack: 0x0000000018410000,0x0000000018510000] [id=3996]

VM state:not at safepoint (normal execution)

VM Mutex/Monitor currently owned by a thread: None

Heap:
 PSYoungGen      total 71680K, used 11860K [0x00000000eab00000, 0x00000000ef600000, 0x0000000100000000)
  eden space 66560K, 10% used [0x00000000eab00000,0x00000000eb19c2d8,0x00000000eec00000)
  from space 5120K, 99% used [0x00000000eec00000,0x00000000ef0f90a8,0x00000000ef100000)
  to   space 5120K, 0% used [0x00000000ef100000,0x00000000ef100000,0x00000000ef600000)
 ParOldGen       total 87552K, used 15702K [0x00000000c0000000, 0x00000000c5580000, 0x00000000eab00000)
  object space 87552K, 17% used [0x00000000c0000000,0x00000000c0f559b8,0x00000000c5580000)
 Metaspace       used 6264K, capacity 7152K, committed 7296K, reserved 1056768K
  class space    used 603K, capacity 616K, committed 640K, reserved 1048576K

Card table byte_map: [0x00000000120e0000,0x00000000122f0000] byte_map_base: 0x0000000011ae0000

Marking Bits: (ParMarkBitMap*) 0x0000000051a90600
 Begin Bits: [0x0000000012c50000, 0x0000000013c50000)
 End Bits:   [0x0000000013c50000, 0x0000000014c50000)

Polling page: 0x0000000001270000

CodeCache: size=245760Kb used=8815Kb max_used=8815Kb free=236944Kb
 bounds [0x0000000002d20000, 0x00000000035d0000, 0x0000000011d20000]
 total_blobs=2110 nmethods=1838 adapters=182
 compilation: enabled

Compilation events (10 events):
Event: 4.393 Thread 0x0000000017987800 nmethod 1888 0x00000000035b8010 code [0x00000000035b8220, 0x00000000035b93c8]
Event: 4.393 Thread 0x00000000179aa000 nmethod 1921 0x00000000035a32d0 code [0x00000000035a3420, 0x00000000035a35b0]
Event: 4.393 Thread 0x0000000017987800 1911       4       java.util.HashMap::putVal (300 bytes)
Event: 4.395 Thread 0x00000000179aa000 1922       3       com.android.dx.util.ByteArray::getByte (14 bytes)
Event: 4.395 Thread 0x00000000179aa000 nmethod 1922 0x00000000035a2dd0 code [0x00000000035a2f40, 0x00000000035a3188]
Event: 4.397 Thread 0x00000000179aa000 1923       3       java.util.concurrent.locks.AbstractQueuedSynchronizer::shouldParkAfterFailedAcquire (50 bytes)
Event: 4.397 Thread 0x00000000179aa000 nmethod 1923 0x00000000035a2090 code [0x00000000035a2200, 0x00000000035a2530]
Event: 4.397 Thread 0x00000000179aa000 1924       3       java.util.concurrent.ThreadPoolExecutor::afterExecute (1 bytes)
Event: 4.397 Thread 0x00000000179aa000 nmethod 1924 0x00000000035b7710 code [0x00000000035b7860, 0x00000000035b79b0]
Event: 4.397 Thread 0x00000000179aa000 1925   !   3       java.util.concurrent.ThreadPoolExecutor::getTask (179 bytes)

GC Heap History (6 events):
Event: 1.411 GC heap before
{Heap before GC invocations=1 (full 0):
 PSYoungGen      total 38400K, used 33280K [0x00000000eab00000, 0x00000000ed580000, 0x0000000100000000)
  eden space 33280K, 100% used [0x00000000eab00000,0x00000000ecb80000,0x00000000ecb80000)
  from space 5120K, 0% used [0x00000000ed080000,0x00000000ed080000,0x00000000ed580000)
  to   space 5120K, 0% used [0x00000000ecb80000,0x00000000ecb80000,0x00000000ed080000)
 ParOldGen       total 87552K, used 0K [0x00000000c0000000, 0x00000000c5580000, 0x00000000eab00000)
  object space 87552K, 0% used [0x00000000c0000000,0x00000000c0000000,0x00000000c5580000)
 Metaspace       used 5980K, capacity 6896K, committed 7040K, reserved 1056768K
  class space    used 601K, capacity 616K, committed 640K, reserved 1048576K
Event: 1.445 GC heap after
Heap after GC invocations=1 (full 0):
 PSYoungGen      total 38400K, used 5110K [0x00000000eab00000, 0x00000000ef600000, 0x0000000100000000)
  eden space 33280K, 0% used [0x00000000eab00000,0x00000000eab00000,0x00000000ecb80000)
  from space 5120K, 99% used [0x00000000ecb80000,0x00000000ed07dae0,0x00000000ed080000)
  to   space 5120K, 0% used [0x00000000ef100000,0x00000000ef100000,0x00000000ef600000)
 ParOldGen       total 87552K, used 1250K [0x00000000c0000000, 0x00000000c5580000, 0x00000000eab00000)
  object space 87552K, 1% used [0x00000000c0000000,0x00000000c01388d0,0x00000000c5580000)
 Metaspace       used 5980K, capacity 6896K, committed 7040K, reserved 1056768K
  class space    used 601K, capacity 616K, committed 640K, reserved 1048576K
}
Event: 2.061 GC heap before
{Heap before GC invocations=2 (full 0):
 PSYoungGen      total 38400K, used 38390K [0x00000000eab00000, 0x00000000ef600000, 0x0000000100000000)
  eden space 33280K, 100% used [0x00000000eab00000,0x00000000ecb80000,0x00000000ecb80000)
  from space 5120K, 99% used [0x00000000ecb80000,0x00000000ed07dae0,0x00000000ed080000)
  to   space 5120K, 0% used [0x00000000ef100000,0x00000000ef100000,0x00000000ef600000)
 ParOldGen       total 87552K, used 1250K [0x00000000c0000000, 0x00000000c5580000, 0x00000000eab00000)
  object space 87552K, 1% used [0x00000000c0000000,0x00000000c01388d0,0x00000000c5580000)
 Metaspace       used 6165K, capacity 7088K, committed 7296K, reserved 1056768K
  class space    used 603K, capacity 616K, committed 640K, reserved 1048576K
Event: 2.155 GC heap after
Heap after GC invocations=2 (full 0):
 PSYoungGen      total 71680K, used 5096K [0x00000000eab00000, 0x00000000ef600000, 0x0000000100000000)
  eden space 66560K, 0% used [0x00000000eab00000,0x00000000eab00000,0x00000000eec00000)
  from space 5120K, 99% used [0x00000000ef100000,0x00000000ef5fa068,0x00000000ef600000)
  to   space 5120K, 0% used [0x00000000eec00000,0x00000000eec00000,0x00000000ef100000)
 ParOldGen       total 87552K, used 5697K [0x00000000c0000000, 0x00000000c5580000, 0x00000000eab00000)
  object space 87552K, 6% used [0x00000000c0000000,0x00000000c05906c0,0x00000000c5580000)
 Metaspace       used 6165K, capacity 7088K, committed 7296K, reserved 1056768K
  class space    used 603K, capacity 616K, committed 640K, reserved 1048576K
}
Event: 4.357 GC heap before
{Heap before GC invocations=3 (full 0):
 PSYoungGen      total 71680K, used 71656K [0x00000000eab00000, 0x00000000ef600000, 0x0000000100000000)
  eden space 66560K, 100% used [0x00000000eab00000,0x00000000eec00000,0x00000000eec00000)
  from space 5120K, 99% used [0x00000000ef100000,0x00000000ef5fa068,0x00000000ef600000)
  to   space 5120K, 0% used [0x00000000eec00000,0x00000000eec00000,0x00000000ef100000)
 ParOldGen       total 87552K, used 5697K [0x00000000c0000000, 0x00000000c5580000, 0x00000000eab00000)
  object space 87552K, 6% used [0x00000000c0000000,0x00000000c05906c0,0x00000000c5580000)
 Metaspace       used 6260K, capacity 7152K, committed 7296K, reserved 1056768K
  class space    used 603K, capacity 616K, committed 640K, reserved 1048576K
Event: 4.387 GC heap after
Heap after GC invocations=3 (full 0):
 PSYoungGen      total 71680K, used 5092K [0x00000000eab00000, 0x00000000ef600000, 0x0000000100000000)
  eden space 66560K, 0% used [0x00000000eab00000,0x00000000eab00000,0x00000000eec00000)
  from space 5120K, 99% used [0x00000000eec00000,0x00000000ef0f90a8,0x00000000ef100000)
  to   space 5120K, 0% used [0x00000000ef100000,0x00000000ef100000,0x00000000ef600000)
 ParOldGen       total 87552K, used 15702K [0x00000000c0000000, 0x00000000c5580000, 0x00000000eab00000)
  object space 87552K, 17% used [0x00000000c0000000,0x00000000c0f559b8,0x00000000c5580000)
 Metaspace       used 6260K, capacity 7152K, committed 7296K, reserved 1056768K
  class space    used 603K, capacity 616K, committed 640K, reserved 1048576K
}

Deoptimization events (10 events):
Event: 2.250 Thread 0x0000000017c8a800 Uncommon trap: reason=class_check action=maybe_recompile pc=0x00000000030c3c50 method=java.util.HashMap.putVal(ILjava/lang/Object;Ljava/lang/Object;ZZ)Ljava/lang/Object; @ 203
Event: 2.305 Thread 0x0000000017c85800 Uncommon trap: reason=unstable_if action=reinterpret pc=0x0000000003376354 method=com.android.dx.cf.code.ByteCatchList.listFor(I)Lcom/android/dx/cf/code/ByteCatchList; @ 19
Event: 2.651 Thread 0x0000000017c8a800 Uncommon trap: reason=unstable_if action=reinterpret pc=0x00000000034128f0 method=com.android.dx.cf.code.RopperMachine.run(Lcom/android/dx/cf/code/Frame;II)V @ 1500
Event: 2.661 Thread 0x0000000002c20800 Uncommon trap: reason=unloaded action=reinterpret pc=0x00000000033826f4 method=com.android.dx.cf.cst.ConstantPoolParser.parse0(ILjava/util/BitSet;)Lcom/android/dx/rop/cst/Constant; @ 220
Event: 2.664 Thread 0x0000000002c20800 Uncommon trap: reason=unstable_if action=reinterpret pc=0x00000000032b645c method=com.android.dx.ssa.SCCP.simulateStmt(Lcom/android/dx/ssa/SsaInsn;)V @ 59
Event: 2.700 Thread 0x0000000017c85800 Uncommon trap: reason=null_check action=make_not_entrant pc=0x00000000030e3124 method=com.android.dx.ssa.SsaRenamer.getLocalForNewReg(I)Lcom/android/dx/rop/code/LocalItem; @ 19
Event: 4.039 Thread 0x0000000017c0a800 Uncommon trap: reason=unstable_if action=reinterpret pc=0x00000000034c5114 method=com.android.dx.rop.code.LocalItem.compareHandlesNulls(Lcom/android/dx/rop/cst/CstString;Lcom/android/dx/rop/cst/CstString;)I @ 14
Event: 4.039 Thread 0x0000000017c0a800 Uncommon trap: reason=unstable_if action=reinterpret pc=0x00000000033a72e8 method=com.android.dx.rop.code.LocalItem.compareHandlesNulls(Lcom/android/dx/rop/cst/CstString;Lcom/android/dx/rop/cst/CstString;)I @ 14
Event: 4.039 Thread 0x0000000017c0a800 Uncommon trap: reason=unstable_if action=reinterpret pc=0x00000000033b7ec0 method=com.android.dx.rop.code.LocalItem.compareHandlesNulls(Lcom/android/dx/rop/cst/CstString;Lcom/android/dx/rop/cst/CstString;)I @ 8
Event: 4.039 Thread 0x0000000017c0a800 Uncommon trap: reason=unstable_if action=reinterpret pc=0x0000000003492820 method=com.android.dx.rop.code.LocalItem.compareHandlesNulls(Lcom/android/dx/rop/cst/CstString;Lcom/android/dx/rop/cst/CstString;)I @ 14

Internal exceptions (9 events):
Event: 0.034 Thread 0x0000000002c20800 Exception <a 'java/lang/NoSuchMethodError': Method sun.misc.Unsafe.defineClass(Ljava/lang/String;[BII)Ljava/lang/Class; name or signature does not match> (0x00000000eab0d2e0) thrown at [D:\re\puppet\workspace\8-2-build-windows-amd64-cygwin\jdk8u73\6086\hot]ÖPË¢•¡?
Event: 0.034 Thread 0x0000000002c20800 Exception <a 'java/lang/NoSuchMethodError': Method sun.misc.Unsafe.prefetchRead(Ljava/lang/Object;J)V name or signature does not match> (0x00000000eab0d5c8) thrown at [D:\re\puppet\workspace\8-2-build-windows-amd64-cygwin\jdk8u73\6086\hotspot\src\share\vm\ ß•œ¤œõ?
Event: 1.351 Thread 0x0000000002c20800 Implicit null exception at 0x000000000314fd53 to 0x0000000003151be5
Event: 1.458 Thread 0x0000000017c85800 Implicit null exception at 0x00000000031eff22 to 0x00000000031f0012
Event: 2.700 Thread 0x0000000017c85800 Implicit null exception at 0x00000000030e12e8 to 0x00000000030e3105
Event: 4.038 Thread 0x0000000017c0a800 Implicit null exception at 0x00000000034c2ed8 to 0x00000000034c5099
Event: 4.039 Thread 0x0000000017c0a800 Implicit null exception at 0x00000000033a6052 to 0x00000000033a72ad
Event: 4.039 Thread 0x0000000017c0a800 Implicit null exception at 0x00000000033b6883 to 0x00000000033b7e91
Event: 4.039 Thread 0x0000000017c0a800 Implicit null exception at 0x0000000003490d43 to 0x00000000034927cd

Events (10 events):
Event: 4.039 Thread 0x0000000017c0a800 DEOPT UNPACKING pc=0x0000000002d6582a sp=0x0000000018e0e0c8 mode 2
Event: 4.039 Thread 0x0000000017c0a800 DEOPT PACKING pc=0x000000000312551f sp=0x0000000018e0e340
Event: 4.039 Thread 0x0000000017c0a800 DEOPT UNPACKING pc=0x0000000002d6787f sp=0x0000000018e0e150 mode 0
Event: 4.039 Thread 0x0000000017c0a800 Uncommon trap: trap_request=0xffffff65 fr.pc=0x0000000003492820
Event: 4.039 Thread 0x0000000017c0a800 DEOPT PACKING pc=0x0000000003492820 sp=0x0000000018e0e5a0
Event: 4.039 Thread 0x0000000017c0a800 DEOPT UNPACKING pc=0x0000000002d6582a sp=0x0000000018e0e3d0 mode 2
Event: 4.138 Executing VM operation: EnableBiasedLocking
Event: 4.203 Executing VM operation: EnableBiasedLocking done
Event: 4.250 Executing VM operation: ParallelGCFailedAllocation
Event: 4.387 Executing VM operation: ParallelGCFailedAllocation done


Dynamic libraries:
0x00007ff7fce20000 - 0x00007ff7fce57000 	C:\Program Files\Java\jdk1.8.0_73\bin\java.exe
0x00007ff904170000 - 0x00007ff904319000 	C:\Windows\SYSTEM32\ntdll.dll
0x00007ff901a00000 - 0x00007ff901b3a000 	C:\Windows\system32\KERNEL32.DLL
0x00007ff901850000 - 0x00007ff90195f000 	C:\Program Files\Java\jdk1.8.0_73\jre\bin\verify.dll
0x00007ff903cd0000 - 0x00007ff903d75000 	C:\Windows\system32\ADVAPI32.dll
0x00007ff903300000 - 0x00007ff903471000 	C:\Windows\system32\USER32.dll
0x00007ff8fef70000 - 0x00007ff8ff1ca000 	C:\Windows\WinSxS\amd64_microsoft.windows.common-controls_6595b64144ccf1df_6.0.9600.16384_none_62475f7becb72503\COMCTL32.dll
0x00007ff903240000 - 0x00007ff9032e7000 	C:\Windows\system32\USER32.dll
0x00007ff903a90000 - 0x00007ff903ae7000 	C:\Windows\SYSTEM32\sechost.dll
0x00007ff903100000 - 0x00007ff903236000 	C:\Windows\SYSTEM32\sechost.dll
0x00007ff9035c0000 - 0x00007ff903705000 	C:\Windows\system32\GDI32.dll
0x00007ff904130000 - 0x00007ff904164000 	C:\Windows\system32\MSCTF.dll
0x00007ff903480000 - 0x00007ff9035b9000 	C:\Windows\system32\MSCTF.dll
0x0000000050d20000 - 0x0000000050df2000 	C:\Windows\SYSTEM32\WSOCK32.dll
0x0000000051280000 - 0x0000000051b10000 	C:\Program Files\Java\jdk1.8.0_73\jre\bin\server\jvm.dll
0x00007ff8eedc0000 - 0x00007ff8eedc9000 	C:\Windows\SYSTEM32\WSOCK32.dll
0x00007ff8fd900000 - 0x00007ff8fd91f000 	C:\Windows\SYSTEM32\WINMMBASE.dll
0x00007ff8ffe00000 - 0x00007ff8ffe0a000 	C:\Windows\SYSTEM32\VERSION.dll
0x00007ff9038e0000 - 0x00007ff9038e7000 	C:\Windows\SYSTEM32\DEVOBJ.dll
0x00007ff903710000 - 0x00007ff903768000 	C:\Program Files\Java\jdk1.8.0_73\jre\bin\verify.dll
0x00007ff8fd8c0000 - 0x00007ff8fd8ea000 	C:\Windows\SYSTEM32\WINMMBASE.dll
0x00007ff904020000 - 0x00007ff904029000 	C:\Windows\system32\NSI.dll
0x00007ff901960000 - 0x00007ff9019aa000 	C:\Windows\SYSTEM32\cfgmgr32.dll
0x00007ff900370000 - 0x00007ff900396000 	C:\Windows\SYSTEM32\DEVOBJ.dll
0x0000000051190000 - 0x000000005119f000 	C:\Program Files\Java\jdk1.8.0_73\jre\bin\verify.dll
0x0000000051160000 - 0x0000000051189000 	C:\Program Files\Java\jdk1.8.0_73\jre\bin\java.dll
0x0000000051140000 - 0x0000000051156000 	C:\Program Files\Java\jdk1.8.0_73\jre\bin\zip.dll
0x00007ff901cf0000 - 0x00007ff9030fe000 	C:\Windows\system32\SHELL32.dll
0x00007ff903af0000 - 0x00007ff903cc7000 	C:\Windows\SYSTEM32\combase.dll
0x00007ff903de0000 - 0x00007ff903e31000 	C:\Windows\system32\SHLWAPI.dll
0x00007ff900050000 - 0x00007ff9000f1000 	C:\Windows\SYSTEM32\SHCORE.dll
0x00007ff9014f0000 - 0x00007ff901504000 	C:\Windows\SYSTEM32\profapi.dll

VM Arguments:
jvm_args: -Djava.awt.headless=true -Xmx1024M -Dfile.encoding=windows-1252 -Duser.country=ES -Duser.language=es -Duser.variant 
java_command: com.android.dx.command.Main --dex --force-jumbo --num-threads=4 --multi-dex --output C:\Users\ANDROID\AndroidStudioProjects\ListView04\app\build\intermediates\transforms\dex\debug\folders\1000\10\com.android.support-design-24.1.1_8b0167ecc253240cc9dd5af042289064cfd3b03e C:\Users\ANDROID\AndroidStudioProjects\ListView04\app\build\intermediates\exploded-aar\com.android.support\design\24.1.1\jars\classes.jar
java_class_path (initial): C:\Users\ANDROID\AppData\Local\Android\sdk\build-tools\24.0.1\lib\dx.jar
Launcher Type: SUN_STANDARD

Environment Variables:
PATH=C:\ProgramData\Oracle\Java\javapath;C:\Windows\system32;C:\Windows;C:\Windows\System32\Wbem;C:\Windows\System32\WindowsPowerShell\v1.0\
USERNAME=ANDROID
OS=Windows_NT
PROCESSOR_IDENTIFIER=Intel64 Family 6 Model 58 Stepping 9, GenuineIntel



---------------  S Y S T E M  ---------------

OS: Windows 8.1 , 64 bit Build 9600 (6.3.9600.16384)

CPU:total 8 (4 cores per cpu, 2 threads per core) family 6 model 58 stepping 9, cmov, cx8, fxsr, mmx, sse, sse2, sse3, ssse3, sse4.1, sse4.2, popcnt, avx, aes, clmul, erms, ht, tsc, tscinvbit, tscinv

Memory: 4k page, physical 8341960k(1281196k free), swap 8341960k(5160k free)

vm_info: Java HotSpot(TM) 64-Bit Server VM (25.73-b02) for windows-amd64 JRE (1.8.0_73-b02), built on Jan 29 2016 17:38:49 by "java_re" with MS VC++ 10.0 (VS2010)

time: Sat Aug 27 17:32:57 2016
elapsed time: 4 seconds (0d 0h 0m 4s)

